<?xml version="1.0" encoding="UTF-8"?>
<coverage generated="1548588329365" clover="3.2.0">
  <project timestamp="1548588329365" name="All files">
    <metrics statements="106" coveredstatements="78" conditionals="8" coveredconditionals="8" methods="34" coveredmethods="8" elements="148" coveredelements="94" complexity="0" loc="106" ncloc="106" packages="5" files="8" classes="8">
      <package name="auth.strategies">
        <metrics statements="54" coveredstatements="53" conditionals="8" coveredconditionals="8" methods="8" coveredmethods="8"/>
        <file name="google.strategy.ts" path="/home/alex/PhpstormProjects/astra-storage/API/src/components/auth/strategies/google.strategy.ts">
          <metrics statements="15" coveredstatements="14" conditionals="2" coveredconditionals="2" methods="2" coveredmethods="2"/>
          <line num="1" count="1" type="stmt"/>
          <line num="2" count="1" type="stmt"/>
          <line num="3" count="1" type="stmt"/>
          <line num="4" count="1" type="stmt"/>
          <line num="5" count="1" type="stmt"/>
          <line num="8" count="1" type="stmt"/>
          <line num="10" count="4" type="stmt"/>
          <line num="12" count="4" type="stmt"/>
          <line num="22" count="4" type="stmt"/>
          <line num="23" count="4" type="stmt"/>
          <line num="25" count="4" type="cond" truecount="2" falsecount="0"/>
          <line num="26" count="2" type="stmt"/>
          <line num="29" count="2" type="stmt"/>
          <line num="36" count="2" type="stmt"/>
          <line num="38" count="0" type="stmt"/>
        </file>
        <file name="jwt-project-account.strategy.ts" path="/home/alex/PhpstormProjects/astra-storage/API/src/components/auth/strategies/jwt-project-account.strategy.ts">
          <metrics statements="13" coveredstatements="13" conditionals="2" coveredconditionals="2" methods="2" coveredmethods="2"/>
          <line num="1" count="1" type="stmt"/>
          <line num="2" count="1" type="stmt"/>
          <line num="3" count="1" type="stmt"/>
          <line num="4" count="1" type="stmt"/>
          <line num="5" count="1" type="stmt"/>
          <line num="8" count="1" type="stmt"/>
          <line num="9" count="4" type="stmt"/>
          <line num="10" count="4" type="stmt"/>
          <line num="18" count="4" type="stmt"/>
          <line num="19" count="4" type="cond" truecount="2" falsecount="0"/>
          <line num="20" count="1" type="stmt"/>
          <line num="22" count="3" type="stmt"/>
          <line num="23" count="3" type="stmt"/>
        </file>
        <file name="jwt-project.strategy.ts" path="/home/alex/PhpstormProjects/astra-storage/API/src/components/auth/strategies/jwt-project.strategy.ts">
          <metrics statements="13" coveredstatements="13" conditionals="2" coveredconditionals="2" methods="2" coveredmethods="2"/>
          <line num="1" count="1" type="stmt"/>
          <line num="2" count="1" type="stmt"/>
          <line num="3" count="1" type="stmt"/>
          <line num="4" count="1" type="stmt"/>
          <line num="5" count="1" type="stmt"/>
          <line num="8" count="1" type="stmt"/>
          <line num="9" count="4" type="stmt"/>
          <line num="10" count="4" type="stmt"/>
          <line num="18" count="4" type="stmt"/>
          <line num="19" count="4" type="cond" truecount="2" falsecount="0"/>
          <line num="20" count="1" type="stmt"/>
          <line num="22" count="3" type="stmt"/>
          <line num="23" count="3" type="stmt"/>
        </file>
        <file name="jwt.strategy.ts" path="/home/alex/PhpstormProjects/astra-storage/API/src/components/auth/strategies/jwt.strategy.ts">
          <metrics statements="13" coveredstatements="13" conditionals="2" coveredconditionals="2" methods="2" coveredmethods="2"/>
          <line num="1" count="1" type="stmt"/>
          <line num="2" count="1" type="stmt"/>
          <line num="3" count="1" type="stmt"/>
          <line num="4" count="1" type="stmt"/>
          <line num="5" count="1" type="stmt"/>
          <line num="6" count="1" type="stmt"/>
          <line num="9" count="1" type="stmt"/>
          <line num="10" count="3" type="stmt"/>
          <line num="11" count="3" type="stmt"/>
          <line num="18" count="3" type="stmt"/>
          <line num="19" count="3" type="cond" truecount="2" falsecount="0"/>
          <line num="20" count="1" type="stmt"/>
          <line num="22" count="2" type="stmt"/>
        </file>
      </package>
      <package name="auth.tests">
        <metrics statements="6" coveredstatements="6" conditionals="0" coveredconditionals="0" methods="0" coveredmethods="0"/>
        <file name="mocks.ts" path="/home/alex/PhpstormProjects/astra-storage/API/src/components/auth/tests/mocks.ts">
          <metrics statements="6" coveredstatements="6" conditionals="0" coveredconditionals="0" methods="0" coveredmethods="0"/>
          <line num="1" count="4" type="stmt"/>
          <line num="7" count="4" type="stmt"/>
          <line num="11" count="4" type="stmt"/>
          <line num="19" count="4" type="stmt"/>
          <line num="30" count="4" type="stmt"/>
          <line num="34" count="4" type="stmt"/>
        </file>
      </package>
      <package name="project-accounts">
        <metrics statements="14" coveredstatements="6" conditionals="0" coveredconditionals="0" methods="7" coveredmethods="0"/>
        <file name="project-accounts.service.ts" path="/home/alex/PhpstormProjects/astra-storage/API/src/components/project-accounts/project-accounts.service.ts">
          <metrics statements="14" coveredstatements="6" conditionals="0" coveredconditionals="0" methods="7" coveredmethods="0"/>
          <line num="1" count="1" type="stmt"/>
          <line num="2" count="1" type="stmt"/>
          <line num="3" count="1" type="stmt"/>
          <line num="4" count="1" type="stmt"/>
          <line num="8" count="1" type="stmt"/>
          <line num="11" count="1" type="stmt"/>
          <line num="14" count="0" type="stmt"/>
          <line num="20" count="0" type="stmt"/>
          <line num="26" count="0" type="stmt"/>
          <line num="27" count="0" type="stmt"/>
          <line num="33" count="0" type="stmt"/>
          <line num="39" count="0" type="stmt"/>
          <line num="45" count="0" type="stmt"/>
          <line num="51" count="0" type="stmt"/>
        </file>
      </package>
      <package name="projects">
        <metrics statements="14" coveredstatements="7" conditionals="0" coveredconditionals="0" methods="7" coveredmethods="0"/>
        <file name="projects.service.ts" path="/home/alex/PhpstormProjects/astra-storage/API/src/components/projects/projects.service.ts">
          <metrics statements="14" coveredstatements="7" conditionals="0" coveredconditionals="0" methods="7" coveredmethods="0"/>
          <line num="1" count="1" type="stmt"/>
          <line num="2" count="1" type="stmt"/>
          <line num="3" count="1" type="stmt"/>
          <line num="4" count="1" type="stmt"/>
          <line num="5" count="1" type="stmt"/>
          <line num="9" count="1" type="stmt"/>
          <line num="12" count="1" type="stmt"/>
          <line num="15" count="0" type="stmt"/>
          <line num="21" count="0" type="stmt"/>
          <line num="27" count="0" type="stmt"/>
          <line num="33" count="0" type="stmt"/>
          <line num="39" count="0" type="stmt"/>
          <line num="45" count="0" type="stmt"/>
          <line num="51" count="0" type="stmt"/>
        </file>
      </package>
      <package name="users">
        <metrics statements="18" coveredstatements="6" conditionals="0" coveredconditionals="0" methods="12" coveredmethods="0"/>
        <file name="users.service.ts" path="/home/alex/PhpstormProjects/astra-storage/API/src/components/users/users.service.ts">
          <metrics statements="18" coveredstatements="6" conditionals="0" coveredconditionals="0" methods="12" coveredmethods="0"/>
          <line num="1" count="2" type="stmt"/>
          <line num="2" count="2" type="stmt"/>
          <line num="3" count="2" type="stmt"/>
          <line num="16" count="2" type="stmt"/>
          <line num="19" count="2" type="stmt"/>
          <line num="22" count="2" type="stmt"/>
          <line num="25" count="0" type="stmt"/>
          <line num="31" count="0" type="stmt"/>
          <line num="37" count="0" type="stmt"/>
          <line num="43" count="0" type="stmt"/>
          <line num="49" count="0" type="stmt"/>
          <line num="55" count="0" type="stmt"/>
          <line num="61" count="0" type="stmt"/>
          <line num="67" count="0" type="stmt"/>
          <line num="73" count="0" type="stmt"/>
          <line num="79" count="0" type="stmt"/>
          <line num="85" count="0" type="stmt"/>
          <line num="91" count="0" type="stmt"/>
        </file>
      </package>
    </metrics>
  </project>
</coverage>
