{"/home/alex/PhpstormProjects/astra-storage/API/src/components/auth/strategies/google.strategy.ts": {"path":"/home/alex/PhpstormProjects/astra-storage/API/src/components/auth/strategies/google.strategy.ts","statementMap":{"0":{"start":{"line":1,"column":0},"end":{"line":1,"column":49}},"1":{"start":{"line":2,"column":0},"end":{"line":2,"column":48}},"2":{"start":{"line":3,"column":0},"end":{"line":3,"column":96}},"3":{"start":{"line":4,"column":0},"end":{"line":4,"column":41}},"4":{"start":{"line":5,"column":0},"end":{"line":5,"column":54}},"5":{"start":{"line":8,"column":0},"end":{"line":42,"column":1}},"6":{"start":{"line":12,"column":4},"end":{"line":18,"column":7}},"7":{"start":{"line":10,"column":21},"end":{"line":10,"column":47}},"8":{"start":{"line":22,"column":4},"end":{"line":39,"column":5}},"9":{"start":{"line":23,"column":19},"end":{"line":23,"column":72}},"10":{"start":{"line":25,"column":6},"end":{"line":27,"column":7}},"11":{"start":{"line":26,"column":8},"end":{"line":26,"column":32}},"12":{"start":{"line":29,"column":22},"end":{"line":34,"column":8}},"13":{"start":{"line":36,"column":6},"end":{"line":36,"column":33}},"14":{"start":{"line":38,"column":6},"end":{"line":38,"column":21}},"15":{"start":{"line":8,"column":13},"end":{"line":42,"column":1}},"16":{"start":{"line":8,"column":13},"end":{"line":8,"column":27}}},"fnMap":{"0":{"name":"(anonymous_8)","decl":{"start":{"line":9,"column":2},"end":{"line":10,"column":20}},"loc":{"start":{"line":10,"column":47},"end":{"line":19,"column":3}}},"1":{"name":"(anonymous_9)","decl":{"start":{"line":21,"column":8},"end":{"line":21,"column":15}},"loc":{"start":{"line":21,"column":102},"end":{"line":40,"column":3}}}},"branchMap":{"0":{"loc":{"start":{"line":25,"column":6},"end":{"line":27,"column":7}},"type":"if","locations":[{"start":{"line":25,"column":6},"end":{"line":27,"column":7}},{"start":{"line":25,"column":6},"end":{"line":27,"column":7}}]}},"s":{"0":1,"1":1,"2":1,"3":1,"4":1,"5":1,"6":4,"7":4,"8":4,"9":4,"10":4,"11":2,"12":2,"13":2,"14":0,"15":1,"16":1},"f":{"0":4,"1":4},"b":{"0":[2,2]}}
,"/home/alex/PhpstormProjects/astra-storage/API/src/components/auth/strategies/jwt-project-account.strategy.ts": {"path":"/home/alex/PhpstormProjects/astra-storage/API/src/components/auth/strategies/jwt-project-account.strategy.ts","statementMap":{"0":{"start":{"line":1,"column":0},"end":{"line":1,"column":64}},"1":{"start":{"line":2,"column":0},"end":{"line":2,"column":49}},"2":{"start":{"line":3,"column":0},"end":{"line":3,"column":49}},"3":{"start":{"line":4,"column":0},"end":{"line":4,"column":93}},"4":{"start":{"line":5,"column":0},"end":{"line":5,"column":86}},"5":{"start":{"line":8,"column":0},"end":{"line":25,"column":1}},"6":{"start":{"line":10,"column":4},"end":{"line":14,"column":7}},"7":{"start":{"line":9,"column":33},"end":{"line":9,"column":79}},"8":{"start":{"line":18,"column":27},"end":{"line":18,"column":126}},"9":{"start":{"line":19,"column":4},"end":{"line":21,"column":5}},"10":{"start":{"line":20,"column":6},"end":{"line":20,"column":62}},"11":{"start":{"line":22,"column":4},"end":{"line":22,"column":40}},"12":{"start":{"line":23,"column":4},"end":{"line":23,"column":26}},"13":{"start":{"line":8,"column":13},"end":{"line":25,"column":1}},"14":{"start":{"line":8,"column":13},"end":{"line":8,"column":38}}},"fnMap":{"0":{"name":"(anonymous_8)","decl":{"start":{"line":9,"column":4},"end":{"line":9,"column":32}},"loc":{"start":{"line":9,"column":79},"end":{"line":15,"column":3}}},"1":{"name":"(anonymous_9)","decl":{"start":{"line":17,"column":8},"end":{"line":17,"column":15}},"loc":{"start":{"line":17,"column":60},"end":{"line":24,"column":3}}}},"branchMap":{"0":{"loc":{"start":{"line":19,"column":4},"end":{"line":21,"column":5}},"type":"if","locations":[{"start":{"line":19,"column":4},"end":{"line":21,"column":5}},{"start":{"line":19,"column":4},"end":{"line":21,"column":5}}]}},"s":{"0":1,"1":1,"2":1,"3":1,"4":1,"5":1,"6":4,"7":4,"8":4,"9":4,"10":1,"11":3,"12":3,"13":1,"14":1},"f":{"0":4,"1":4},"b":{"0":[1,3]}}
,"/home/alex/PhpstormProjects/astra-storage/API/src/components/auth/strategies/jwt-project.strategy.ts": {"path":"/home/alex/PhpstormProjects/astra-storage/API/src/components/auth/strategies/jwt-project.strategy.ts","statementMap":{"0":{"start":{"line":1,"column":0},"end":{"line":1,"column":64}},"1":{"start":{"line":2,"column":0},"end":{"line":2,"column":49}},"2":{"start":{"line":3,"column":0},"end":{"line":3,"column":49}},"3":{"start":{"line":4,"column":0},"end":{"line":4,"column":81}},"4":{"start":{"line":5,"column":0},"end":{"line":5,"column":63}},"5":{"start":{"line":8,"column":0},"end":{"line":25,"column":1}},"6":{"start":{"line":10,"column":4},"end":{"line":14,"column":7}},"7":{"start":{"line":9,"column":31},"end":{"line":9,"column":63}},"8":{"start":{"line":18,"column":20},"end":{"line":18,"column":106}},"9":{"start":{"line":19,"column":4},"end":{"line":21,"column":5}},"10":{"start":{"line":20,"column":6},"end":{"line":20,"column":62}},"11":{"start":{"line":22,"column":4},"end":{"line":22,"column":26}},"12":{"start":{"line":23,"column":4},"end":{"line":23,"column":19}},"13":{"start":{"line":8,"column":13},"end":{"line":25,"column":1}},"14":{"start":{"line":8,"column":13},"end":{"line":8,"column":31}}},"fnMap":{"0":{"name":"(anonymous_8)","decl":{"start":{"line":9,"column":2},"end":{"line":9,"column":30}},"loc":{"start":{"line":9,"column":63},"end":{"line":15,"column":3}}},"1":{"name":"(anonymous_9)","decl":{"start":{"line":17,"column":8},"end":{"line":17,"column":15}},"loc":{"start":{"line":17,"column":53},"end":{"line":24,"column":3}}}},"branchMap":{"0":{"loc":{"start":{"line":19,"column":4},"end":{"line":21,"column":5}},"type":"if","locations":[{"start":{"line":19,"column":4},"end":{"line":21,"column":5}},{"start":{"line":19,"column":4},"end":{"line":21,"column":5}}]}},"s":{"0":1,"1":1,"2":1,"3":1,"4":1,"5":1,"6":4,"7":4,"8":4,"9":4,"10":1,"11":3,"12":3,"13":1,"14":1},"f":{"0":4,"1":4},"b":{"0":[1,3]}}
,"/home/alex/PhpstormProjects/astra-storage/API/src/components/auth/strategies/jwt.strategy.ts": {"path":"/home/alex/PhpstormProjects/astra-storage/API/src/components/auth/strategies/jwt.strategy.ts","statementMap":{"0":{"start":{"line":1,"column":0},"end":{"line":1,"column":64}},"1":{"start":{"line":2,"column":0},"end":{"line":2,"column":49}},"2":{"start":{"line":3,"column":0},"end":{"line":3,"column":49}},"3":{"start":{"line":4,"column":0},"end":{"line":4,"column":56}},"4":{"start":{"line":5,"column":0},"end":{"line":5,"column":49}},"5":{"start":{"line":6,"column":0},"end":{"line":6,"column":54}},"6":{"start":{"line":9,"column":0},"end":{"line":24,"column":1}},"7":{"start":{"line":11,"column":4},"end":{"line":14,"column":7}},"8":{"start":{"line":10,"column":31},"end":{"line":10,"column":57}},"9":{"start":{"line":18,"column":17},"end":{"line":18,"column":70}},"10":{"start":{"line":19,"column":4},"end":{"line":21,"column":5}},"11":{"start":{"line":20,"column":6},"end":{"line":20,"column":62}},"12":{"start":{"line":22,"column":4},"end":{"line":22,"column":16}},"13":{"start":{"line":9,"column":13},"end":{"line":24,"column":1}},"14":{"start":{"line":9,"column":13},"end":{"line":9,"column":24}}},"fnMap":{"0":{"name":"(anonymous_8)","decl":{"start":{"line":10,"column":2},"end":{"line":10,"column":30}},"loc":{"start":{"line":10,"column":57},"end":{"line":15,"column":3}}},"1":{"name":"(anonymous_9)","decl":{"start":{"line":17,"column":8},"end":{"line":17,"column":15}},"loc":{"start":{"line":17,"column":40},"end":{"line":23,"column":3}}}},"branchMap":{"0":{"loc":{"start":{"line":19,"column":4},"end":{"line":21,"column":5}},"type":"if","locations":[{"start":{"line":19,"column":4},"end":{"line":21,"column":5}},{"start":{"line":19,"column":4},"end":{"line":21,"column":5}}]}},"s":{"0":1,"1":1,"2":1,"3":1,"4":1,"5":1,"6":1,"7":3,"8":3,"9":3,"10":3,"11":1,"12":2,"13":1,"14":1},"f":{"0":3,"1":3},"b":{"0":[1,2]}}
,"/home/alex/PhpstormProjects/astra-storage/API/src/components/auth/tests/mocks.ts": {"path":"/home/alex/PhpstormProjects/astra-storage/API/src/components/auth/tests/mocks.ts","statementMap":{"0":{"start":{"line":1,"column":13},"end":{"line":5,"column":2}},"1":{"start":{"line":7,"column":13},"end":{"line":9,"column":2}},"2":{"start":{"line":11,"column":13},"end":{"line":17,"column":2}},"3":{"start":{"line":19,"column":13},"end":{"line":28,"column":2}},"4":{"start":{"line":30,"column":13},"end":{"line":32,"column":2}},"5":{"start":{"line":34,"column":13},"end":{"line":41,"column":2}}},"fnMap":{},"branchMap":{},"s":{"0":4,"1":4,"2":4,"3":4,"4":4,"5":4},"f":{},"b":{}}
,"/home/alex/PhpstormProjects/astra-storage/API/src/components/project-accounts/project-accounts.service.ts": {"path":"/home/alex/PhpstormProjects/astra-storage/API/src/components/project-accounts/project-accounts.service.ts","statementMap":{"0":{"start":{"line":1,"column":0},"end":{"line":1,"column":41}},"1":{"start":{"line":2,"column":0},"end":{"line":2,"column":57}},"2":{"start":{"line":3,"column":0},"end":{"line":3,"column":57}},"3":{"start":{"line":4,"column":0},"end":{"line":4,"column":73}},"4":{"start":{"line":8,"column":0},"end":{"line":56,"column":1}},"5":{"start":{"line":14,"column":8},"end":{"line":16,"column":25}},"6":{"start":{"line":20,"column":8},"end":{"line":22,"column":25}},"7":{"start":{"line":26,"column":6},"end":{"line":26,"column":34}},"8":{"start":{"line":27,"column":8},"end":{"line":29,"column":25}},"9":{"start":{"line":33,"column":8},"end":{"line":35,"column":23}},"10":{"start":{"line":39,"column":8},"end":{"line":41,"column":23}},"11":{"start":{"line":45,"column":8},"end":{"line":47,"column":25}},"12":{"start":{"line":51,"column":8},"end":{"line":53,"column":25}},"13":{"start":{"line":11,"column":4},"end":{"line":11,"column":41}},"14":{"start":{"line":8,"column":13},"end":{"line":56,"column":1}},"15":{"start":{"line":8,"column":13},"end":{"line":8,"column":35}}},"fnMap":{"0":{"name":"(anonymous_8)","decl":{"start":{"line":13,"column":10},"end":{"line":13,"column":17}},"loc":{"start":{"line":13,"column":52},"end":{"line":17,"column":5}}},"1":{"name":"(anonymous_10)","decl":{"start":{"line":19,"column":10},"end":{"line":19,"column":16}},"loc":{"start":{"line":19,"column":70},"end":{"line":23,"column":5}}},"2":{"name":"(anonymous_12)","decl":{"start":{"line":25,"column":10},"end":{"line":25,"column":22}},"loc":{"start":{"line":25,"column":34},"end":{"line":30,"column":5}}},"3":{"name":"(anonymous_14)","decl":{"start":{"line":32,"column":10},"end":{"line":32,"column":23}},"loc":{"start":{"line":32,"column":73},"end":{"line":36,"column":5}}},"4":{"name":"(anonymous_16)","decl":{"start":{"line":38,"column":10},"end":{"line":38,"column":18}},"loc":{"start":{"line":38,"column":63},"end":{"line":42,"column":5}}},"5":{"name":"(anonymous_18)","decl":{"start":{"line":44,"column":10},"end":{"line":44,"column":18}},"loc":{"start":{"line":44,"column":65},"end":{"line":48,"column":5}}},"6":{"name":"(anonymous_20)","decl":{"start":{"line":50,"column":10},"end":{"line":50,"column":25}},"loc":{"start":{"line":50,"column":37},"end":{"line":54,"column":5}}}},"branchMap":{},"s":{"0":1,"1":1,"2":1,"3":1,"4":1,"5":0,"6":0,"7":0,"8":0,"9":0,"10":0,"11":0,"12":0,"13":1,"14":1,"15":1},"f":{"0":0,"1":0,"2":0,"3":0,"4":0,"5":0,"6":0},"b":{}}
,"/home/alex/PhpstormProjects/astra-storage/API/src/components/projects/projects.service.ts": {"path":"/home/alex/PhpstormProjects/astra-storage/API/src/components/projects/projects.service.ts","statementMap":{"0":{"start":{"line":1,"column":0},"end":{"line":1,"column":41}},"1":{"start":{"line":2,"column":0},"end":{"line":2,"column":49}},"2":{"start":{"line":3,"column":0},"end":{"line":3,"column":46}},"3":{"start":{"line":4,"column":0},"end":{"line":4,"column":57}},"4":{"start":{"line":5,"column":0},"end":{"line":5,"column":66}},"5":{"start":{"line":9,"column":0},"end":{"line":55,"column":1}},"6":{"start":{"line":15,"column":8},"end":{"line":17,"column":25}},"7":{"start":{"line":21,"column":8},"end":{"line":23,"column":25}},"8":{"start":{"line":27,"column":8},"end":{"line":29,"column":25}},"9":{"start":{"line":33,"column":8},"end":{"line":35,"column":23}},"10":{"start":{"line":39,"column":8},"end":{"line":41,"column":25}},"11":{"start":{"line":45,"column":8},"end":{"line":47,"column":25}},"12":{"start":{"line":51,"column":8},"end":{"line":53,"column":25}},"13":{"start":{"line":12,"column":4},"end":{"line":12,"column":41}},"14":{"start":{"line":9,"column":13},"end":{"line":55,"column":1}},"15":{"start":{"line":9,"column":13},"end":{"line":9,"column":28}}},"fnMap":{"0":{"name":"(anonymous_8)","decl":{"start":{"line":14,"column":10},"end":{"line":14,"column":16}},"loc":{"start":{"line":14,"column":17},"end":{"line":18,"column":5}}},"1":{"name":"(anonymous_10)","decl":{"start":{"line":20,"column":10},"end":{"line":20,"column":23}},"loc":{"start":{"line":20,"column":39},"end":{"line":24,"column":5}}},"2":{"name":"(anonymous_12)","decl":{"start":{"line":26,"column":10},"end":{"line":26,"column":16}},"loc":{"start":{"line":26,"column":44},"end":{"line":30,"column":5}}},"3":{"name":"(anonymous_14)","decl":{"start":{"line":32,"column":10},"end":{"line":32,"column":28}},"loc":{"start":{"line":32,"column":68},"end":{"line":36,"column":5}}},"4":{"name":"(anonymous_16)","decl":{"start":{"line":38,"column":10},"end":{"line":38,"column":18}},"loc":{"start":{"line":38,"column":57},"end":{"line":42,"column":5}}},"5":{"name":"(anonymous_18)","decl":{"start":{"line":44,"column":10},"end":{"line":44,"column":18}},"loc":{"start":{"line":44,"column":69},"end":{"line":48,"column":5}}},"6":{"name":"(anonymous_20)","decl":{"start":{"line":50,"column":10},"end":{"line":50,"column":18}},"loc":{"start":{"line":50,"column":46},"end":{"line":54,"column":5}}}},"branchMap":{},"s":{"0":1,"1":1,"2":1,"3":1,"4":1,"5":1,"6":0,"7":0,"8":0,"9":0,"10":0,"11":0,"12":0,"13":1,"14":1,"15":1},"f":{"0":0,"1":0,"2":0,"3":0,"4":0,"5":0,"6":0},"b":{}}
,"/home/alex/PhpstormProjects/astra-storage/API/src/components/users/users.service.ts": {"path":"/home/alex/PhpstormProjects/astra-storage/API/src/components/users/users.service.ts","statementMap":{"0":{"start":{"line":1,"column":0},"end":{"line":1,"column":41}},"1":{"start":{"line":2,"column":0},"end":{"line":2,"column":57}},"2":{"start":{"line":3,"column":0},"end":{"line":7,"column":22}},"3":{"start":{"line":16,"column":0},"end":{"line":16,"column":57}},"4":{"start":{"line":19,"column":0},"end":{"line":96,"column":1}},"5":{"start":{"line":25,"column":7},"end":{"line":27,"column":24}},"6":{"start":{"line":31,"column":8},"end":{"line":33,"column":25}},"7":{"start":{"line":37,"column":8},"end":{"line":39,"column":23}},"8":{"start":{"line":43,"column":8},"end":{"line":45,"column":25}},"9":{"start":{"line":49,"column":8},"end":{"line":51,"column":25}},"10":{"start":{"line":55,"column":8},"end":{"line":57,"column":25}},"11":{"start":{"line":61,"column":8},"end":{"line":63,"column":25}},"12":{"start":{"line":67,"column":8},"end":{"line":69,"column":25}},"13":{"start":{"line":73,"column":4},"end":{"line":75,"column":19}},"14":{"start":{"line":79,"column":4},"end":{"line":81,"column":19}},"15":{"start":{"line":85,"column":4},"end":{"line":87,"column":19}},"16":{"start":{"line":91,"column":4},"end":{"line":93,"column":19}},"17":{"start":{"line":22,"column":4},"end":{"line":22,"column":41}},"18":{"start":{"line":19,"column":13},"end":{"line":96,"column":1}},"19":{"start":{"line":19,"column":13},"end":{"line":19,"column":25}}},"fnMap":{"0":{"name":"(anonymous_8)","decl":{"start":{"line":24,"column":4},"end":{"line":24,"column":11}},"loc":{"start":{"line":24,"column":34},"end":{"line":28,"column":5}}},"1":{"name":"(anonymous_9)","decl":{"start":{"line":30,"column":4},"end":{"line":30,"column":10}},"loc":{"start":{"line":30,"column":28},"end":{"line":34,"column":5}}},"2":{"name":"(anonymous_10)","decl":{"start":{"line":36,"column":4},"end":{"line":36,"column":17}},"loc":{"start":{"line":36,"column":32},"end":{"line":40,"column":5}}},"3":{"name":"(anonymous_11)","decl":{"start":{"line":42,"column":4},"end":{"line":42,"column":20}},"loc":{"start":{"line":42,"column":38},"end":{"line":46,"column":5}}},"4":{"name":"(anonymous_12)","decl":{"start":{"line":48,"column":4},"end":{"line":48,"column":12}},"loc":{"start":{"line":48,"column":32},"end":{"line":52,"column":5}}},"5":{"name":"(anonymous_13)","decl":{"start":{"line":54,"column":4},"end":{"line":54,"column":20}},"loc":{"start":{"line":54,"column":48},"end":{"line":58,"column":5}}},"6":{"name":"(anonymous_14)","decl":{"start":{"line":60,"column":4},"end":{"line":60,"column":12}},"loc":{"start":{"line":60,"column":32},"end":{"line":64,"column":5}}},"7":{"name":"(anonymous_15)","decl":{"start":{"line":66,"column":4},"end":{"line":66,"column":12}},"loc":{"start":{"line":66,"column":32},"end":{"line":70,"column":5}}},"8":{"name":"(anonymous_16)","decl":{"start":{"line":72,"column":8},"end":{"line":72,"column":20}},"loc":{"start":{"line":72,"column":35},"end":{"line":76,"column":3}}},"9":{"name":"(anonymous_18)","decl":{"start":{"line":78,"column":8},"end":{"line":78,"column":30}},"loc":{"start":{"line":78,"column":44},"end":{"line":82,"column":3}}},"10":{"name":"(anonymous_20)","decl":{"start":{"line":84,"column":8},"end":{"line":84,"column":21}},"loc":{"start":{"line":84,"column":60},"end":{"line":88,"column":3}}},"11":{"name":"(anonymous_22)","decl":{"start":{"line":90,"column":8},"end":{"line":90,"column":21}},"loc":{"start":{"line":90,"column":79},"end":{"line":94,"column":3}}}},"branchMap":{},"s":{"0":2,"1":2,"2":2,"3":2,"4":2,"5":0,"6":0,"7":0,"8":0,"9":0,"10":0,"11":0,"12":0,"13":0,"14":0,"15":0,"16":0,"17":2,"18":2,"19":2},"f":{"0":0,"1":0,"2":0,"3":0,"4":0,"5":0,"6":0,"7":0,"8":0,"9":0,"10":0,"11":0},"b":{}}
}
