TN:
SF:/home/alex/PhpstormProjects/astra-storage/API/src/components/auth/strategies/google.strategy.ts
FN:9,(anonymous_8)
FN:21,(anonymous_9)
FNF:2
FNH:2
FNDA:4,(anonymous_8)
FNDA:4,(anonymous_9)
DA:1,1
DA:2,1
DA:3,1
DA:4,1
DA:5,1
DA:8,1
DA:10,4
DA:12,4
DA:22,4
DA:23,4
DA:25,4
DA:26,2
DA:29,2
DA:36,2
DA:38,0
LF:15
LH:14
BRDA:25,0,0,2
BRDA:25,0,1,2
BRF:2
BRH:2
end_of_record
TN:
SF:/home/alex/PhpstormProjects/astra-storage/API/src/components/auth/strategies/jwt-project-account.strategy.ts
FN:9,(anonymous_8)
FN:17,(anonymous_9)
FNF:2
FNH:2
FNDA:4,(anonymous_8)
FNDA:4,(anonymous_9)
DA:1,1
DA:2,1
DA:3,1
DA:4,1
DA:5,1
DA:8,1
DA:9,4
DA:10,4
DA:18,4
DA:19,4
DA:20,1
DA:22,3
DA:23,3
LF:13
LH:13
BRDA:19,0,0,1
BRDA:19,0,1,3
BRF:2
BRH:2
end_of_record
TN:
SF:/home/alex/PhpstormProjects/astra-storage/API/src/components/auth/strategies/jwt-project.strategy.ts
FN:9,(anonymous_8)
FN:17,(anonymous_9)
FNF:2
FNH:2
FNDA:4,(anonymous_8)
FNDA:4,(anonymous_9)
DA:1,1
DA:2,1
DA:3,1
DA:4,1
DA:5,1
DA:8,1
DA:9,4
DA:10,4
DA:18,4
DA:19,4
DA:20,1
DA:22,3
DA:23,3
LF:13
LH:13
BRDA:19,0,0,1
BRDA:19,0,1,3
BRF:2
BRH:2
end_of_record
TN:
SF:/home/alex/PhpstormProjects/astra-storage/API/src/components/auth/strategies/jwt.strategy.ts
FN:10,(anonymous_8)
FN:17,(anonymous_9)
FNF:2
FNH:2
FNDA:3,(anonymous_8)
FNDA:3,(anonymous_9)
DA:1,1
DA:2,1
DA:3,1
DA:4,1
DA:5,1
DA:6,1
DA:9,1
DA:10,3
DA:11,3
DA:18,3
DA:19,3
DA:20,1
DA:22,2
LF:13
LH:13
BRDA:19,0,0,1
BRDA:19,0,1,2
BRF:2
BRH:2
end_of_record
TN:
SF:/home/alex/PhpstormProjects/astra-storage/API/src/components/auth/tests/mocks.ts
FNF:0
FNH:0
DA:1,4
DA:7,4
DA:11,4
DA:19,4
DA:30,4
DA:34,4
LF:6
LH:6
BRF:0
BRH:0
end_of_record
TN:
SF:/home/alex/PhpstormProjects/astra-storage/API/src/components/project-accounts/project-accounts.service.ts
FN:13,(anonymous_8)
FN:19,(anonymous_10)
FN:25,(anonymous_12)
FN:32,(anonymous_14)
FN:38,(anonymous_16)
FN:44,(anonymous_18)
FN:50,(anonymous_20)
FNF:7
FNH:0
FNDA:0,(anonymous_8)
FNDA:0,(anonymous_10)
FNDA:0,(anonymous_12)
FNDA:0,(anonymous_14)
FNDA:0,(anonymous_16)
FNDA:0,(anonymous_18)
FNDA:0,(anonymous_20)
DA:1,1
DA:2,1
DA:3,1
DA:4,1
DA:8,1
DA:11,1
DA:14,0
DA:20,0
DA:26,0
DA:27,0
DA:33,0
DA:39,0
DA:45,0
DA:51,0
LF:14
LH:6
BRF:0
BRH:0
end_of_record
TN:
SF:/home/alex/PhpstormProjects/astra-storage/API/src/components/projects/projects.service.ts
FN:14,(anonymous_8)
FN:20,(anonymous_10)
FN:26,(anonymous_12)
FN:32,(anonymous_14)
FN:38,(anonymous_16)
FN:44,(anonymous_18)
FN:50,(anonymous_20)
FNF:7
FNH:0
FNDA:0,(anonymous_8)
FNDA:0,(anonymous_10)
FNDA:0,(anonymous_12)
FNDA:0,(anonymous_14)
FNDA:0,(anonymous_16)
FNDA:0,(anonymous_18)
FNDA:0,(anonymous_20)
DA:1,1
DA:2,1
DA:3,1
DA:4,1
DA:5,1
DA:9,1
DA:12,1
DA:15,0
DA:21,0
DA:27,0
DA:33,0
DA:39,0
DA:45,0
DA:51,0
LF:14
LH:7
BRF:0
BRH:0
end_of_record
TN:
SF:/home/alex/PhpstormProjects/astra-storage/API/src/components/users/users.service.old.ts
FN:24,(anonymous_8)
FN:30,(anonymous_9)
FN:36,(anonymous_10)
FN:42,(anonymous_11)
FN:48,(anonymous_12)
FN:54,(anonymous_13)
FN:60,(anonymous_14)
FN:66,(anonymous_15)
FN:72,(anonymous_16)
FN:78,(anonymous_18)
FN:84,(anonymous_20)
FN:90,(anonymous_22)
FNF:12
FNH:0
FNDA:0,(anonymous_8)
FNDA:0,(anonymous_9)
FNDA:0,(anonymous_10)
FNDA:0,(anonymous_11)
FNDA:0,(anonymous_12)
FNDA:0,(anonymous_13)
FNDA:0,(anonymous_14)
FNDA:0,(anonymous_15)
FNDA:0,(anonymous_16)
FNDA:0,(anonymous_18)
FNDA:0,(anonymous_20)
FNDA:0,(anonymous_22)
DA:1,2
DA:2,2
DA:3,2
DA:16,2
DA:19,2
DA:22,2
DA:25,0
DA:31,0
DA:37,0
DA:43,0
DA:49,0
DA:55,0
DA:61,0
DA:67,0
DA:73,0
DA:79,0
DA:85,0
DA:91,0
LF:18
LH:6
BRF:0
BRH:0
end_of_record
