TN:
SF:/home/alex/PhpstormProjects/astra-storage/DataService/src/components/storage-records/storage-record.entity.ts
FN:1,(anonymous_0)
FN:7,(anonymous_1)
FN:14,(anonymous_2)
FN:20,(anonymous_3)
FNF:4
FNH:3
FNDA:7,(anonymous_0)
FNDA:7,(anonymous_1)
FNDA:4,(anonymous_2)
FNDA:0,(anonymous_3)
DA:1,1
DA:2,7
DA:3,7
DA:4,0
DA:5,7
DA:7,1
DA:8,7
DA:13,1
DA:15,4
DA:18,1
DA:20,0
DA:23,1
DA:28,1
DA:33,1
DA:37,1
DA:42,1
DA:46,1
LF:17
LH:15
BRDA:1,0,0,1
BRDA:1,0,1,0
BRDA:1,0,2,1
BRDA:2,1,0,1
BRDA:2,1,1,6
BRDA:2,2,0,0
BRDA:2,2,1,6
BRDA:3,3,0,7
BRDA:3,3,1,0
BRDA:3,4,0,7
BRDA:3,4,1,7
BRDA:4,5,0,0
BRDA:4,5,1,0
BRDA:4,6,0,0
BRDA:4,6,1,0
BRDA:4,7,0,0
BRDA:4,7,1,0
BRDA:4,8,0,0
BRDA:4,8,1,0
BRDA:5,9,0,7
BRDA:5,9,1,6
BRDA:5,9,2,0
BRDA:7,10,0,1
BRDA:7,10,1,0
BRDA:7,10,2,1
BRDA:8,11,0,7
BRDA:8,11,1,0
BRDA:8,12,0,7
BRDA:8,12,1,7
BRDA:21,13,0,1
BRDA:21,13,1,0
BRDA:21,13,2,1
BRDA:21,14,0,1
BRDA:21,14,1,0
BRDA:48,15,0,1
BRDA:48,15,1,0
BRDA:48,15,2,1
BRDA:48,16,0,1
BRDA:48,16,1,0
BRF:39
BRH:21
end_of_record
TN:
SF:/home/alex/PhpstormProjects/astra-storage/DataService/src/components/storage-records/storage-records.repository.ts
FN:1,(anonymous_0)
FN:7,(anonymous_1)
FN:8,(anonymous_2)
FN:9,fulfilled
FN:10,rejected
FN:11,step
FN:11,(anonymous_6)
FN:19,(anonymous_7)
FN:20,(anonymous_8)
FN:24,(anonymous_9)
FN:25,(anonymous_10)
FN:39,(anonymous_11)
FN:40,(anonymous_12)
FN:44,(anonymous_13)
FN:45,(anonymous_14)
FN:50,(anonymous_15)
FN:51,(anonymous_16)
FNF:17
FNH:1
FNDA:1,(anonymous_0)
FNDA:0,(anonymous_1)
FNDA:0,(anonymous_2)
FNDA:0,fulfilled
FNDA:0,rejected
FNDA:0,step
FNDA:0,(anonymous_6)
FNDA:0,(anonymous_7)
FNDA:0,(anonymous_8)
FNDA:0,(anonymous_9)
FNDA:0,(anonymous_10)
FNDA:0,(anonymous_11)
FNDA:0,(anonymous_12)
FNDA:0,(anonymous_13)
FNDA:0,(anonymous_14)
FNDA:0,(anonymous_15)
FNDA:0,(anonymous_16)
DA:1,1
DA:2,1
DA:3,1
DA:4,0
DA:5,1
DA:7,1
DA:8,0
DA:9,0
DA:10,0
DA:11,0
DA:12,0
DA:18,1
DA:20,0
DA:21,0
DA:25,0
DA:26,0
DA:31,0
DA:40,0
DA:41,0
DA:45,0
DA:46,0
DA:47,0
DA:51,0
DA:52,0
DA:56,1
LF:25
LH:7
BRDA:1,0,0,1
BRDA:1,0,1,0
BRDA:1,0,2,1
BRDA:2,1,0,1
BRDA:2,1,1,0
BRDA:2,2,0,0
BRDA:2,2,1,0
BRDA:3,3,0,1
BRDA:3,3,1,0
BRDA:3,4,0,1
BRDA:3,4,1,1
BRDA:4,5,0,0
BRDA:4,5,1,0
BRDA:4,6,0,0
BRDA:4,6,1,0
BRDA:4,7,0,0
BRDA:4,7,1,0
BRDA:4,8,0,0
BRDA:4,8,1,0
BRDA:5,9,0,1
BRDA:5,9,1,0
BRDA:5,9,2,0
BRDA:7,10,0,1
BRDA:7,10,1,0
BRDA:7,10,2,1
BRDA:8,11,0,0
BRDA:8,11,1,0
BRDA:11,12,0,0
BRDA:11,12,1,0
BRDA:12,13,0,0
BRDA:12,13,1,0
BRF:31
BRH:9
end_of_record
TN:
SF:/home/alex/PhpstormProjects/astra-storage/DataService/src/components/storage-records/storage-records.service.ts
FN:1,(anonymous_0)
FN:7,(anonymous_1)
FN:10,(anonymous_2)
FN:11,(anonymous_3)
FN:13,(anonymous_4)
FN:14,(anonymous_5)
FN:15,fulfilled
FN:16,rejected
FN:17,step
FN:17,(anonymous_9)
FN:21,(anonymous_10)
FN:36,(anonymous_11)
FN:39,(anonymous_12)
FN:40,(anonymous_13)
FN:44,(anonymous_14)
FN:45,(anonymous_15)
FN:53,(anonymous_16)
FN:54,(anonymous_17)
FN:58,(anonymous_18)
FN:59,(anonymous_19)
FN:63,(anonymous_20)
FN:64,(anonymous_21)
FN:68,(anonymous_22)
FN:69,(anonymous_23)
FN:74,(anonymous_24)
FN:75,(anonymous_25)
FNF:26
FNH:18
FNDA:1,(anonymous_0)
FNDA:1,(anonymous_1)
FNDA:1,(anonymous_2)
FNDA:1,(anonymous_3)
FNDA:7,(anonymous_4)
FNDA:7,(anonymous_5)
FNDA:1,fulfilled
FNDA:0,rejected
FNDA:6,step
FNDA:1,(anonymous_9)
FNDA:0,(anonymous_10)
FNDA:9,(anonymous_11)
FNDA:0,(anonymous_12)
FNDA:0,(anonymous_13)
FNDA:2,(anonymous_14)
FNDA:2,(anonymous_15)
FNDA:0,(anonymous_16)
FNDA:0,(anonymous_17)
FNDA:0,(anonymous_18)
FNDA:0,(anonymous_19)
FNDA:2,(anonymous_20)
FNDA:2,(anonymous_21)
FNDA:2,(anonymous_22)
FNDA:2,(anonymous_23)
FNDA:1,(anonymous_24)
FNDA:1,(anonymous_25)
DA:1,1
DA:2,1
DA:3,1
DA:4,0
DA:5,1
DA:7,1
DA:8,1
DA:10,1
DA:11,1
DA:13,1
DA:14,7
DA:15,1
DA:16,0
DA:17,6
DA:18,7
DA:21,1
DA:22,0
DA:23,0
DA:24,0
DA:25,0
DA:26,0
DA:27,0
DA:28,0
DA:35,1
DA:37,9
DA:40,0
DA:41,0
DA:45,2
DA:46,2
DA:47,0
DA:48,0
DA:50,0
DA:54,0
DA:55,0
DA:59,0
DA:60,0
DA:64,2
DA:65,2
DA:69,2
DA:70,2
DA:71,2
DA:75,1
DA:76,1
DA:80,1
LF:44
LH:26
BRDA:1,0,0,1
BRDA:1,0,1,0
BRDA:1,0,2,1
BRDA:2,1,0,1
BRDA:2,1,1,0
BRDA:2,2,0,0
BRDA:2,2,1,0
BRDA:3,3,0,1
BRDA:3,3,1,0
BRDA:3,4,0,1
BRDA:3,4,1,1
BRDA:4,5,0,0
BRDA:4,5,1,0
BRDA:4,6,0,0
BRDA:4,6,1,0
BRDA:4,7,0,0
BRDA:4,7,1,0
BRDA:4,8,0,0
BRDA:4,8,1,0
BRDA:5,9,0,1
BRDA:5,9,1,0
BRDA:5,9,2,0
BRDA:7,10,0,1
BRDA:7,10,1,0
BRDA:7,10,2,1
BRDA:8,11,0,1
BRDA:8,11,1,0
BRDA:8,12,0,1
BRDA:8,12,1,1
BRDA:10,13,0,1
BRDA:10,13,1,0
BRDA:10,13,2,1
BRDA:13,14,0,1
BRDA:13,14,1,0
BRDA:13,14,2,1
BRDA:14,15,0,7
BRDA:14,15,1,7
BRDA:17,16,0,5
BRDA:17,16,1,1
BRDA:18,17,0,7
BRDA:18,17,1,7
BRDA:21,18,0,1
BRDA:21,18,1,0
BRDA:21,18,2,1
BRDA:23,19,0,0
BRDA:23,19,1,0
BRDA:23,20,0,0
BRDA:23,20,1,0
BRDA:25,21,0,0
BRDA:25,21,1,0
BRDA:25,22,0,0
BRDA:25,22,1,0
BRDA:26,23,0,0
BRDA:26,23,1,0
BRDA:46,24,0,0
BRDA:46,24,1,0
BRDA:46,25,0,2
BRDA:46,25,1,0
BRDA:83,26,0,1
BRDA:83,26,1,1
BRDA:83,26,2,0
BRDA:83,27,0,1
BRDA:83,27,1,1
BRF:63
BRH:29
end_of_record
TN:
SF:/home/alex/PhpstormProjects/astra-storage/DataService/src/components/storage-records/tests/mocks.ts
FNF:0
FNH:0
DA:2,1
DA:13,1
DA:17,1
DA:27,1
DA:31,1
DA:33,0
LF:6
LH:5
BRF:0
BRH:0
end_of_record
