TN:
SF:/home/alex/PhpstormProjects/astra-storage/ProjectsService/src/components/core/core.module.ts
FN:1,(anonymous_0)
FNF:1
FNH:1
FNDA:3,(anonymous_0)
DA:1,3
DA:2,3
DA:3,3
DA:4,0
DA:5,3
DA:9,3
DA:11,3
LF:7
LH:6
BRDA:1,0,0,3
BRDA:1,0,1,0
BRDA:1,0,2,3
BRDA:2,1,0,3
BRDA:2,1,1,0
BRDA:2,2,0,0
BRDA:2,2,1,0
BRDA:3,3,0,3
BRDA:3,3,1,0
BRDA:3,4,0,3
BRDA:3,4,1,3
BRDA:4,5,0,0
BRDA:4,5,1,0
BRDA:4,6,0,0
BRDA:4,6,1,0
BRDA:4,7,0,0
BRDA:4,7,1,0
BRDA:4,8,0,0
BRDA:4,8,1,0
BRDA:5,9,0,3
BRDA:5,9,1,0
BRDA:5,9,2,0
BRF:22
BRH:7
end_of_record
TN:
SF:/home/alex/PhpstormProjects/astra-storage/ProjectsService/src/components/project-accounts/project-account.entity.ts
FN:1,(anonymous_0)
FN:7,(anonymous_1)
FN:15,(anonymous_2)
FNF:3
FNH:3
FNDA:16,(anonymous_0)
FNDA:16,(anonymous_1)
FNDA:6,(anonymous_2)
DA:1,2
DA:2,16
DA:3,16
DA:4,0
DA:5,16
DA:7,2
DA:8,16
DA:14,2
DA:16,6
DA:17,6
DA:20,2
DA:24,2
DA:28,2
DA:34,2
DA:39,2
DA:44,2
DA:49,2
DA:54,2
LF:18
LH:17
BRDA:1,0,0,2
BRDA:1,0,1,0
BRDA:1,0,2,2
BRDA:2,1,0,2
BRDA:2,1,1,14
BRDA:2,2,0,0
BRDA:2,2,1,14
BRDA:3,3,0,16
BRDA:3,3,1,0
BRDA:3,4,0,16
BRDA:3,4,1,16
BRDA:4,5,0,0
BRDA:4,5,1,0
BRDA:4,6,0,0
BRDA:4,6,1,0
BRDA:4,7,0,0
BRDA:4,7,1,0
BRDA:4,8,0,0
BRDA:4,8,1,0
BRDA:5,9,0,16
BRDA:5,9,1,14
BRDA:5,9,2,0
BRDA:7,10,0,2
BRDA:7,10,1,0
BRDA:7,10,2,2
BRDA:8,11,0,16
BRDA:8,11,1,0
BRDA:8,12,0,16
BRDA:8,12,1,16
BRDA:52,13,0,2
BRDA:52,13,1,2
BRDA:52,13,2,0
BRDA:52,14,0,2
BRDA:52,14,1,2
BRDA:56,15,0,2
BRDA:56,15,1,0
BRDA:56,15,2,2
BRDA:56,16,0,2
BRDA:56,16,1,0
BRF:39
BRH:22
end_of_record
TN:
SF:/home/alex/PhpstormProjects/astra-storage/ProjectsService/src/components/project-accounts/project-accounts.repository.ts
FN:1,(anonymous_0)
FN:7,(anonymous_1)
FN:8,(anonymous_2)
FN:9,fulfilled
FN:10,rejected
FN:11,step
FN:11,(anonymous_6)
FN:19,(anonymous_7)
FN:20,(anonymous_8)
FN:24,(anonymous_9)
FN:25,(anonymous_10)
FN:29,(anonymous_11)
FN:30,(anonymous_12)
FN:31,(anonymous_13)
FN:35,(anonymous_14)
FN:36,(anonymous_15)
FN:40,(anonymous_16)
FN:41,(anonymous_17)
FNF:18
FNH:12
FNDA:2,(anonymous_0)
FNDA:5,(anonymous_1)
FNDA:5,(anonymous_2)
FNDA:1,fulfilled
FNDA:0,rejected
FNDA:6,step
FNDA:1,(anonymous_6)
FNDA:2,(anonymous_7)
FNDA:2,(anonymous_8)
FNDA:2,(anonymous_9)
FNDA:2,(anonymous_10)
FNDA:0,(anonymous_11)
FNDA:0,(anonymous_12)
FNDA:0,(anonymous_13)
FNDA:0,(anonymous_14)
FNDA:0,(anonymous_15)
FNDA:1,(anonymous_16)
FNDA:1,(anonymous_17)
DA:1,2
DA:2,2
DA:3,2
DA:4,0
DA:5,2
DA:7,2
DA:8,5
DA:9,1
DA:10,0
DA:11,6
DA:12,5
DA:18,2
DA:20,2
DA:21,2
DA:25,2
DA:26,2
DA:30,0
DA:31,0
DA:32,0
DA:36,0
DA:37,0
DA:41,1
DA:42,1
DA:46,2
LF:24
LH:17
BRDA:1,0,0,2
BRDA:1,0,1,0
BRDA:1,0,2,2
BRDA:2,1,0,2
BRDA:2,1,1,0
BRDA:2,2,0,0
BRDA:2,2,1,0
BRDA:3,3,0,2
BRDA:3,3,1,0
BRDA:3,4,0,2
BRDA:3,4,1,2
BRDA:4,5,0,0
BRDA:4,5,1,0
BRDA:4,6,0,0
BRDA:4,6,1,0
BRDA:4,7,0,0
BRDA:4,7,1,0
BRDA:4,8,0,0
BRDA:4,8,1,0
BRDA:5,9,0,2
BRDA:5,9,1,0
BRDA:5,9,2,0
BRDA:7,10,0,2
BRDA:7,10,1,0
BRDA:7,10,2,2
BRDA:8,11,0,5
BRDA:8,11,1,5
BRDA:11,12,0,5
BRDA:11,12,1,1
BRDA:12,13,0,5
BRDA:12,13,1,5
BRF:31
BRH:15
end_of_record
TN:
SF:/home/alex/PhpstormProjects/astra-storage/ProjectsService/src/components/project-accounts/project-accounts.service.ts
FN:1,(anonymous_0)
FN:7,(anonymous_1)
FN:10,(anonymous_2)
FN:11,(anonymous_3)
FN:13,(anonymous_4)
FN:14,(anonymous_5)
FN:15,fulfilled
FN:16,rejected
FN:17,step
FN:17,(anonymous_9)
FN:31,(anonymous_10)
FN:36,(anonymous_11)
FN:37,(anonymous_12)
FN:48,(anonymous_13)
FN:49,(anonymous_14)
FN:53,(anonymous_15)
FN:54,(anonymous_16)
FN:58,(anonymous_17)
FN:59,(anonymous_18)
FN:69,(anonymous_19)
FN:70,(anonymous_20)
FNF:21
FNH:20
FNDA:1,(anonymous_0)
FNDA:1,(anonymous_1)
FNDA:1,(anonymous_2)
FNDA:1,(anonymous_3)
FNDA:13,(anonymous_4)
FNDA:13,(anonymous_5)
FNDA:17,fulfilled
FNDA:0,rejected
FNDA:28,step
FNDA:17,(anonymous_9)
FNDA:13,(anonymous_10)
FNDA:5,(anonymous_11)
FNDA:5,(anonymous_12)
FNDA:2,(anonymous_13)
FNDA:2,(anonymous_14)
FNDA:2,(anonymous_15)
FNDA:2,(anonymous_16)
FNDA:3,(anonymous_17)
FNDA:3,(anonymous_18)
FNDA:1,(anonymous_19)
FNDA:1,(anonymous_20)
DA:1,1
DA:2,1
DA:3,1
DA:4,0
DA:5,1
DA:7,1
DA:8,1
DA:10,1
DA:11,1
DA:13,1
DA:14,13
DA:15,17
DA:16,0
DA:17,28
DA:18,13
DA:30,1
DA:32,13
DA:33,13
DA:34,13
DA:37,5
DA:38,5
DA:39,5
DA:40,1
DA:42,4
DA:43,1
DA:45,3
DA:49,2
DA:50,2
DA:54,2
DA:55,2
DA:59,3
DA:60,3
DA:61,3
DA:62,1
DA:64,2
DA:65,2
DA:66,2
DA:70,1
DA:71,1
DA:75,1
LF:40
LH:38
BRDA:1,0,0,1
BRDA:1,0,1,0
BRDA:1,0,2,1
BRDA:2,1,0,1
BRDA:2,1,1,0
BRDA:2,2,0,0
BRDA:2,2,1,0
BRDA:3,3,0,1
BRDA:3,3,1,0
BRDA:3,4,0,1
BRDA:3,4,1,1
BRDA:4,5,0,0
BRDA:4,5,1,0
BRDA:4,6,0,0
BRDA:4,6,1,0
BRDA:4,7,0,0
BRDA:4,7,1,0
BRDA:4,8,0,0
BRDA:4,8,1,0
BRDA:5,9,0,1
BRDA:5,9,1,0
BRDA:5,9,2,0
BRDA:7,10,0,1
BRDA:7,10,1,0
BRDA:7,10,2,1
BRDA:8,11,0,1
BRDA:8,11,1,0
BRDA:8,12,0,1
BRDA:8,12,1,1
BRDA:10,13,0,1
BRDA:10,13,1,0
BRDA:10,13,2,1
BRDA:13,14,0,1
BRDA:13,14,1,0
BRDA:13,14,2,1
BRDA:14,15,0,13
BRDA:14,15,1,13
BRDA:17,16,0,11
BRDA:17,16,1,17
BRDA:18,17,0,13
BRDA:18,17,1,13
BRDA:39,18,0,1
BRDA:39,18,1,4
BRDA:42,19,0,1
BRDA:42,19,1,3
BRDA:42,20,0,4
BRDA:42,20,1,1
BRDA:61,21,0,1
BRDA:61,21,1,2
BRDA:78,22,0,1
BRDA:78,22,1,1
BRDA:78,22,2,0
BRDA:78,23,0,1
BRDA:78,23,1,1
BRDA:78,24,0,1
BRDA:78,24,1,1
BRDA:78,24,2,0
BRDA:78,25,0,1
BRDA:78,25,1,1
BRDA:78,26,0,1
BRDA:78,26,1,1
BRDA:78,26,2,0
BRDA:78,27,0,1
BRDA:78,27,1,1
BRF:64
BRH:42
end_of_record
TN:
SF:/home/alex/PhpstormProjects/astra-storage/ProjectsService/src/components/project-accounts/tests/mocks.ts
FNF:0
FNH:0
DA:2,2
DA:10,2
DA:11,2
DA:21,2
LF:4
LH:4
BRF:0
BRH:0
end_of_record
TN:
SF:/home/alex/PhpstormProjects/astra-storage/ProjectsService/src/components/projects/project.entity.ts
FN:1,(anonymous_0)
FN:7,(anonymous_1)
FN:15,(anonymous_2)
FN:57,(anonymous_3)
FN:57,(anonymous_4)
FNF:5
FNH:3
FNDA:55,(anonymous_0)
FNDA:55,(anonymous_1)
FNDA:9,(anonymous_2)
FNDA:0,(anonymous_3)
FNDA:0,(anonymous_4)
DA:1,5
DA:2,55
DA:3,55
DA:4,0
DA:5,55
DA:7,5
DA:8,55
DA:14,5
DA:16,9
DA:17,9
DA:20,5
DA:24,5
DA:28,5
DA:32,5
DA:36,5
DA:40,5
DA:44,5
DA:48,5
DA:52,5
DA:56,5
DA:57,0
DA:60,5
LF:22
LH:20
BRDA:1,0,0,5
BRDA:1,0,1,0
BRDA:1,0,2,5
BRDA:2,1,0,5
BRDA:2,1,1,50
BRDA:2,2,0,0
BRDA:2,2,1,50
BRDA:3,3,0,55
BRDA:3,3,1,0
BRDA:3,4,0,55
BRDA:3,4,1,55
BRDA:4,5,0,0
BRDA:4,5,1,0
BRDA:4,6,0,0
BRDA:4,6,1,0
BRDA:4,7,0,0
BRDA:4,7,1,0
BRDA:4,8,0,0
BRDA:4,8,1,0
BRDA:5,9,0,55
BRDA:5,9,1,50
BRDA:5,9,2,0
BRDA:7,10,0,5
BRDA:7,10,1,0
BRDA:7,10,2,5
BRDA:8,11,0,55
BRDA:8,11,1,0
BRDA:8,12,0,55
BRDA:8,12,1,55
BRDA:54,13,0,5
BRDA:54,13,1,5
BRDA:54,13,2,0
BRDA:54,14,0,5
BRDA:54,14,1,5
BRDA:62,15,0,5
BRDA:62,15,1,0
BRDA:62,15,2,5
BRDA:62,16,0,5
BRDA:62,16,1,0
BRF:39
BRH:22
end_of_record
TN:
SF:/home/alex/PhpstormProjects/astra-storage/ProjectsService/src/components/projects/projects.repository.ts
FN:1,(anonymous_0)
FN:7,(anonymous_1)
FN:8,(anonymous_2)
FN:9,fulfilled
FN:10,rejected
FN:11,step
FN:11,(anonymous_6)
FN:19,(anonymous_7)
FN:20,(anonymous_8)
FN:24,(anonymous_9)
FN:25,(anonymous_10)
FN:29,(anonymous_11)
FN:30,(anonymous_12)
FN:34,(anonymous_13)
FN:35,(anonymous_14)
FN:39,(anonymous_15)
FN:40,(anonymous_16)
FN:45,(anonymous_17)
FN:46,(anonymous_18)
FN:50,(anonymous_19)
FN:51,(anonymous_20)
FN:56,(anonymous_21)
FN:57,(anonymous_22)
FNF:23
FNH:18
FNDA:5,(anonymous_0)
FNDA:14,(anonymous_1)
FNDA:14,(anonymous_2)
FNDA:10,fulfilled
FNDA:0,rejected
FNDA:24,step
FNDA:10,(anonymous_6)
FNDA:0,(anonymous_7)
FNDA:0,(anonymous_8)
FNDA:0,(anonymous_9)
FNDA:0,(anonymous_10)
FNDA:2,(anonymous_11)
FNDA:2,(anonymous_12)
FNDA:2,(anonymous_13)
FNDA:2,(anonymous_14)
FNDA:3,(anonymous_15)
FNDA:3,(anonymous_16)
FNDA:1,(anonymous_17)
FNDA:1,(anonymous_18)
FNDA:3,(anonymous_19)
FNDA:3,(anonymous_20)
FNDA:3,(anonymous_21)
FNDA:3,(anonymous_22)
DA:1,5
DA:2,5
DA:3,5
DA:4,0
DA:5,5
DA:7,5
DA:8,14
DA:9,10
DA:10,0
DA:11,24
DA:12,14
DA:18,5
DA:20,0
DA:21,0
DA:25,0
DA:26,0
DA:30,2
DA:31,2
DA:35,2
DA:36,2
DA:40,3
DA:41,3
DA:42,3
DA:46,1
DA:47,1
DA:51,3
DA:52,3
DA:53,3
DA:57,3
DA:58,3
DA:59,3
DA:63,5
LF:32
LH:26
BRDA:1,0,0,5
BRDA:1,0,1,0
BRDA:1,0,2,5
BRDA:2,1,0,5
BRDA:2,1,1,0
BRDA:2,2,0,0
BRDA:2,2,1,0
BRDA:3,3,0,5
BRDA:3,3,1,0
BRDA:3,4,0,5
BRDA:3,4,1,5
BRDA:4,5,0,0
BRDA:4,5,1,0
BRDA:4,6,0,0
BRDA:4,6,1,0
BRDA:4,7,0,0
BRDA:4,7,1,0
BRDA:4,8,0,0
BRDA:4,8,1,0
BRDA:5,9,0,5
BRDA:5,9,1,0
BRDA:5,9,2,0
BRDA:7,10,0,5
BRDA:7,10,1,0
BRDA:7,10,2,5
BRDA:8,11,0,14
BRDA:8,11,1,14
BRDA:11,12,0,14
BRDA:11,12,1,10
BRDA:12,13,0,14
BRDA:12,13,1,14
BRF:31
BRH:15
end_of_record
TN:
SF:/home/alex/PhpstormProjects/astra-storage/ProjectsService/src/components/projects/projects.service.ts
FN:1,(anonymous_0)
FN:7,(anonymous_1)
FN:10,(anonymous_2)
FN:11,(anonymous_3)
FN:13,(anonymous_4)
FN:14,(anonymous_5)
FN:15,fulfilled
FN:16,rejected
FN:17,step
FN:17,(anonymous_9)
FN:21,(anonymous_10)
FN:37,(anonymous_11)
FN:41,(anonymous_12)
FN:42,(anonymous_13)
FN:46,(anonymous_14)
FN:47,(anonymous_15)
FN:51,(anonymous_16)
FN:52,(anonymous_17)
FN:56,(anonymous_18)
FN:57,(anonymous_19)
FN:64,(anonymous_20)
FN:65,(anonymous_21)
FN:69,(anonymous_22)
FN:71,(anonymous_23)
FN:75,(anonymous_24)
FN:76,(anonymous_25)
FN:80,(anonymous_26)
FN:81,(anonymous_27)
FNF:28
FNH:27
FNDA:3,(anonymous_0)
FNDA:3,(anonymous_1)
FNDA:3,(anonymous_2)
FNDA:3,(anonymous_3)
FNDA:14,(anonymous_4)
FNDA:14,(anonymous_5)
FNDA:3,fulfilled
FNDA:0,rejected
FNDA:17,step
FNDA:3,(anonymous_9)
FNDA:2,(anonymous_10)
FNDA:14,(anonymous_11)
FNDA:2,(anonymous_12)
FNDA:2,(anonymous_13)
FNDA:3,(anonymous_14)
FNDA:3,(anonymous_15)
FNDA:2,(anonymous_16)
FNDA:2,(anonymous_17)
FNDA:1,(anonymous_18)
FNDA:1,(anonymous_19)
FNDA:1,(anonymous_20)
FNDA:1,(anonymous_21)
FNDA:2,(anonymous_22)
FNDA:2,(anonymous_23)
FNDA:1,(anonymous_24)
FNDA:1,(anonymous_25)
FNDA:2,(anonymous_26)
FNDA:2,(anonymous_27)
DA:1,3
DA:2,3
DA:3,3
DA:4,0
DA:5,3
DA:7,3
DA:8,3
DA:10,3
DA:11,3
DA:13,3
DA:14,14
DA:15,3
DA:16,0
DA:17,17
DA:18,14
DA:21,3
DA:22,2
DA:23,6
DA:24,2
DA:25,2
DA:26,2
DA:27,0
DA:28,2
DA:36,3
DA:38,14
DA:39,14
DA:42,2
DA:43,2
DA:47,3
DA:48,3
DA:52,2
DA:53,2
DA:57,1
DA:58,1
DA:59,1
DA:60,1
DA:61,1
DA:65,1
DA:66,1
DA:70,2
DA:71,2
DA:72,2
DA:76,1
DA:77,1
DA:81,2
DA:82,2
DA:86,3
LF:47
LH:44
BRDA:1,0,0,3
BRDA:1,0,1,0
BRDA:1,0,2,3
BRDA:2,1,0,3
BRDA:2,1,1,0
BRDA:2,2,0,0
BRDA:2,2,1,0
BRDA:3,3,0,3
BRDA:3,3,1,0
BRDA:3,4,0,3
BRDA:3,4,1,3
BRDA:4,5,0,0
BRDA:4,5,1,0
BRDA:4,6,0,0
BRDA:4,6,1,0
BRDA:4,7,0,0
BRDA:4,7,1,0
BRDA:4,8,0,0
BRDA:4,8,1,0
BRDA:5,9,0,3
BRDA:5,9,1,0
BRDA:5,9,2,0
BRDA:7,10,0,3
BRDA:7,10,1,0
BRDA:7,10,2,3
BRDA:8,11,0,3
BRDA:8,11,1,0
BRDA:8,12,0,3
BRDA:8,12,1,3
BRDA:10,13,0,3
BRDA:10,13,1,0
BRDA:10,13,2,3
BRDA:13,14,0,3
BRDA:13,14,1,0
BRDA:13,14,2,3
BRDA:14,15,0,14
BRDA:14,15,1,14
BRDA:17,16,0,14
BRDA:17,16,1,3
BRDA:18,17,0,14
BRDA:18,17,1,14
BRDA:21,18,0,3
BRDA:21,18,1,0
BRDA:21,18,2,3
BRDA:23,19,0,2
BRDA:23,19,1,4
BRDA:23,20,0,6
BRDA:23,20,1,6
BRDA:25,21,0,2
BRDA:25,21,1,0
BRDA:25,22,0,2
BRDA:25,22,1,2
BRDA:26,23,0,0
BRDA:26,23,1,0
BRDA:89,24,0,3
BRDA:89,24,1,3
BRDA:89,24,2,0
BRDA:89,25,0,3
BRDA:89,25,1,3
BRF:59
BRH:35
end_of_record
TN:
SF:/home/alex/PhpstormProjects/astra-storage/ProjectsService/src/components/projects/tests/mocks.ts
FNF:0
FNH:0
DA:2,4
DA:12,4
DA:13,4
DA:24,4
DA:28,4
DA:30,0
LF:6
LH:5
BRF:0
BRH:0
end_of_record
TN:
SF:/home/alex/PhpstormProjects/astra-storage/ProjectsService/src/components/storages/storage.entity.ts
FN:1,(anonymous_0)
FN:7,(anonymous_1)
FN:15,(anonymous_2)
FN:42,(anonymous_3)
FN:42,(anonymous_4)
FNF:5
FNH:3
FNDA:40,(anonymous_0)
FNDA:40,(anonymous_1)
FNDA:8,(anonymous_2)
FNDA:0,(anonymous_3)
FNDA:0,(anonymous_4)
DA:1,5
DA:2,40
DA:3,40
DA:4,0
DA:5,40
DA:7,5
DA:8,40
DA:14,5
DA:16,8
DA:17,8
DA:20,5
DA:24,5
DA:28,5
DA:32,5
DA:37,5
DA:41,5
DA:42,0
DA:46,5
DA:50,5
LF:19
LH:17
BRDA:1,0,0,5
BRDA:1,0,1,0
BRDA:1,0,2,5
BRDA:2,1,0,5
BRDA:2,1,1,35
BRDA:2,2,0,0
BRDA:2,2,1,35
BRDA:3,3,0,40
BRDA:3,3,1,0
BRDA:3,4,0,40
BRDA:3,4,1,40
BRDA:4,5,0,0
BRDA:4,5,1,0
BRDA:4,6,0,0
BRDA:4,6,1,0
BRDA:4,7,0,0
BRDA:4,7,1,0
BRDA:4,8,0,0
BRDA:4,8,1,0
BRDA:5,9,0,40
BRDA:5,9,1,35
BRDA:5,9,2,0
BRDA:7,10,0,5
BRDA:7,10,1,0
BRDA:7,10,2,5
BRDA:8,11,0,40
BRDA:8,11,1,0
BRDA:8,12,0,40
BRDA:8,12,1,40
BRDA:44,13,0,5
BRDA:44,13,1,2
BRDA:44,13,2,3
BRDA:44,14,0,5
BRDA:44,14,1,2
BRDA:48,15,0,5
BRDA:48,15,1,0
BRDA:48,15,2,5
BRDA:48,16,0,5
BRDA:48,16,1,5
BRDA:52,17,0,5
BRDA:52,17,1,0
BRDA:52,17,2,5
BRDA:52,18,0,5
BRDA:52,18,1,0
BRF:44
BRH:27
end_of_record
TN:
SF:/home/alex/PhpstormProjects/astra-storage/ProjectsService/src/components/storages/storages.repository.ts
FN:1,(anonymous_0)
FN:7,(anonymous_1)
FN:10,(anonymous_2)
FN:11,(anonymous_3)
FN:13,(anonymous_4)
FN:14,(anonymous_5)
FN:15,fulfilled
FN:16,rejected
FN:17,step
FN:17,(anonymous_9)
FN:27,(anonymous_10)
FN:28,(anonymous_11)
FN:32,(anonymous_12)
FN:33,(anonymous_13)
FN:37,(anonymous_14)
FN:38,(anonymous_15)
FN:42,(anonymous_16)
FN:43,(anonymous_17)
FN:48,(anonymous_18)
FN:49,(anonymous_19)
FN:53,(anonymous_20)
FN:54,(anonymous_21)
FNF:22
FNH:15
FNDA:4,(anonymous_0)
FNDA:6,(anonymous_1)
FNDA:4,(anonymous_2)
FNDA:4,(anonymous_3)
FNDA:7,(anonymous_4)
FNDA:7,(anonymous_5)
FNDA:4,fulfilled
FNDA:0,rejected
FNDA:11,step
FNDA:4,(anonymous_9)
FNDA:3,(anonymous_10)
FNDA:3,(anonymous_11)
FNDA:0,(anonymous_12)
FNDA:0,(anonymous_13)
FNDA:0,(anonymous_14)
FNDA:0,(anonymous_15)
FNDA:3,(anonymous_16)
FNDA:3,(anonymous_17)
FNDA:1,(anonymous_18)
FNDA:1,(anonymous_19)
FNDA:0,(anonymous_20)
FNDA:0,(anonymous_21)
DA:1,2
DA:2,4
DA:3,4
DA:4,0
DA:5,4
DA:7,2
DA:8,6
DA:10,2
DA:11,4
DA:13,2
DA:14,7
DA:15,4
DA:16,0
DA:17,11
DA:18,7
DA:26,2
DA:28,3
DA:29,3
DA:33,0
DA:34,0
DA:38,0
DA:39,0
DA:43,3
DA:44,3
DA:45,3
DA:49,1
DA:50,1
DA:54,0
DA:55,0
DA:56,0
DA:60,2
DA:68,2
LF:32
LH:23
BRDA:1,0,0,2
BRDA:1,0,1,0
BRDA:1,0,2,2
BRDA:2,1,0,2
BRDA:2,1,1,2
BRDA:2,2,0,2
BRDA:2,2,1,0
BRDA:3,3,0,4
BRDA:3,3,1,0
BRDA:3,4,0,4
BRDA:3,4,1,4
BRDA:4,5,0,0
BRDA:4,5,1,0
BRDA:4,6,0,0
BRDA:4,6,1,0
BRDA:4,7,0,0
BRDA:4,7,1,0
BRDA:4,8,0,0
BRDA:4,8,1,0
BRDA:5,9,0,4
BRDA:5,9,1,2
BRDA:5,9,2,2
BRDA:7,10,0,2
BRDA:7,10,1,0
BRDA:7,10,2,2
BRDA:8,11,0,6
BRDA:8,11,1,0
BRDA:8,12,0,6
BRDA:8,12,1,6
BRDA:10,13,0,2
BRDA:10,13,1,0
BRDA:10,13,2,2
BRDA:13,14,0,2
BRDA:13,14,1,0
BRDA:13,14,2,2
BRDA:14,15,0,7
BRDA:14,15,1,7
BRDA:17,16,0,7
BRDA:17,16,1,4
BRDA:18,17,0,7
BRDA:18,17,1,7
BRDA:65,18,0,2
BRDA:65,18,1,2
BRDA:65,18,2,0
BRDA:65,19,0,2
BRDA:65,19,1,2
BRDA:65,20,0,2
BRDA:65,20,1,2
BRDA:65,20,2,0
BRDA:65,21,0,2
BRDA:65,21,1,2
BRDA:66,22,0,2
BRDA:66,22,1,2
BRDA:66,22,2,0
BRDA:66,23,0,2
BRDA:66,23,1,2
BRF:56
BRH:38
end_of_record
TN:
SF:/home/alex/PhpstormProjects/astra-storage/ProjectsService/src/components/storages/storages.service.ts
FN:1,(anonymous_0)
FN:7,(anonymous_1)
FN:10,(anonymous_2)
FN:11,(anonymous_3)
FN:13,(anonymous_4)
FN:14,(anonymous_5)
FN:15,fulfilled
FN:16,rejected
FN:17,step
FN:17,(anonymous_9)
FN:21,(anonymous_10)
FN:39,(anonymous_11)
FN:43,(anonymous_12)
FN:44,(anonymous_13)
FN:55,(anonymous_14)
FN:56,(anonymous_15)
FN:60,(anonymous_16)
FN:61,(anonymous_17)
FN:65,(anonymous_18)
FN:67,(anonymous_19)
FN:80,(anonymous_20)
FN:81,(anonymous_21)
FN:85,(anonymous_22)
FN:86,(anonymous_23)
FNF:24
FNH:21
FNDA:1,(anonymous_0)
FNDA:1,(anonymous_1)
FNDA:1,(anonymous_2)
FNDA:1,(anonymous_3)
FNDA:15,(anonymous_4)
FNDA:15,(anonymous_5)
FNDA:12,fulfilled
FNDA:0,rejected
FNDA:25,step
FNDA:12,(anonymous_9)
FNDA:3,(anonymous_10)
FNDA:15,(anonymous_11)
FNDA:5,(anonymous_12)
FNDA:5,(anonymous_13)
FNDA:2,(anonymous_14)
FNDA:2,(anonymous_15)
FNDA:0,(anonymous_16)
FNDA:0,(anonymous_17)
FNDA:3,(anonymous_18)
FNDA:3,(anonymous_19)
FNDA:4,(anonymous_20)
FNDA:4,(anonymous_21)
FNDA:1,(anonymous_22)
FNDA:1,(anonymous_23)
DA:1,1
DA:2,1
DA:3,1
DA:4,0
DA:5,1
DA:7,1
DA:8,1
DA:10,1
DA:11,1
DA:13,1
DA:14,15
DA:15,12
DA:16,0
DA:17,25
DA:18,15
DA:21,1
DA:22,3
DA:23,15
DA:24,9
DA:25,3
DA:26,3
DA:27,0
DA:28,3
DA:38,1
DA:40,15
DA:41,15
DA:44,5
DA:45,5
DA:46,5
DA:47,1
DA:49,4
DA:50,1
DA:52,3
DA:56,2
DA:57,2
DA:61,0
DA:62,0
DA:66,3
DA:67,3
DA:68,3
DA:69,3
DA:70,0
DA:72,3
DA:73,3
DA:74,1
DA:76,2
DA:77,2
DA:81,4
DA:82,4
DA:86,1
DA:87,1
DA:91,1
LF:52
LH:46
BRDA:1,0,0,1
BRDA:1,0,1,0
BRDA:1,0,2,1
BRDA:2,1,0,1
BRDA:2,1,1,0
BRDA:2,2,0,0
BRDA:2,2,1,0
BRDA:3,3,0,1
BRDA:3,3,1,0
BRDA:3,4,0,1
BRDA:3,4,1,1
BRDA:4,5,0,0
BRDA:4,5,1,0
BRDA:4,6,0,0
BRDA:4,6,1,0
BRDA:4,7,0,0
BRDA:4,7,1,0
BRDA:4,8,0,0
BRDA:4,8,1,0
BRDA:5,9,0,1
BRDA:5,9,1,0
BRDA:5,9,2,0
BRDA:7,10,0,1
BRDA:7,10,1,0
BRDA:7,10,2,1
BRDA:8,11,0,1
BRDA:8,11,1,0
BRDA:8,12,0,1
BRDA:8,12,1,1
BRDA:10,13,0,1
BRDA:10,13,1,0
BRDA:10,13,2,1
BRDA:13,14,0,1
BRDA:13,14,1,0
BRDA:13,14,2,1
BRDA:14,15,0,15
BRDA:14,15,1,15
BRDA:17,16,0,13
BRDA:17,16,1,12
BRDA:18,17,0,15
BRDA:18,17,1,15
BRDA:21,18,0,1
BRDA:21,18,1,0
BRDA:21,18,2,1
BRDA:23,19,0,9
BRDA:23,19,1,6
BRDA:23,20,0,15
BRDA:23,20,1,15
BRDA:25,21,0,3
BRDA:25,21,1,0
BRDA:25,22,0,3
BRDA:25,22,1,3
BRDA:26,23,0,0
BRDA:26,23,1,0
BRDA:46,24,0,1
BRDA:46,24,1,4
BRDA:49,25,0,1
BRDA:49,25,1,3
BRDA:49,26,0,4
BRDA:49,26,1,1
BRDA:69,27,0,0
BRDA:69,27,1,3
BRDA:73,28,0,1
BRDA:73,28,1,2
BRDA:94,29,0,1
BRDA:94,29,1,1
BRDA:94,29,2,0
BRDA:94,30,0,1
BRDA:94,30,1,1
BRDA:94,31,0,1
BRDA:94,31,1,1
BRDA:94,31,2,0
BRDA:94,32,0,1
BRDA:94,32,1,1
BRF:74
BRH:48
end_of_record
TN:
SF:/home/alex/PhpstormProjects/astra-storage/ProjectsService/src/components/storages/tests/mocks.ts
FNF:0
FNH:0
DA:3,3
DA:13,3
DA:14,3
DA:26,3
LF:4
LH:4
BRF:0
BRH:0
end_of_record
