<?xml version="1.0" encoding="UTF-8"?>
<coverage generated="1548540390002" clover="3.2.0">
  <project timestamp="1548540390002" name="All files">
    <metrics statements="186" coveredstatements="168" conditionals="283" coveredconditionals="159" methods="89" coveredmethods="83" elements="558" coveredelements="410" complexity="0" loc="186" ncloc="186" packages="5" files="9" classes="9">
      <package name="core">
        <metrics statements="7" coveredstatements="6" conditionals="22" coveredconditionals="7" methods="1" coveredmethods="1"/>
        <file name="core.module.ts" path="/home/alex/PhpstormProjects/astra-storage/UsersService/src/components/core/core.module.ts">
          <metrics statements="7" coveredstatements="6" conditionals="22" coveredconditionals="7" methods="1" coveredmethods="1"/>
          <line num="1" count="1" type="cond" truecount="2" falsecount="1"/>
          <line num="2" count="1" type="cond" truecount="1" falsecount="3"/>
          <line num="3" count="1" type="cond" truecount="3" falsecount="1"/>
          <line num="4" count="0" type="cond" truecount="0" falsecount="8"/>
          <line num="5" count="1" type="cond" truecount="1" falsecount="2"/>
          <line num="9" count="1" type="stmt"/>
          <line num="11" count="1" type="stmt"/>
        </file>
      </package>
      <package name="user-hashes">
        <metrics statements="59" coveredstatements="54" conditionals="116" coveredconditionals="63" methods="33" coveredmethods="31"/>
        <file name="user-hash.entity.ts" path="/home/alex/PhpstormProjects/astra-storage/UsersService/src/components/user-hashes/user-hash.entity.ts">
          <metrics statements="13" coveredstatements="12" conditionals="34" coveredconditionals="18" methods="3" coveredmethods="3"/>
          <line num="1" count="3" type="cond" truecount="2" falsecount="1"/>
          <line num="2" count="12" type="cond" truecount="3" falsecount="1"/>
          <line num="3" count="12" type="cond" truecount="3" falsecount="1"/>
          <line num="4" count="0" type="cond" truecount="0" falsecount="8"/>
          <line num="5" count="12" type="cond" truecount="2" falsecount="1"/>
          <line num="7" count="3" type="cond" truecount="2" falsecount="1"/>
          <line num="8" count="12" type="cond" truecount="3" falsecount="1"/>
          <line num="13" count="3" type="stmt"/>
          <line num="15" count="3" type="stmt"/>
          <line num="18" count="3" type="stmt"/>
          <line num="22" count="3" type="stmt"/>
          <line num="26" count="3" type="stmt"/>
          <line num="30" count="3" type="stmt"/>
        </file>
        <file name="user-hashes.repository.ts" path="/home/alex/PhpstormProjects/astra-storage/UsersService/src/components/user-hashes/user-hashes.repository.ts">
          <metrics statements="17" coveredstatements="15" conditionals="31" coveredconditionals="15" methods="11" coveredmethods="10"/>
          <line num="1" count="3" type="cond" truecount="2" falsecount="1"/>
          <line num="2" count="3" type="cond" truecount="1" falsecount="3"/>
          <line num="3" count="3" type="cond" truecount="3" falsecount="1"/>
          <line num="4" count="0" type="cond" truecount="0" falsecount="8"/>
          <line num="5" count="3" type="cond" truecount="1" falsecount="2"/>
          <line num="7" count="3" type="cond" truecount="2" falsecount="1"/>
          <line num="8" count="3" type="cond" truecount="2" falsecount="0"/>
          <line num="9" count="1" type="stmt"/>
          <line num="10" count="0" type="stmt"/>
          <line num="11" count="4" type="cond" truecount="2" falsecount="0"/>
          <line num="12" count="3" type="cond" truecount="2" falsecount="0"/>
          <line num="17" count="3" type="stmt"/>
          <line num="19" count="2" type="stmt"/>
          <line num="20" count="2" type="stmt"/>
          <line num="24" count="1" type="stmt"/>
          <line num="25" count="1" type="stmt"/>
          <line num="29" count="3" type="stmt"/>
        </file>
        <file name="user-hashes.service.ts" path="/home/alex/PhpstormProjects/astra-storage/UsersService/src/components/user-hashes/user-hashes.service.ts">
          <metrics statements="29" coveredstatements="27" conditionals="51" coveredconditionals="30" methods="19" coveredmethods="18"/>
          <line num="1" count="2" type="cond" truecount="2" falsecount="1"/>
          <line num="2" count="2" type="cond" truecount="1" falsecount="3"/>
          <line num="3" count="2" type="cond" truecount="3" falsecount="1"/>
          <line num="4" count="0" type="cond" truecount="0" falsecount="8"/>
          <line num="5" count="2" type="cond" truecount="1" falsecount="2"/>
          <line num="7" count="2" type="cond" truecount="2" falsecount="1"/>
          <line num="8" count="2" type="cond" truecount="3" falsecount="1"/>
          <line num="10" count="2" type="cond" truecount="2" falsecount="1"/>
          <line num="11" count="2" type="stmt"/>
          <line num="13" count="2" type="cond" truecount="2" falsecount="1"/>
          <line num="14" count="7" type="cond" truecount="2" falsecount="0"/>
          <line num="15" count="5" type="stmt"/>
          <line num="16" count="0" type="stmt"/>
          <line num="17" count="12" type="cond" truecount="2" falsecount="0"/>
          <line num="18" count="7" type="cond" truecount="2" falsecount="0"/>
          <line num="27" count="2" type="stmt"/>
          <line num="29" count="7" type="stmt"/>
          <line num="30" count="7" type="stmt"/>
          <line num="33" count="2" type="stmt"/>
          <line num="34" count="2" type="stmt"/>
          <line num="38" count="2" type="stmt"/>
          <line num="39" count="2" type="stmt"/>
          <line num="42" count="2" type="stmt"/>
          <line num="43" count="2" type="stmt"/>
          <line num="47" count="2" type="stmt"/>
          <line num="48" count="2" type="stmt"/>
          <line num="52" count="1" type="stmt"/>
          <line num="53" count="1" type="stmt"/>
          <line num="57" count="2" type="stmt"/>
        </file>
      </package>
      <package name="user-hashes.tests">
        <metrics statements="2" coveredstatements="2" conditionals="0" coveredconditionals="0" methods="0" coveredmethods="0"/>
        <file name="mocks.ts" path="/home/alex/PhpstormProjects/astra-storage/UsersService/src/components/user-hashes/tests/mocks.ts">
          <metrics statements="2" coveredstatements="2" conditionals="0" coveredconditionals="0" methods="0" coveredmethods="0"/>
          <line num="1" count="2" type="stmt"/>
          <line num="7" count="2" type="stmt"/>
        </file>
      </package>
      <package name="users">
        <metrics statements="110" coveredstatements="99" conditionals="145" coveredconditionals="89" methods="55" coveredmethods="51"/>
        <file name="user.entity.ts" path="/home/alex/PhpstormProjects/astra-storage/UsersService/src/components/users/user.entity.ts">
          <metrics statements="17" coveredstatements="16" conditionals="39" coveredconditionals="22" methods="3" coveredmethods="3"/>
          <line num="1" count="2" type="cond" truecount="2" falsecount="1"/>
          <line num="2" count="16" type="cond" truecount="3" falsecount="1"/>
          <line num="3" count="16" type="cond" truecount="3" falsecount="1"/>
          <line num="4" count="0" type="cond" truecount="0" falsecount="8"/>
          <line num="5" count="16" type="cond" truecount="2" falsecount="1"/>
          <line num="7" count="2" type="cond" truecount="2" falsecount="1"/>
          <line num="8" count="16" type="cond" truecount="3" falsecount="1"/>
          <line num="14" count="2" type="stmt"/>
          <line num="16" count="8" type="stmt"/>
          <line num="19" count="2" type="stmt"/>
          <line num="23" count="2" type="stmt"/>
          <line num="27" count="2" type="stmt"/>
          <line num="31" count="2" type="stmt"/>
          <line num="35" count="2" type="stmt"/>
          <line num="40" count="2" type="stmt"/>
          <line num="44" count="2" type="stmt"/>
          <line num="49" count="2" type="stmt"/>
        </file>
        <file name="users.repository.ts" path="/home/alex/PhpstormProjects/astra-storage/UsersService/src/components/users/users.repository.ts">
          <metrics statements="26" coveredstatements="24" conditionals="31" coveredconditionals="15" methods="19" coveredmethods="18"/>
          <line num="1" count="2" type="cond" truecount="2" falsecount="1"/>
          <line num="2" count="2" type="cond" truecount="1" falsecount="3"/>
          <line num="3" count="2" type="cond" truecount="3" falsecount="1"/>
          <line num="4" count="0" type="cond" truecount="0" falsecount="8"/>
          <line num="5" count="2" type="cond" truecount="1" falsecount="2"/>
          <line num="7" count="2" type="cond" truecount="2" falsecount="1"/>
          <line num="8" count="11" type="cond" truecount="2" falsecount="0"/>
          <line num="9" count="5" type="stmt"/>
          <line num="10" count="0" type="stmt"/>
          <line num="11" count="16" type="cond" truecount="2" falsecount="0"/>
          <line num="12" count="11" type="cond" truecount="2" falsecount="0"/>
          <line num="17" count="2" type="stmt"/>
          <line num="19" count="3" type="stmt"/>
          <line num="20" count="3" type="stmt"/>
          <line num="24" count="2" type="stmt"/>
          <line num="25" count="2" type="stmt"/>
          <line num="29" count="1" type="stmt"/>
          <line num="30" count="1" type="stmt"/>
          <line num="34" count="3" type="stmt"/>
          <line num="35" count="3" type="stmt"/>
          <line num="36" count="3" type="stmt"/>
          <line num="40" count="1" type="stmt"/>
          <line num="41" count="1" type="stmt"/>
          <line num="45" count="1" type="stmt"/>
          <line num="46" count="1" type="stmt"/>
          <line num="50" count="2" type="stmt"/>
        </file>
        <file name="users.service.ts" path="/home/alex/PhpstormProjects/astra-storage/UsersService/src/components/users/users.service.ts">
          <metrics statements="67" coveredstatements="59" conditionals="75" coveredconditionals="52" methods="33" coveredmethods="30"/>
          <line num="1" count="1" type="cond" truecount="2" falsecount="1"/>
          <line num="2" count="2" type="cond" truecount="3" falsecount="1"/>
          <line num="3" count="2" type="cond" truecount="3" falsecount="1"/>
          <line num="4" count="0" type="cond" truecount="0" falsecount="8"/>
          <line num="5" count="2" type="cond" truecount="2" falsecount="1"/>
          <line num="7" count="1" type="cond" truecount="2" falsecount="1"/>
          <line num="8" count="2" type="cond" truecount="3" falsecount="1"/>
          <line num="10" count="1" type="cond" truecount="2" falsecount="1"/>
          <line num="11" count="1" type="stmt"/>
          <line num="13" count="1" type="cond" truecount="2" falsecount="1"/>
          <line num="14" count="29" type="cond" truecount="2" falsecount="0"/>
          <line num="15" count="34" type="stmt"/>
          <line num="16" count="0" type="stmt"/>
          <line num="17" count="55" type="cond" truecount="2" falsecount="0"/>
          <line num="18" count="29" type="cond" truecount="2" falsecount="0"/>
          <line num="31" count="1" type="stmt"/>
          <line num="33" count="26" type="stmt"/>
          <line num="34" count="26" type="stmt"/>
          <line num="35" count="26" type="stmt"/>
          <line num="38" count="2" type="stmt"/>
          <line num="39" count="2" type="stmt"/>
          <line num="43" count="2" type="stmt"/>
          <line num="44" count="2" type="stmt"/>
          <line num="48" count="2" type="stmt"/>
          <line num="49" count="2" type="stmt"/>
          <line num="53" count="2" type="stmt"/>
          <line num="54" count="2" type="stmt"/>
          <line num="58" count="5" type="stmt"/>
          <line num="59" count="5" type="stmt"/>
          <line num="63" count="2" type="stmt"/>
          <line num="64" count="2" type="cond" truecount="1" falsecount="1"/>
          <line num="65" count="0" type="stmt"/>
          <line num="67" count="2" type="stmt"/>
          <line num="68" count="2" type="stmt"/>
          <line num="69" count="2" type="stmt"/>
          <line num="73" count="0" type="stmt"/>
          <line num="74" count="0" type="cond" truecount="0" falsecount="2"/>
          <line num="75" count="0" type="stmt"/>
          <line num="77" count="0" type="stmt"/>
          <line num="78" count="0" type="stmt"/>
          <line num="82" count="1" type="stmt"/>
          <line num="83" count="1" type="stmt"/>
          <line num="87" count="4" type="stmt"/>
          <line num="88" count="4" type="stmt"/>
          <line num="89" count="4" type="cond" truecount="2" falsecount="0"/>
          <line num="90" count="1" type="stmt"/>
          <line num="92" count="3" type="stmt"/>
          <line num="93" count="3" type="stmt"/>
          <line num="104" count="4" type="stmt"/>
          <line num="105" count="4" type="stmt"/>
          <line num="106" count="4" type="cond" truecount="2" falsecount="0"/>
          <line num="107" count="1" type="stmt"/>
          <line num="109" count="3" type="stmt"/>
          <line num="110" count="3" type="stmt"/>
          <line num="117" count="5" type="stmt"/>
          <line num="118" count="5" type="stmt"/>
          <line num="119" count="5" type="cond" truecount="2" falsecount="0"/>
          <line num="120" count="1" type="stmt"/>
          <line num="122" count="4" type="cond" truecount="2" falsecount="0"/>
          <line num="123" count="1" type="stmt"/>
          <line num="125" count="3" type="stmt"/>
          <line num="126" count="3" type="cond" truecount="2" falsecount="0"/>
          <line num="127" count="1" type="stmt"/>
          <line num="129" count="2" type="stmt"/>
          <line num="130" count="2" type="stmt"/>
          <line num="134" count="1" type="stmt"/>
          <line num="138" count="1" type="stmt"/>
        </file>
      </package>
      <package name="users.tests">
        <metrics statements="8" coveredstatements="7" conditionals="0" coveredconditionals="0" methods="0" coveredmethods="0"/>
        <file name="mocks.ts" path="/home/alex/PhpstormProjects/astra-storage/UsersService/src/components/users/tests/mocks.ts">
          <metrics statements="8" coveredstatements="7" conditionals="0" coveredconditionals="0" methods="0" coveredmethods="0"/>
          <line num="1" count="3" type="stmt"/>
          <line num="8" count="3" type="stmt"/>
          <line num="14" count="3" type="stmt"/>
          <line num="19" count="3" type="stmt"/>
          <line num="24" count="3" type="stmt"/>
          <line num="34" count="3" type="stmt"/>
          <line num="38" count="3" type="stmt"/>
          <line num="40" count="0" type="stmt"/>
        </file>
      </package>
    </metrics>
  </project>
</coverage>
