{"/home/alex/PhpstormProjects/astra-storage/UsersService/src/components/core/core.module.ts": {"path":"/home/alex/PhpstormProjects/astra-storage/UsersService/src/components/core/core.module.ts","statementMap":{"0":{"start":{"line":1,"column":17},"end":{"line":6,"column":1}},"1":{"start":{"line":2,"column":12},"end":{"line":2,"column":28}},"2":{"start":{"line":2,"column":34},"end":{"line":2,"column":125}},"3":{"start":{"line":3,"column":4},"end":{"line":4,"column":150}},"4":{"start":{"line":3,"column":79},"end":{"line":3,"column":131}},"5":{"start":{"line":4,"column":9},"end":{"line":4,"column":150}},"6":{"start":{"line":4,"column":58},"end":{"line":4,"column":150}},"7":{"start":{"line":4,"column":81},"end":{"line":4,"column":150}},"8":{"start":{"line":5,"column":4},"end":{"line":5,"column":66}},"9":{"start":{"line":9,"column":17},"end":{"line":10,"column":1}},"10":{"start":{"line":11,"column":0},"end":{"line":16,"column":15}}},"fnMap":{"0":{"name":"(anonymous_0)","decl":{"start":{"line":1,"column":46},"end":{"line":1,"column":47}},"loc":{"start":{"line":1,"column":87},"end":{"line":6,"column":1}},"line":1}},"branchMap":{"0":{"loc":{"start":{"line":1,"column":17},"end":{"line":6,"column":1}},"type":"binary-expr","locations":[{"start":{"line":1,"column":18},"end":{"line":1,"column":22}},{"start":{"line":1,"column":26},"end":{"line":1,"column":41}},{"start":{"line":1,"column":46},"end":{"line":6,"column":1}}],"line":1},"1":{"loc":{"start":{"line":2,"column":34},"end":{"line":2,"column":125}},"type":"cond-expr","locations":[{"start":{"line":2,"column":42},"end":{"line":2,"column":48}},{"start":{"line":2,"column":51},"end":{"line":2,"column":125}}],"line":2},"2":{"loc":{"start":{"line":2,"column":51},"end":{"line":2,"column":125}},"type":"cond-expr","locations":[{"start":{"line":2,"column":67},"end":{"line":2,"column":118}},{"start":{"line":2,"column":121},"end":{"line":2,"column":125}}],"line":2},"3":{"loc":{"start":{"line":3,"column":4},"end":{"line":4,"column":150}},"type":"if","locations":[{"start":{"line":3,"column":4},"end":{"line":4,"column":150}},{"start":{"line":3,"column":4},"end":{"line":4,"column":150}}],"line":3},"4":{"loc":{"start":{"line":3,"column":8},"end":{"line":3,"column":77}},"type":"binary-expr","locations":[{"start":{"line":3,"column":8},"end":{"line":3,"column":35}},{"start":{"line":3,"column":39},"end":{"line":3,"column":77}}],"line":3},"5":{"loc":{"start":{"line":4,"column":58},"end":{"line":4,"column":150}},"type":"if","locations":[{"start":{"line":4,"column":58},"end":{"line":4,"column":150}},{"start":{"line":4,"column":58},"end":{"line":4,"column":150}}],"line":4},"6":{"loc":{"start":{"line":4,"column":85},"end":{"line":4,"column":149}},"type":"binary-expr","locations":[{"start":{"line":4,"column":86},"end":{"line":4,"column":143}},{"start":{"line":4,"column":148},"end":{"line":4,"column":149}}],"line":4},"7":{"loc":{"start":{"line":4,"column":86},"end":{"line":4,"column":143}},"type":"cond-expr","locations":[{"start":{"line":4,"column":94},"end":{"line":4,"column":98}},{"start":{"line":4,"column":101},"end":{"line":4,"column":143}}],"line":4},"8":{"loc":{"start":{"line":4,"column":101},"end":{"line":4,"column":143}},"type":"cond-expr","locations":[{"start":{"line":4,"column":109},"end":{"line":4,"column":126}},{"start":{"line":4,"column":129},"end":{"line":4,"column":143}}],"line":4},"9":{"loc":{"start":{"line":5,"column":11},"end":{"line":5,"column":62}},"type":"binary-expr","locations":[{"start":{"line":5,"column":11},"end":{"line":5,"column":16}},{"start":{"line":5,"column":20},"end":{"line":5,"column":21}},{"start":{"line":5,"column":25},"end":{"line":5,"column":62}}],"line":5}},"s":{"0":1,"1":1,"2":1,"3":1,"4":1,"5":0,"6":0,"7":0,"8":1,"9":1,"10":1},"f":{"0":1},"b":{"0":[1,0,1],"1":[1,0],"2":[0,0],"3":[1,0],"4":[1,1],"5":[0,0],"6":[0,0],"7":[0,0],"8":[0,0],"9":[1,0,0]},"inputSourceMap":{"version":3,"file":"core.module.js","sourceRoot":"","sources":["core.module.ts"],"names":[],"mappings":";;;;;;AAAA,OAAO,EAAC,MAAM,EAAC,MAAM,gBAAgB,CAAC;AACtC,OAAO,EAAC,WAAW,EAAC,MAAM,wBAAwB,CAAC;AAMnD,IAAa,UAAU,GAAvB;CAA0B,CAAA;AAAb,UAAU;IAJtB,MAAM,CAAC;QACJ,SAAS,EAAE,CAAC,WAAW,CAAC;QACxB,OAAO,EAAE,CAAC,WAAW,CAAC;KACzB,CAAC;GACW,UAAU,CAAG;SAAb,UAAU","sourcesContent":["import {Module} from '@nestjs/common';\nimport {HashService} from '@bit/alan18081.astra-storage.common.dist/services';\n\n@Module({\n    providers: [HashService],\n    exports: [HashService],\n})\nexport class CoreModule {}"]},"_coverageSchema":"332fd63041d2c1bcb487cc26dd0d5f7d97098a6c","hash":"1783e7cc97637bffc456db54737053af50e8e1e5"}
,"/home/alex/PhpstormProjects/astra-storage/UsersService/src/components/user-hashes/user-hash.entity.ts": {"path":"/home/alex/PhpstormProjects/astra-storage/UsersService/src/components/user-hashes/user-hash.entity.ts","statementMap":{"0":{"start":{"line":1,"column":17},"end":{"line":6,"column":1}},"1":{"start":{"line":2,"column":12},"end":{"line":2,"column":28}},"2":{"start":{"line":2,"column":34},"end":{"line":2,"column":125}},"3":{"start":{"line":3,"column":4},"end":{"line":4,"column":150}},"4":{"start":{"line":3,"column":79},"end":{"line":3,"column":131}},"5":{"start":{"line":4,"column":9},"end":{"line":4,"column":150}},"6":{"start":{"line":4,"column":58},"end":{"line":4,"column":150}},"7":{"start":{"line":4,"column":81},"end":{"line":4,"column":150}},"8":{"start":{"line":5,"column":4},"end":{"line":5,"column":66}},"9":{"start":{"line":7,"column":17},"end":{"line":9,"column":1}},"10":{"start":{"line":8,"column":4},"end":{"line":8,"column":109}},"11":{"start":{"line":8,"column":79},"end":{"line":8,"column":109}},"12":{"start":{"line":13,"column":15},"end":{"line":17,"column":1}},"13":{"start":{"line":15,"column":8},"end":{"line":15,"column":37}},"14":{"start":{"line":18,"column":0},"end":{"line":21,"column":37}},"15":{"start":{"line":22,"column":0},"end":{"line":25,"column":39}},"16":{"start":{"line":26,"column":0},"end":{"line":29,"column":41}},"17":{"start":{"line":30,"column":0},"end":{"line":33,"column":13}}},"fnMap":{"0":{"name":"(anonymous_0)","decl":{"start":{"line":1,"column":46},"end":{"line":1,"column":47}},"loc":{"start":{"line":1,"column":87},"end":{"line":6,"column":1}},"line":1},"1":{"name":"(anonymous_1)","decl":{"start":{"line":7,"column":46},"end":{"line":7,"column":47}},"loc":{"start":{"line":7,"column":62},"end":{"line":9,"column":1}},"line":7},"2":{"name":"(anonymous_2)","decl":{"start":{"line":14,"column":4},"end":{"line":14,"column":5}},"loc":{"start":{"line":14,"column":25},"end":{"line":16,"column":5}},"line":14}},"branchMap":{"0":{"loc":{"start":{"line":1,"column":17},"end":{"line":6,"column":1}},"type":"binary-expr","locations":[{"start":{"line":1,"column":18},"end":{"line":1,"column":22}},{"start":{"line":1,"column":26},"end":{"line":1,"column":41}},{"start":{"line":1,"column":46},"end":{"line":6,"column":1}}],"line":1},"1":{"loc":{"start":{"line":2,"column":34},"end":{"line":2,"column":125}},"type":"cond-expr","locations":[{"start":{"line":2,"column":42},"end":{"line":2,"column":48}},{"start":{"line":2,"column":51},"end":{"line":2,"column":125}}],"line":2},"2":{"loc":{"start":{"line":2,"column":51},"end":{"line":2,"column":125}},"type":"cond-expr","locations":[{"start":{"line":2,"column":67},"end":{"line":2,"column":118}},{"start":{"line":2,"column":121},"end":{"line":2,"column":125}}],"line":2},"3":{"loc":{"start":{"line":3,"column":4},"end":{"line":4,"column":150}},"type":"if","locations":[{"start":{"line":3,"column":4},"end":{"line":4,"column":150}},{"start":{"line":3,"column":4},"end":{"line":4,"column":150}}],"line":3},"4":{"loc":{"start":{"line":3,"column":8},"end":{"line":3,"column":77}},"type":"binary-expr","locations":[{"start":{"line":3,"column":8},"end":{"line":3,"column":35}},{"start":{"line":3,"column":39},"end":{"line":3,"column":77}}],"line":3},"5":{"loc":{"start":{"line":4,"column":58},"end":{"line":4,"column":150}},"type":"if","locations":[{"start":{"line":4,"column":58},"end":{"line":4,"column":150}},{"start":{"line":4,"column":58},"end":{"line":4,"column":150}}],"line":4},"6":{"loc":{"start":{"line":4,"column":85},"end":{"line":4,"column":149}},"type":"binary-expr","locations":[{"start":{"line":4,"column":86},"end":{"line":4,"column":143}},{"start":{"line":4,"column":148},"end":{"line":4,"column":149}}],"line":4},"7":{"loc":{"start":{"line":4,"column":86},"end":{"line":4,"column":143}},"type":"cond-expr","locations":[{"start":{"line":4,"column":94},"end":{"line":4,"column":98}},{"start":{"line":4,"column":101},"end":{"line":4,"column":143}}],"line":4},"8":{"loc":{"start":{"line":4,"column":101},"end":{"line":4,"column":143}},"type":"cond-expr","locations":[{"start":{"line":4,"column":109},"end":{"line":4,"column":126}},{"start":{"line":4,"column":129},"end":{"line":4,"column":143}}],"line":4},"9":{"loc":{"start":{"line":5,"column":11},"end":{"line":5,"column":62}},"type":"binary-expr","locations":[{"start":{"line":5,"column":11},"end":{"line":5,"column":16}},{"start":{"line":5,"column":20},"end":{"line":5,"column":21}},{"start":{"line":5,"column":25},"end":{"line":5,"column":62}}],"line":5},"10":{"loc":{"start":{"line":7,"column":17},"end":{"line":9,"column":1}},"type":"binary-expr","locations":[{"start":{"line":7,"column":18},"end":{"line":7,"column":22}},{"start":{"line":7,"column":26},"end":{"line":7,"column":41}},{"start":{"line":7,"column":46},"end":{"line":9,"column":1}}],"line":7},"11":{"loc":{"start":{"line":8,"column":4},"end":{"line":8,"column":109}},"type":"if","locations":[{"start":{"line":8,"column":4},"end":{"line":8,"column":109}},{"start":{"line":8,"column":4},"end":{"line":8,"column":109}}],"line":8},"12":{"loc":{"start":{"line":8,"column":8},"end":{"line":8,"column":77}},"type":"binary-expr","locations":[{"start":{"line":8,"column":8},"end":{"line":8,"column":35}},{"start":{"line":8,"column":39},"end":{"line":8,"column":77}}],"line":8},"13":{"loc":{"start":{"line":32,"column":37},"end":{"line":32,"column":123}},"type":"binary-expr","locations":[{"start":{"line":32,"column":37},"end":{"line":32,"column":107}},{"start":{"line":32,"column":111},"end":{"line":32,"column":113}},{"start":{"line":32,"column":117},"end":{"line":32,"column":123}}],"line":32},"14":{"loc":{"start":{"line":32,"column":50},"end":{"line":32,"column":91}},"type":"binary-expr","locations":[{"start":{"line":32,"column":50},"end":{"line":32,"column":80}},{"start":{"line":32,"column":84},"end":{"line":32,"column":91}}],"line":32}},"s":{"0":3,"1":12,"2":12,"3":12,"4":12,"5":0,"6":0,"7":0,"8":12,"9":3,"10":12,"11":12,"12":3,"13":3,"14":3,"15":3,"16":3,"17":3},"f":{"0":12,"1":12,"2":3},"b":{"0":[3,0,3],"1":[3,9],"2":[0,9],"3":[12,0],"4":[12,12],"5":[0,0],"6":[0,0],"7":[0,0],"8":[0,0],"9":[12,9,0],"10":[3,0,3],"11":[12,0],"12":[12,12],"13":[3,0,3],"14":[3,0]},"inputSourceMap":{"version":3,"file":"user-hash.entity.js","sourceRoot":"","sources":["user-hash.entity.ts"],"names":[],"mappings":";;;;;;;;;;AAAA,OAAO,EAAE,MAAM,EAAE,MAAM,EAAE,MAAM,SAAS,CAAC;AACzC,OAAO,EAAE,sBAAsB,EAAE,MAAM,SAAS,CAAC;AAGjD,IAAa,QAAQ,GAArB;IAWE,YAAY,OAA0B;QACpC,MAAM,CAAC,MAAM,CAAC,IAAI,EAAE,OAAO,CAAC,CAAC;IAC/B,CAAC;CAEF,CAAA;AAZC;IADC,sBAAsB,EAAE;;oCACd;AAGX;IADC,MAAM,CAAC,SAAS,CAAC;;sCACL;AAGb;IADC,MAAM,EAAE;;wCACM;AATJ,QAAQ;IADpB,MAAM,EAAE;yDAYc,OAAO,oBAAP,OAAO;GAXjB,QAAQ,CAepB;SAfY,QAAQ","sourcesContent":["import { Column, Entity } from 'typeorm';\nimport { PrimaryGeneratedColumn } from 'typeorm';\n\n@Entity()\nexport class UserHash {\n\n  @PrimaryGeneratedColumn()\n  id: number;\n\n  @Column('varchar')\n  hash: string;\n\n  @Column()\n  userId: number;\n\n  constructor(partial: Partial<UserHash>) {\n    Object.assign(this, partial);\n  }\n\n}"]},"_coverageSchema":"332fd63041d2c1bcb487cc26dd0d5f7d97098a6c","hash":"c725b33e604e6a1febd97fc28cde5b855d41d877"}
,"/home/alex/PhpstormProjects/astra-storage/UsersService/src/components/user-hashes/user-hashes.repository.ts": {"path":"/home/alex/PhpstormProjects/astra-storage/UsersService/src/components/user-hashes/user-hashes.repository.ts","statementMap":{"0":{"start":{"line":1,"column":17},"end":{"line":6,"column":1}},"1":{"start":{"line":2,"column":12},"end":{"line":2,"column":28}},"2":{"start":{"line":2,"column":34},"end":{"line":2,"column":125}},"3":{"start":{"line":3,"column":4},"end":{"line":4,"column":150}},"4":{"start":{"line":3,"column":79},"end":{"line":3,"column":131}},"5":{"start":{"line":4,"column":9},"end":{"line":4,"column":150}},"6":{"start":{"line":4,"column":58},"end":{"line":4,"column":150}},"7":{"start":{"line":4,"column":81},"end":{"line":4,"column":150}},"8":{"start":{"line":5,"column":4},"end":{"line":5,"column":66}},"9":{"start":{"line":7,"column":16},"end":{"line":14,"column":1}},"10":{"start":{"line":8,"column":4},"end":{"line":13,"column":7}},"11":{"start":{"line":9,"column":36},"end":{"line":9,"column":97}},"12":{"start":{"line":9,"column":42},"end":{"line":9,"column":70}},"13":{"start":{"line":9,"column":85},"end":{"line":9,"column":95}},"14":{"start":{"line":10,"column":35},"end":{"line":10,"column":100}},"15":{"start":{"line":10,"column":41},"end":{"line":10,"column":73}},"16":{"start":{"line":10,"column":88},"end":{"line":10,"column":98}},"17":{"start":{"line":11,"column":32},"end":{"line":11,"column":149}},"18":{"start":{"line":11,"column":97},"end":{"line":11,"column":119}},"19":{"start":{"line":12,"column":8},"end":{"line":12,"column":78}},"20":{"start":{"line":17,"column":27},"end":{"line":28,"column":1}},"21":{"start":{"line":19,"column":8},"end":{"line":21,"column":11}},"22":{"start":{"line":20,"column":12},"end":{"line":20,"column":42}},"23":{"start":{"line":24,"column":8},"end":{"line":26,"column":11}},"24":{"start":{"line":25,"column":12},"end":{"line":25,"column":38}},"25":{"start":{"line":29,"column":0},"end":{"line":31,"column":25}}},"fnMap":{"0":{"name":"(anonymous_0)","decl":{"start":{"line":1,"column":46},"end":{"line":1,"column":47}},"loc":{"start":{"line":1,"column":87},"end":{"line":6,"column":1}},"line":1},"1":{"name":"(anonymous_1)","decl":{"start":{"line":7,"column":44},"end":{"line":7,"column":45}},"loc":{"start":{"line":7,"column":89},"end":{"line":14,"column":1}},"line":7},"2":{"name":"(anonymous_2)","decl":{"start":{"line":8,"column":36},"end":{"line":8,"column":37}},"loc":{"start":{"line":8,"column":63},"end":{"line":13,"column":5}},"line":8},"3":{"name":"fulfilled","decl":{"start":{"line":9,"column":17},"end":{"line":9,"column":26}},"loc":{"start":{"line":9,"column":34},"end":{"line":9,"column":99}},"line":9},"4":{"name":"rejected","decl":{"start":{"line":10,"column":17},"end":{"line":10,"column":25}},"loc":{"start":{"line":10,"column":33},"end":{"line":10,"column":102}},"line":10},"5":{"name":"step","decl":{"start":{"line":11,"column":17},"end":{"line":11,"column":21}},"loc":{"start":{"line":11,"column":30},"end":{"line":11,"column":151}},"line":11},"6":{"name":"(anonymous_6)","decl":{"start":{"line":11,"column":76},"end":{"line":11,"column":77}},"loc":{"start":{"line":11,"column":95},"end":{"line":11,"column":121}},"line":11},"7":{"name":"(anonymous_7)","decl":{"start":{"line":18,"column":4},"end":{"line":18,"column":5}},"loc":{"start":{"line":18,"column":24},"end":{"line":22,"column":5}},"line":18},"8":{"name":"(anonymous_8)","decl":{"start":{"line":19,"column":47},"end":{"line":19,"column":48}},"loc":{"start":{"line":19,"column":60},"end":{"line":21,"column":9}},"line":19},"9":{"name":"(anonymous_9)","decl":{"start":{"line":23,"column":4},"end":{"line":23,"column":5}},"loc":{"start":{"line":23,"column":19},"end":{"line":27,"column":5}},"line":23},"10":{"name":"(anonymous_10)","decl":{"start":{"line":24,"column":47},"end":{"line":24,"column":48}},"loc":{"start":{"line":24,"column":60},"end":{"line":26,"column":9}},"line":24}},"branchMap":{"0":{"loc":{"start":{"line":1,"column":17},"end":{"line":6,"column":1}},"type":"binary-expr","locations":[{"start":{"line":1,"column":18},"end":{"line":1,"column":22}},{"start":{"line":1,"column":26},"end":{"line":1,"column":41}},{"start":{"line":1,"column":46},"end":{"line":6,"column":1}}],"line":1},"1":{"loc":{"start":{"line":2,"column":34},"end":{"line":2,"column":125}},"type":"cond-expr","locations":[{"start":{"line":2,"column":42},"end":{"line":2,"column":48}},{"start":{"line":2,"column":51},"end":{"line":2,"column":125}}],"line":2},"2":{"loc":{"start":{"line":2,"column":51},"end":{"line":2,"column":125}},"type":"cond-expr","locations":[{"start":{"line":2,"column":67},"end":{"line":2,"column":118}},{"start":{"line":2,"column":121},"end":{"line":2,"column":125}}],"line":2},"3":{"loc":{"start":{"line":3,"column":4},"end":{"line":4,"column":150}},"type":"if","locations":[{"start":{"line":3,"column":4},"end":{"line":4,"column":150}},{"start":{"line":3,"column":4},"end":{"line":4,"column":150}}],"line":3},"4":{"loc":{"start":{"line":3,"column":8},"end":{"line":3,"column":77}},"type":"binary-expr","locations":[{"start":{"line":3,"column":8},"end":{"line":3,"column":35}},{"start":{"line":3,"column":39},"end":{"line":3,"column":77}}],"line":3},"5":{"loc":{"start":{"line":4,"column":58},"end":{"line":4,"column":150}},"type":"if","locations":[{"start":{"line":4,"column":58},"end":{"line":4,"column":150}},{"start":{"line":4,"column":58},"end":{"line":4,"column":150}}],"line":4},"6":{"loc":{"start":{"line":4,"column":85},"end":{"line":4,"column":149}},"type":"binary-expr","locations":[{"start":{"line":4,"column":86},"end":{"line":4,"column":143}},{"start":{"line":4,"column":148},"end":{"line":4,"column":149}}],"line":4},"7":{"loc":{"start":{"line":4,"column":86},"end":{"line":4,"column":143}},"type":"cond-expr","locations":[{"start":{"line":4,"column":94},"end":{"line":4,"column":98}},{"start":{"line":4,"column":101},"end":{"line":4,"column":143}}],"line":4},"8":{"loc":{"start":{"line":4,"column":101},"end":{"line":4,"column":143}},"type":"cond-expr","locations":[{"start":{"line":4,"column":109},"end":{"line":4,"column":126}},{"start":{"line":4,"column":129},"end":{"line":4,"column":143}}],"line":4},"9":{"loc":{"start":{"line":5,"column":11},"end":{"line":5,"column":62}},"type":"binary-expr","locations":[{"start":{"line":5,"column":11},"end":{"line":5,"column":16}},{"start":{"line":5,"column":20},"end":{"line":5,"column":21}},{"start":{"line":5,"column":25},"end":{"line":5,"column":62}}],"line":5},"10":{"loc":{"start":{"line":7,"column":16},"end":{"line":14,"column":1}},"type":"binary-expr","locations":[{"start":{"line":7,"column":17},"end":{"line":7,"column":21}},{"start":{"line":7,"column":25},"end":{"line":7,"column":39}},{"start":{"line":7,"column":44},"end":{"line":14,"column":1}}],"line":7},"11":{"loc":{"start":{"line":8,"column":16},"end":{"line":8,"column":34}},"type":"binary-expr","locations":[{"start":{"line":8,"column":16},"end":{"line":8,"column":17}},{"start":{"line":8,"column":22},"end":{"line":8,"column":33}}],"line":8},"12":{"loc":{"start":{"line":11,"column":32},"end":{"line":11,"column":148}},"type":"cond-expr","locations":[{"start":{"line":11,"column":46},"end":{"line":11,"column":67}},{"start":{"line":11,"column":70},"end":{"line":11,"column":148}}],"line":11},"13":{"loc":{"start":{"line":12,"column":51},"end":{"line":12,"column":67}},"type":"binary-expr","locations":[{"start":{"line":12,"column":51},"end":{"line":12,"column":61}},{"start":{"line":12,"column":65},"end":{"line":12,"column":67}}],"line":12}},"s":{"0":3,"1":3,"2":3,"3":3,"4":3,"5":0,"6":0,"7":0,"8":3,"9":3,"10":3,"11":1,"12":1,"13":0,"14":0,"15":0,"16":0,"17":4,"18":1,"19":3,"20":3,"21":2,"22":2,"23":1,"24":1,"25":3},"f":{"0":3,"1":3,"2":3,"3":1,"4":0,"5":4,"6":1,"7":2,"8":2,"9":1,"10":1},"b":{"0":[3,0,3],"1":[3,0],"2":[0,0],"3":[3,0],"4":[3,3],"5":[0,0],"6":[0,0],"7":[0,0],"8":[0,0],"9":[3,0,0],"10":[3,0,3],"11":[3,3],"12":[3,1],"13":[3,3]},"inputSourceMap":{"version":3,"file":"user-hashes.repository.js","sourceRoot":"","sources":["user-hashes.repository.ts"],"names":[],"mappings":";;;;;;;;;;;;;;AAAA,OAAO,EAAE,gBAAgB,EAAE,UAAU,EAAE,MAAM,SAAS,CAAC;AACvD,OAAO,EAAE,QAAQ,EAAE,MAAM,oBAAoB,CAAC;AAG9C,IAAa,oBAAoB,GAAjC,0BAAkC,SAAQ,UAAoB;IAEtD,aAAa,CAAC,IAAY;;YAC9B,OAAO,IAAI,CAAC,OAAO,CAAC,EAAE,IAAI,EAAE,CAAC,CAAC;QAChC,CAAC;KAAA;IAEK,UAAU,CAAC,EAAU;;YACzB,MAAM,IAAI,CAAC,MAAM,CAAC,EAAE,EAAE,EAAE,CAAC,CAAC;QAC5B,CAAC;KAAA;CACF,CAAA;AATY,oBAAoB;IADhC,gBAAgB,CAAC,QAAQ,CAAC;GACd,oBAAoB,CAShC;SATY,oBAAoB","sourcesContent":["import { EntityRepository, Repository } from 'typeorm';\nimport { UserHash } from './user-hash.entity';\n\n@EntityRepository(UserHash)\nexport class UserHashesRepository extends Repository<UserHash> {\n\n  async findOneByHash(hash: string): Promise<UserHash | undefined> {\n    return this.findOne({ hash });\n  }\n\n  async removeById(id: number): Promise<void> {\n    await this.delete({ id });\n  }\n}"]},"_coverageSchema":"332fd63041d2c1bcb487cc26dd0d5f7d97098a6c","hash":"e714c171e3cb4628b6042a05bb07bde0f43864cb"}
,"/home/alex/PhpstormProjects/astra-storage/UsersService/src/components/user-hashes/user-hashes.service.ts": {"path":"/home/alex/PhpstormProjects/astra-storage/UsersService/src/components/user-hashes/user-hashes.service.ts","statementMap":{"0":{"start":{"line":1,"column":17},"end":{"line":6,"column":1}},"1":{"start":{"line":2,"column":12},"end":{"line":2,"column":28}},"2":{"start":{"line":2,"column":34},"end":{"line":2,"column":125}},"3":{"start":{"line":3,"column":4},"end":{"line":4,"column":150}},"4":{"start":{"line":3,"column":79},"end":{"line":3,"column":131}},"5":{"start":{"line":4,"column":9},"end":{"line":4,"column":150}},"6":{"start":{"line":4,"column":58},"end":{"line":4,"column":150}},"7":{"start":{"line":4,"column":81},"end":{"line":4,"column":150}},"8":{"start":{"line":5,"column":4},"end":{"line":5,"column":66}},"9":{"start":{"line":7,"column":17},"end":{"line":9,"column":1}},"10":{"start":{"line":8,"column":4},"end":{"line":8,"column":109}},"11":{"start":{"line":8,"column":79},"end":{"line":8,"column":109}},"12":{"start":{"line":10,"column":14},"end":{"line":12,"column":1}},"13":{"start":{"line":11,"column":4},"end":{"line":11,"column":73}},"14":{"start":{"line":11,"column":36},"end":{"line":11,"column":71}},"15":{"start":{"line":13,"column":16},"end":{"line":20,"column":1}},"16":{"start":{"line":14,"column":4},"end":{"line":19,"column":7}},"17":{"start":{"line":15,"column":36},"end":{"line":15,"column":97}},"18":{"start":{"line":15,"column":42},"end":{"line":15,"column":70}},"19":{"start":{"line":15,"column":85},"end":{"line":15,"column":95}},"20":{"start":{"line":16,"column":35},"end":{"line":16,"column":100}},"21":{"start":{"line":16,"column":41},"end":{"line":16,"column":73}},"22":{"start":{"line":16,"column":88},"end":{"line":16,"column":98}},"23":{"start":{"line":17,"column":32},"end":{"line":17,"column":149}},"24":{"start":{"line":17,"column":97},"end":{"line":17,"column":119}},"25":{"start":{"line":18,"column":8},"end":{"line":18,"column":78}},"26":{"start":{"line":27,"column":24},"end":{"line":56,"column":1}},"27":{"start":{"line":29,"column":8},"end":{"line":29,"column":39}},"28":{"start":{"line":30,"column":8},"end":{"line":30,"column":57}},"29":{"start":{"line":33,"column":8},"end":{"line":35,"column":11}},"30":{"start":{"line":34,"column":12},"end":{"line":34,"column":65}},"31":{"start":{"line":38,"column":8},"end":{"line":44,"column":11}},"32":{"start":{"line":39,"column":29},"end":{"line":41,"column":14}},"33":{"start":{"line":42,"column":12},"end":{"line":42,"column":98}},"34":{"start":{"line":43,"column":12},"end":{"line":43,"column":66}},"35":{"start":{"line":47,"column":8},"end":{"line":49,"column":11}},"36":{"start":{"line":48,"column":12},"end":{"line":48,"column":67}},"37":{"start":{"line":52,"column":8},"end":{"line":54,"column":11}},"38":{"start":{"line":53,"column":12},"end":{"line":53,"column":59}},"39":{"start":{"line":57,"column":0},"end":{"line":61,"column":22}}},"fnMap":{"0":{"name":"(anonymous_0)","decl":{"start":{"line":1,"column":46},"end":{"line":1,"column":47}},"loc":{"start":{"line":1,"column":87},"end":{"line":6,"column":1}},"line":1},"1":{"name":"(anonymous_1)","decl":{"start":{"line":7,"column":46},"end":{"line":7,"column":47}},"loc":{"start":{"line":7,"column":62},"end":{"line":9,"column":1}},"line":7},"2":{"name":"(anonymous_2)","decl":{"start":{"line":10,"column":40},"end":{"line":10,"column":41}},"loc":{"start":{"line":10,"column":73},"end":{"line":12,"column":1}},"line":10},"3":{"name":"(anonymous_3)","decl":{"start":{"line":11,"column":11},"end":{"line":11,"column":12}},"loc":{"start":{"line":11,"column":34},"end":{"line":11,"column":73}},"line":11},"4":{"name":"(anonymous_4)","decl":{"start":{"line":13,"column":44},"end":{"line":13,"column":45}},"loc":{"start":{"line":13,"column":89},"end":{"line":20,"column":1}},"line":13},"5":{"name":"(anonymous_5)","decl":{"start":{"line":14,"column":36},"end":{"line":14,"column":37}},"loc":{"start":{"line":14,"column":63},"end":{"line":19,"column":5}},"line":14},"6":{"name":"fulfilled","decl":{"start":{"line":15,"column":17},"end":{"line":15,"column":26}},"loc":{"start":{"line":15,"column":34},"end":{"line":15,"column":99}},"line":15},"7":{"name":"rejected","decl":{"start":{"line":16,"column":17},"end":{"line":16,"column":25}},"loc":{"start":{"line":16,"column":33},"end":{"line":16,"column":102}},"line":16},"8":{"name":"step","decl":{"start":{"line":17,"column":17},"end":{"line":17,"column":21}},"loc":{"start":{"line":17,"column":30},"end":{"line":17,"column":151}},"line":17},"9":{"name":"(anonymous_9)","decl":{"start":{"line":17,"column":76},"end":{"line":17,"column":77}},"loc":{"start":{"line":17,"column":95},"end":{"line":17,"column":121}},"line":17},"10":{"name":"(anonymous_10)","decl":{"start":{"line":28,"column":4},"end":{"line":28,"column":5}},"loc":{"start":{"line":28,"column":51},"end":{"line":31,"column":5}},"line":28},"11":{"name":"(anonymous_11)","decl":{"start":{"line":32,"column":4},"end":{"line":32,"column":5}},"loc":{"start":{"line":32,"column":24},"end":{"line":36,"column":5}},"line":32},"12":{"name":"(anonymous_12)","decl":{"start":{"line":33,"column":47},"end":{"line":33,"column":48}},"loc":{"start":{"line":33,"column":60},"end":{"line":35,"column":9}},"line":33},"13":{"name":"(anonymous_13)","decl":{"start":{"line":37,"column":4},"end":{"line":37,"column":5}},"loc":{"start":{"line":37,"column":28},"end":{"line":45,"column":5}},"line":37},"14":{"name":"(anonymous_14)","decl":{"start":{"line":38,"column":47},"end":{"line":38,"column":48}},"loc":{"start":{"line":38,"column":60},"end":{"line":44,"column":9}},"line":38},"15":{"name":"(anonymous_15)","decl":{"start":{"line":46,"column":4},"end":{"line":46,"column":5}},"loc":{"start":{"line":46,"column":34},"end":{"line":50,"column":5}},"line":46},"16":{"name":"(anonymous_16)","decl":{"start":{"line":47,"column":47},"end":{"line":47,"column":48}},"loc":{"start":{"line":47,"column":60},"end":{"line":49,"column":9}},"line":47},"17":{"name":"(anonymous_17)","decl":{"start":{"line":51,"column":4},"end":{"line":51,"column":5}},"loc":{"start":{"line":51,"column":19},"end":{"line":55,"column":5}},"line":51},"18":{"name":"(anonymous_18)","decl":{"start":{"line":52,"column":47},"end":{"line":52,"column":48}},"loc":{"start":{"line":52,"column":60},"end":{"line":54,"column":9}},"line":52}},"branchMap":{"0":{"loc":{"start":{"line":1,"column":17},"end":{"line":6,"column":1}},"type":"binary-expr","locations":[{"start":{"line":1,"column":18},"end":{"line":1,"column":22}},{"start":{"line":1,"column":26},"end":{"line":1,"column":41}},{"start":{"line":1,"column":46},"end":{"line":6,"column":1}}],"line":1},"1":{"loc":{"start":{"line":2,"column":34},"end":{"line":2,"column":125}},"type":"cond-expr","locations":[{"start":{"line":2,"column":42},"end":{"line":2,"column":48}},{"start":{"line":2,"column":51},"end":{"line":2,"column":125}}],"line":2},"2":{"loc":{"start":{"line":2,"column":51},"end":{"line":2,"column":125}},"type":"cond-expr","locations":[{"start":{"line":2,"column":67},"end":{"line":2,"column":118}},{"start":{"line":2,"column":121},"end":{"line":2,"column":125}}],"line":2},"3":{"loc":{"start":{"line":3,"column":4},"end":{"line":4,"column":150}},"type":"if","locations":[{"start":{"line":3,"column":4},"end":{"line":4,"column":150}},{"start":{"line":3,"column":4},"end":{"line":4,"column":150}}],"line":3},"4":{"loc":{"start":{"line":3,"column":8},"end":{"line":3,"column":77}},"type":"binary-expr","locations":[{"start":{"line":3,"column":8},"end":{"line":3,"column":35}},{"start":{"line":3,"column":39},"end":{"line":3,"column":77}}],"line":3},"5":{"loc":{"start":{"line":4,"column":58},"end":{"line":4,"column":150}},"type":"if","locations":[{"start":{"line":4,"column":58},"end":{"line":4,"column":150}},{"start":{"line":4,"column":58},"end":{"line":4,"column":150}}],"line":4},"6":{"loc":{"start":{"line":4,"column":85},"end":{"line":4,"column":149}},"type":"binary-expr","locations":[{"start":{"line":4,"column":86},"end":{"line":4,"column":143}},{"start":{"line":4,"column":148},"end":{"line":4,"column":149}}],"line":4},"7":{"loc":{"start":{"line":4,"column":86},"end":{"line":4,"column":143}},"type":"cond-expr","locations":[{"start":{"line":4,"column":94},"end":{"line":4,"column":98}},{"start":{"line":4,"column":101},"end":{"line":4,"column":143}}],"line":4},"8":{"loc":{"start":{"line":4,"column":101},"end":{"line":4,"column":143}},"type":"cond-expr","locations":[{"start":{"line":4,"column":109},"end":{"line":4,"column":126}},{"start":{"line":4,"column":129},"end":{"line":4,"column":143}}],"line":4},"9":{"loc":{"start":{"line":5,"column":11},"end":{"line":5,"column":62}},"type":"binary-expr","locations":[{"start":{"line":5,"column":11},"end":{"line":5,"column":16}},{"start":{"line":5,"column":20},"end":{"line":5,"column":21}},{"start":{"line":5,"column":25},"end":{"line":5,"column":62}}],"line":5},"10":{"loc":{"start":{"line":7,"column":17},"end":{"line":9,"column":1}},"type":"binary-expr","locations":[{"start":{"line":7,"column":18},"end":{"line":7,"column":22}},{"start":{"line":7,"column":26},"end":{"line":7,"column":41}},{"start":{"line":7,"column":46},"end":{"line":9,"column":1}}],"line":7},"11":{"loc":{"start":{"line":8,"column":4},"end":{"line":8,"column":109}},"type":"if","locations":[{"start":{"line":8,"column":4},"end":{"line":8,"column":109}},{"start":{"line":8,"column":4},"end":{"line":8,"column":109}}],"line":8},"12":{"loc":{"start":{"line":8,"column":8},"end":{"line":8,"column":77}},"type":"binary-expr","locations":[{"start":{"line":8,"column":8},"end":{"line":8,"column":35}},{"start":{"line":8,"column":39},"end":{"line":8,"column":77}}],"line":8},"13":{"loc":{"start":{"line":10,"column":14},"end":{"line":12,"column":1}},"type":"binary-expr","locations":[{"start":{"line":10,"column":15},"end":{"line":10,"column":19}},{"start":{"line":10,"column":23},"end":{"line":10,"column":35}},{"start":{"line":10,"column":40},"end":{"line":12,"column":1}}],"line":10},"14":{"loc":{"start":{"line":13,"column":16},"end":{"line":20,"column":1}},"type":"binary-expr","locations":[{"start":{"line":13,"column":17},"end":{"line":13,"column":21}},{"start":{"line":13,"column":25},"end":{"line":13,"column":39}},{"start":{"line":13,"column":44},"end":{"line":20,"column":1}}],"line":13},"15":{"loc":{"start":{"line":14,"column":16},"end":{"line":14,"column":34}},"type":"binary-expr","locations":[{"start":{"line":14,"column":16},"end":{"line":14,"column":17}},{"start":{"line":14,"column":22},"end":{"line":14,"column":33}}],"line":14},"16":{"loc":{"start":{"line":17,"column":32},"end":{"line":17,"column":148}},"type":"cond-expr","locations":[{"start":{"line":17,"column":46},"end":{"line":17,"column":67}},{"start":{"line":17,"column":70},"end":{"line":17,"column":148}}],"line":17},"17":{"loc":{"start":{"line":18,"column":51},"end":{"line":18,"column":67}},"type":"binary-expr","locations":[{"start":{"line":18,"column":51},"end":{"line":18,"column":61}},{"start":{"line":18,"column":65},"end":{"line":18,"column":67}}],"line":18},"18":{"loc":{"start":{"line":60,"column":37},"end":{"line":60,"column":131}},"type":"binary-expr","locations":[{"start":{"line":60,"column":37},"end":{"line":60,"column":115}},{"start":{"line":60,"column":119},"end":{"line":60,"column":121}},{"start":{"line":60,"column":125},"end":{"line":60,"column":131}}],"line":60},"19":{"loc":{"start":{"line":60,"column":50},"end":{"line":60,"column":99}},"type":"binary-expr","locations":[{"start":{"line":60,"column":50},"end":{"line":60,"column":84}},{"start":{"line":60,"column":88},"end":{"line":60,"column":99}}],"line":60},"20":{"loc":{"start":{"line":60,"column":133},"end":{"line":60,"column":245}},"type":"binary-expr","locations":[{"start":{"line":60,"column":133},"end":{"line":60,"column":229}},{"start":{"line":60,"column":233},"end":{"line":60,"column":235}},{"start":{"line":60,"column":239},"end":{"line":60,"column":245}}],"line":60},"21":{"loc":{"start":{"line":60,"column":146},"end":{"line":60,"column":213}},"type":"binary-expr","locations":[{"start":{"line":60,"column":146},"end":{"line":60,"column":189}},{"start":{"line":60,"column":193},"end":{"line":60,"column":213}}],"line":60}},"s":{"0":2,"1":2,"2":2,"3":2,"4":2,"5":0,"6":0,"7":0,"8":2,"9":2,"10":2,"11":2,"12":2,"13":2,"14":2,"15":2,"16":7,"17":5,"18":5,"19":0,"20":0,"21":0,"22":0,"23":12,"24":5,"25":7,"26":2,"27":7,"28":7,"29":2,"30":2,"31":2,"32":2,"33":2,"34":2,"35":2,"36":2,"37":1,"38":1,"39":2},"f":{"0":2,"1":2,"2":2,"3":2,"4":7,"5":7,"6":5,"7":0,"8":12,"9":5,"10":7,"11":2,"12":2,"13":2,"14":2,"15":2,"16":2,"17":1,"18":1},"b":{"0":[2,0,2],"1":[2,0],"2":[0,0],"3":[2,0],"4":[2,2],"5":[0,0],"6":[0,0],"7":[0,0],"8":[0,0],"9":[2,0,0],"10":[2,0,2],"11":[2,0],"12":[2,2],"13":[2,0,2],"14":[2,0,2],"15":[7,7],"16":[7,5],"17":[7,7],"18":[2,2,0],"19":[2,2],"20":[2,2,0],"21":[2,2]},"inputSourceMap":{"version":3,"file":"user-hashes.service.js","sourceRoot":"","sources":["user-hashes.service.ts"],"names":[],"mappings":";;;;;;;;;;;;;;;;;;;;;AAAA,OAAO,EAAE,UAAU,EAAE,MAAM,gBAAgB,CAAC;AAC5C,OAAO,EAAE,gBAAgB,EAAE,MAAM,iBAAiB,CAAC;AACnD,OAAO,EAAE,QAAQ,EAAE,MAAM,oBAAoB,CAAC;AAC9C,OAAO,EAAE,WAAW,EAAE,MAAM,wBAAwB,CAAC;AACrD,OAAO,EAAE,oBAAoB,EAAE,MAAM,0BAA0B,CAAC;AAIhE,IAAa,iBAAiB,GAA9B;IAEE,YACmB,WAAwB,EAExB,oBAA0C;QAF1C,gBAAW,GAAX,WAAW,CAAa;QAExB,yBAAoB,GAApB,oBAAoB,CAAsB;IAC1D,CAAC;IAEE,aAAa,CAAC,IAAY;;YAC9B,OAAO,IAAI,CAAC,oBAAoB,CAAC,aAAa,CAAC,IAAI,CAAC,CAAC;QACvD,CAAC;KAAA;IAEK,SAAS,CAAC,MAAc,EAAE,IAAe;;YAC7C,MAAM,QAAQ,GAAG,IAAI,QAAQ,CAAC;gBAC1B,MAAM;aACT,CAAC,CAAC;YACH,QAAQ,CAAC,IAAI,GAAG,MAAM,IAAI,CAAC,WAAW,CAAC,YAAY,CAAC,IAAI,CAAC,SAAS,CAAC,EAAE,MAAM,EAAE,IAAI,EAAE,CAAC,CAAC,CAAC;YAEtF,OAAO,MAAM,IAAI,CAAC,oBAAoB,CAAC,IAAI,CAAC,QAAQ,CAAC,CAAC;QACxD,CAAC;KAAA;IAEK,uBAAuB,CAAC,IAAY;;YACxC,OAAO,CAAC,CAAC,IAAI,CAAC,oBAAoB,CAAC,aAAa,CAAC,IAAI,CAAC,CAAC;QACzD,CAAC;KAAA;IAEK,UAAU,CAAC,EAAU;;YACzB,MAAM,IAAI,CAAC,oBAAoB,CAAC,UAAU,CAAC,EAAE,CAAC,CAAC;QACjD,CAAC;KAAA;CAEF,CAAA;AA7BY,iBAAiB;IAD7B,UAAU,EAAE;IAKR,WAAA,gBAAgB,CAAC,oBAAoB,CAAC,CAAA;yDADT,WAAW,oBAAX,WAAW,sDAEF,oBAAoB,oBAApB,oBAAoB;GALlD,iBAAiB,CA6B7B;SA7BY,iBAAiB","sourcesContent":["import { Injectable } from '@nestjs/common';\nimport { InjectRepository } from '@nestjs/typeorm';\nimport { UserHash } from './user-hash.entity';\nimport { HashService } from '@bit/alan18081.astra-storage.common.dist/services';\nimport { UserHashesRepository } from './user-hashes.repository';\nimport { HashTypes } from '@bit/alan18081.astra-storage.common.dist';\n\n@Injectable()\nexport class UserHashesService {\n\n  constructor(\n    private readonly hashService: HashService,\n    @InjectRepository(UserHashesRepository)\n    private readonly userHashesRepository: UserHashesRepository,\n  ) {}\n\n  async findOneByHash(hash: string): Promise<UserHash | undefined> {\n    return this.userHashesRepository.findOneByHash(hash);\n  }\n\n  async createOne(userId: number, type: HashTypes): Promise<UserHash> {\n    const userHash = new UserHash({\n        userId,\n    });\n    userHash.hash = await this.hashService.generateHash(JSON.stringify({ userId, type }));\n\n    return await this.userHashesRepository.save(userHash);\n  }\n\n  async verifyResetPasswordHash(hash: string): Promise<boolean> {\n    return !!this.userHashesRepository.findOneByHash(hash);\n  }\n\n  async removeById(id: number): Promise<void> {\n    await this.userHashesRepository.removeById(id);\n  }\n\n}"]},"_coverageSchema":"332fd63041d2c1bcb487cc26dd0d5f7d97098a6c","hash":"13ac87a017e895b50ce3ae12e59b30ca7da6eb5f"}
,"/home/alex/PhpstormProjects/astra-storage/UsersService/src/components/user-hashes/tests/mocks.ts": {"path":"/home/alex/PhpstormProjects/astra-storage/UsersService/src/components/user-hashes/tests/mocks.ts","statementMap":{"0":{"start":{"line":1,"column":40},"end":{"line":6,"column":1}},"1":{"start":{"line":7,"column":24},"end":{"line":11,"column":1}}},"fnMap":{},"branchMap":{},"s":{"0":2,"1":2},"f":{},"b":{},"inputSourceMap":{"version":3,"file":"mocks.js","sourceRoot":"","sources":["mocks.ts"],"names":[],"mappings":"AAAA,MAAM,CAAC,MAAM,wBAAwB,GAAG;IACpC,OAAO,KAAI,CAAC;IACZ,IAAI,KAAI,CAAC;IACT,aAAa,KAAI,CAAC;IAClB,UAAU,KAAI,CAAC;CAClB,CAAC;AAEF,MAAM,CAAC,MAAM,QAAQ,GAAG;IACpB,EAAE,EAAE,EAAE;IACN,MAAM,EAAE,CAAC;IACT,IAAI,EAAE,MAAM;CACf,CAAC","sourcesContent":["export const mockUserHashesRepository = {\n    findOne() {},\n    save() {},\n    findOneByHash() {},\n    removeById() {},\n};\n\nexport const mockHash = {\n    id: 20,\n    userId: 5,\n    hash: 'hash',\n};"]},"_coverageSchema":"332fd63041d2c1bcb487cc26dd0d5f7d97098a6c","hash":"af23169e0ae96a690f279cb59828230ca682e5d8"}
,"/home/alex/PhpstormProjects/astra-storage/UsersService/src/components/users/user.entity.ts": {"path":"/home/alex/PhpstormProjects/astra-storage/UsersService/src/components/users/user.entity.ts","statementMap":{"0":{"start":{"line":1,"column":17},"end":{"line":6,"column":1}},"1":{"start":{"line":2,"column":12},"end":{"line":2,"column":28}},"2":{"start":{"line":2,"column":34},"end":{"line":2,"column":125}},"3":{"start":{"line":3,"column":4},"end":{"line":4,"column":150}},"4":{"start":{"line":3,"column":79},"end":{"line":3,"column":131}},"5":{"start":{"line":4,"column":9},"end":{"line":4,"column":150}},"6":{"start":{"line":4,"column":58},"end":{"line":4,"column":150}},"7":{"start":{"line":4,"column":81},"end":{"line":4,"column":150}},"8":{"start":{"line":5,"column":4},"end":{"line":5,"column":66}},"9":{"start":{"line":7,"column":17},"end":{"line":9,"column":1}},"10":{"start":{"line":8,"column":4},"end":{"line":8,"column":109}},"11":{"start":{"line":8,"column":79},"end":{"line":8,"column":109}},"12":{"start":{"line":14,"column":11},"end":{"line":18,"column":1}},"13":{"start":{"line":16,"column":8},"end":{"line":16,"column":37}},"14":{"start":{"line":19,"column":0},"end":{"line":22,"column":33}},"15":{"start":{"line":23,"column":0},"end":{"line":26,"column":40}},"16":{"start":{"line":27,"column":0},"end":{"line":30,"column":39}},"17":{"start":{"line":31,"column":0},"end":{"line":34,"column":37}},"18":{"start":{"line":35,"column":0},"end":{"line":39,"column":36}},"19":{"start":{"line":40,"column":0},"end":{"line":43,"column":39}},"20":{"start":{"line":44,"column":0},"end":{"line":48,"column":39}},"21":{"start":{"line":49,"column":0},"end":{"line":52,"column":9}}},"fnMap":{"0":{"name":"(anonymous_0)","decl":{"start":{"line":1,"column":46},"end":{"line":1,"column":47}},"loc":{"start":{"line":1,"column":87},"end":{"line":6,"column":1}},"line":1},"1":{"name":"(anonymous_1)","decl":{"start":{"line":7,"column":46},"end":{"line":7,"column":47}},"loc":{"start":{"line":7,"column":62},"end":{"line":9,"column":1}},"line":7},"2":{"name":"(anonymous_2)","decl":{"start":{"line":15,"column":4},"end":{"line":15,"column":5}},"loc":{"start":{"line":15,"column":25},"end":{"line":17,"column":5}},"line":15}},"branchMap":{"0":{"loc":{"start":{"line":1,"column":17},"end":{"line":6,"column":1}},"type":"binary-expr","locations":[{"start":{"line":1,"column":18},"end":{"line":1,"column":22}},{"start":{"line":1,"column":26},"end":{"line":1,"column":41}},{"start":{"line":1,"column":46},"end":{"line":6,"column":1}}],"line":1},"1":{"loc":{"start":{"line":2,"column":34},"end":{"line":2,"column":125}},"type":"cond-expr","locations":[{"start":{"line":2,"column":42},"end":{"line":2,"column":48}},{"start":{"line":2,"column":51},"end":{"line":2,"column":125}}],"line":2},"2":{"loc":{"start":{"line":2,"column":51},"end":{"line":2,"column":125}},"type":"cond-expr","locations":[{"start":{"line":2,"column":67},"end":{"line":2,"column":118}},{"start":{"line":2,"column":121},"end":{"line":2,"column":125}}],"line":2},"3":{"loc":{"start":{"line":3,"column":4},"end":{"line":4,"column":150}},"type":"if","locations":[{"start":{"line":3,"column":4},"end":{"line":4,"column":150}},{"start":{"line":3,"column":4},"end":{"line":4,"column":150}}],"line":3},"4":{"loc":{"start":{"line":3,"column":8},"end":{"line":3,"column":77}},"type":"binary-expr","locations":[{"start":{"line":3,"column":8},"end":{"line":3,"column":35}},{"start":{"line":3,"column":39},"end":{"line":3,"column":77}}],"line":3},"5":{"loc":{"start":{"line":4,"column":58},"end":{"line":4,"column":150}},"type":"if","locations":[{"start":{"line":4,"column":58},"end":{"line":4,"column":150}},{"start":{"line":4,"column":58},"end":{"line":4,"column":150}}],"line":4},"6":{"loc":{"start":{"line":4,"column":85},"end":{"line":4,"column":149}},"type":"binary-expr","locations":[{"start":{"line":4,"column":86},"end":{"line":4,"column":143}},{"start":{"line":4,"column":148},"end":{"line":4,"column":149}}],"line":4},"7":{"loc":{"start":{"line":4,"column":86},"end":{"line":4,"column":143}},"type":"cond-expr","locations":[{"start":{"line":4,"column":94},"end":{"line":4,"column":98}},{"start":{"line":4,"column":101},"end":{"line":4,"column":143}}],"line":4},"8":{"loc":{"start":{"line":4,"column":101},"end":{"line":4,"column":143}},"type":"cond-expr","locations":[{"start":{"line":4,"column":109},"end":{"line":4,"column":126}},{"start":{"line":4,"column":129},"end":{"line":4,"column":143}}],"line":4},"9":{"loc":{"start":{"line":5,"column":11},"end":{"line":5,"column":62}},"type":"binary-expr","locations":[{"start":{"line":5,"column":11},"end":{"line":5,"column":16}},{"start":{"line":5,"column":20},"end":{"line":5,"column":21}},{"start":{"line":5,"column":25},"end":{"line":5,"column":62}}],"line":5},"10":{"loc":{"start":{"line":7,"column":17},"end":{"line":9,"column":1}},"type":"binary-expr","locations":[{"start":{"line":7,"column":18},"end":{"line":7,"column":22}},{"start":{"line":7,"column":26},"end":{"line":7,"column":41}},{"start":{"line":7,"column":46},"end":{"line":9,"column":1}}],"line":7},"11":{"loc":{"start":{"line":8,"column":4},"end":{"line":8,"column":109}},"type":"if","locations":[{"start":{"line":8,"column":4},"end":{"line":8,"column":109}},{"start":{"line":8,"column":4},"end":{"line":8,"column":109}}],"line":8},"12":{"loc":{"start":{"line":8,"column":8},"end":{"line":8,"column":77}},"type":"binary-expr","locations":[{"start":{"line":8,"column":8},"end":{"line":8,"column":35}},{"start":{"line":8,"column":39},"end":{"line":8,"column":77}}],"line":8},"13":{"loc":{"start":{"line":33,"column":30},"end":{"line":33,"column":112}},"type":"binary-expr","locations":[{"start":{"line":33,"column":30},"end":{"line":33,"column":96}},{"start":{"line":33,"column":100},"end":{"line":33,"column":102}},{"start":{"line":33,"column":106},"end":{"line":33,"column":112}}],"line":33},"14":{"loc":{"start":{"line":33,"column":43},"end":{"line":33,"column":80}},"type":"binary-expr","locations":[{"start":{"line":33,"column":43},"end":{"line":33,"column":71}},{"start":{"line":33,"column":75},"end":{"line":33,"column":80}}],"line":33},"15":{"loc":{"start":{"line":51,"column":37},"end":{"line":51,"column":123}},"type":"binary-expr","locations":[{"start":{"line":51,"column":37},"end":{"line":51,"column":107}},{"start":{"line":51,"column":111},"end":{"line":51,"column":113}},{"start":{"line":51,"column":117},"end":{"line":51,"column":123}}],"line":51},"16":{"loc":{"start":{"line":51,"column":50},"end":{"line":51,"column":91}},"type":"binary-expr","locations":[{"start":{"line":51,"column":50},"end":{"line":51,"column":80}},{"start":{"line":51,"column":84},"end":{"line":51,"column":91}}],"line":51}},"s":{"0":2,"1":16,"2":16,"3":16,"4":16,"5":0,"6":0,"7":0,"8":16,"9":2,"10":16,"11":16,"12":2,"13":8,"14":2,"15":2,"16":2,"17":2,"18":2,"19":2,"20":2,"21":2},"f":{"0":16,"1":16,"2":8},"b":{"0":[2,0,2],"1":[2,14],"2":[0,14],"3":[16,0],"4":[16,16],"5":[0,0],"6":[0,0],"7":[0,0],"8":[0,0],"9":[16,14,0],"10":[2,0,2],"11":[16,0],"12":[16,16],"13":[2,0,2],"14":[2,2],"15":[2,0,2],"16":[2,0]},"inputSourceMap":{"version":3,"file":"user.entity.js","sourceRoot":"","sources":["user.entity.ts"],"names":[],"mappings":";;;;;;;;;;AAAA,OAAO,EAAQ,KAAK,EAAC,MAAM,eAAe,CAAC;AAC3C,OAAO,EAAE,MAAM,EAAE,MAAM,EAAE,KAAK,EAAE,sBAAsB,EAAE,MAAM,SAAS,CAAC;AACxE,OAAO,EAAC,OAAO,EAAC,MAAM,mBAAmB,CAAC;AAG1C,IAAa,IAAI,GAAjB;IAyBI,YAAY,OAAsB;QAC9B,MAAM,CAAC,MAAM,CAAC,IAAI,EAAE,OAAO,CAAC,CAAC;IACjC,CAAC;CAEJ,CAAA;AA1BG;IADC,sBAAsB,EAAE;;gCACd;AAGX;IADC,MAAM,EAAE;;uCACS;AAGlB;IADC,MAAM,EAAE;;sCACQ;AAGjB;IADC,MAAM,CAAC,EAAE,IAAI,EAAE,SAAS,EAAE,OAAO,EAAE,KAAK,CAAC,IAAI,EAAE,CAAC;kDACzC,KAAK,oBAAL,KAAK;oCAAC;AAId;IAFC,MAAM,CAAC,SAAS,CAAC;IACjB,KAAK,EAAE;;mCACM;AAGd;IADC,MAAM,CAAC,EAAE,IAAI,EAAE,SAAS,EAAE,QAAQ,EAAE,IAAI,EAAE,CAAC;;sCAC3B;AAIjB;IAFC,OAAO,EAAE;IACT,MAAM,CAAC,EAAE,IAAI,EAAE,SAAS,EAAE,QAAQ,EAAE,IAAI,EAAE,CAAC;;sCAC3B;AAvBR,IAAI;IADhB,MAAM,EAAE;yDA0BgB,OAAO,oBAAP,OAAO;GAzBnB,IAAI,CA6BhB;SA7BY,IAAI","sourcesContent":["import {IUser, Roles} from '@bit/alan18081.astra-storage.common.dist';\nimport { Column, Entity, Index, PrimaryGeneratedColumn } from 'typeorm';\nimport {Exclude} from 'class-transformer';\n\n@Entity()\nexport class User implements IUser {\n\n    @PrimaryGeneratedColumn()\n    id: number;\n\n    @Column()\n    firstName: string;\n\n    @Column()\n    lastName: string;\n\n    @Column({ type: 'integer', default: Roles.USER })\n    roleId: Roles;\n\n    @Column('varchar')\n    @Index()\n    email: string;\n\n    @Column({ type: 'varchar', nullable: true })\n    googleId: string;\n\n    @Exclude()\n    @Column({ type: 'varchar', nullable: true })\n    password: string;\n\n    constructor(partial: Partial<User>) {\n        Object.assign(this, partial);\n    }\n\n}"]},"_coverageSchema":"332fd63041d2c1bcb487cc26dd0d5f7d97098a6c","hash":"a53671ea0fe94a45712b398ad9f2fb55cbd7f914"}
,"/home/alex/PhpstormProjects/astra-storage/UsersService/src/components/users/users.repository.ts": {"path":"/home/alex/PhpstormProjects/astra-storage/UsersService/src/components/users/users.repository.ts","statementMap":{"0":{"start":{"line":1,"column":17},"end":{"line":6,"column":1}},"1":{"start":{"line":2,"column":12},"end":{"line":2,"column":28}},"2":{"start":{"line":2,"column":34},"end":{"line":2,"column":125}},"3":{"start":{"line":3,"column":4},"end":{"line":4,"column":150}},"4":{"start":{"line":3,"column":79},"end":{"line":3,"column":131}},"5":{"start":{"line":4,"column":9},"end":{"line":4,"column":150}},"6":{"start":{"line":4,"column":58},"end":{"line":4,"column":150}},"7":{"start":{"line":4,"column":81},"end":{"line":4,"column":150}},"8":{"start":{"line":5,"column":4},"end":{"line":5,"column":66}},"9":{"start":{"line":7,"column":16},"end":{"line":14,"column":1}},"10":{"start":{"line":8,"column":4},"end":{"line":13,"column":7}},"11":{"start":{"line":9,"column":36},"end":{"line":9,"column":97}},"12":{"start":{"line":9,"column":42},"end":{"line":9,"column":70}},"13":{"start":{"line":9,"column":85},"end":{"line":9,"column":95}},"14":{"start":{"line":10,"column":35},"end":{"line":10,"column":100}},"15":{"start":{"line":10,"column":41},"end":{"line":10,"column":73}},"16":{"start":{"line":10,"column":88},"end":{"line":10,"column":98}},"17":{"start":{"line":11,"column":32},"end":{"line":11,"column":149}},"18":{"start":{"line":11,"column":97},"end":{"line":11,"column":119}},"19":{"start":{"line":12,"column":8},"end":{"line":12,"column":78}},"20":{"start":{"line":17,"column":22},"end":{"line":49,"column":1}},"21":{"start":{"line":19,"column":8},"end":{"line":21,"column":11}},"22":{"start":{"line":20,"column":12},"end":{"line":20,"column":40}},"23":{"start":{"line":24,"column":8},"end":{"line":26,"column":11}},"24":{"start":{"line":25,"column":12},"end":{"line":25,"column":43}},"25":{"start":{"line":29,"column":8},"end":{"line":31,"column":11}},"26":{"start":{"line":30,"column":12},"end":{"line":30,"column":46}},"27":{"start":{"line":34,"column":8},"end":{"line":37,"column":11}},"28":{"start":{"line":35,"column":12},"end":{"line":35,"column":44}},"29":{"start":{"line":36,"column":12},"end":{"line":36,"column":37}},"30":{"start":{"line":40,"column":8},"end":{"line":42,"column":11}},"31":{"start":{"line":41,"column":12},"end":{"line":41,"column":44}},"32":{"start":{"line":45,"column":8},"end":{"line":47,"column":11}},"33":{"start":{"line":46,"column":12},"end":{"line":46,"column":38}},"34":{"start":{"line":50,"column":0},"end":{"line":52,"column":20}}},"fnMap":{"0":{"name":"(anonymous_0)","decl":{"start":{"line":1,"column":46},"end":{"line":1,"column":47}},"loc":{"start":{"line":1,"column":87},"end":{"line":6,"column":1}},"line":1},"1":{"name":"(anonymous_1)","decl":{"start":{"line":7,"column":44},"end":{"line":7,"column":45}},"loc":{"start":{"line":7,"column":89},"end":{"line":14,"column":1}},"line":7},"2":{"name":"(anonymous_2)","decl":{"start":{"line":8,"column":36},"end":{"line":8,"column":37}},"loc":{"start":{"line":8,"column":63},"end":{"line":13,"column":5}},"line":8},"3":{"name":"fulfilled","decl":{"start":{"line":9,"column":17},"end":{"line":9,"column":26}},"loc":{"start":{"line":9,"column":34},"end":{"line":9,"column":99}},"line":9},"4":{"name":"rejected","decl":{"start":{"line":10,"column":17},"end":{"line":10,"column":25}},"loc":{"start":{"line":10,"column":33},"end":{"line":10,"column":102}},"line":10},"5":{"name":"step","decl":{"start":{"line":11,"column":17},"end":{"line":11,"column":21}},"loc":{"start":{"line":11,"column":30},"end":{"line":11,"column":151}},"line":11},"6":{"name":"(anonymous_6)","decl":{"start":{"line":11,"column":76},"end":{"line":11,"column":77}},"loc":{"start":{"line":11,"column":95},"end":{"line":11,"column":121}},"line":11},"7":{"name":"(anonymous_7)","decl":{"start":{"line":18,"column":4},"end":{"line":18,"column":5}},"loc":{"start":{"line":18,"column":17},"end":{"line":22,"column":5}},"line":18},"8":{"name":"(anonymous_8)","decl":{"start":{"line":19,"column":47},"end":{"line":19,"column":48}},"loc":{"start":{"line":19,"column":60},"end":{"line":21,"column":9}},"line":19},"9":{"name":"(anonymous_9)","decl":{"start":{"line":23,"column":4},"end":{"line":23,"column":5}},"loc":{"start":{"line":23,"column":26},"end":{"line":27,"column":5}},"line":23},"10":{"name":"(anonymous_10)","decl":{"start":{"line":24,"column":47},"end":{"line":24,"column":48}},"loc":{"start":{"line":24,"column":60},"end":{"line":26,"column":9}},"line":24},"11":{"name":"(anonymous_11)","decl":{"start":{"line":28,"column":4},"end":{"line":28,"column":5}},"loc":{"start":{"line":28,"column":32},"end":{"line":32,"column":5}},"line":28},"12":{"name":"(anonymous_12)","decl":{"start":{"line":29,"column":47},"end":{"line":29,"column":48}},"loc":{"start":{"line":29,"column":60},"end":{"line":31,"column":9}},"line":29},"13":{"name":"(anonymous_13)","decl":{"start":{"line":33,"column":4},"end":{"line":33,"column":5}},"loc":{"start":{"line":33,"column":31},"end":{"line":38,"column":5}},"line":33},"14":{"name":"(anonymous_14)","decl":{"start":{"line":34,"column":47},"end":{"line":34,"column":48}},"loc":{"start":{"line":34,"column":60},"end":{"line":37,"column":9}},"line":34},"15":{"name":"(anonymous_15)","decl":{"start":{"line":39,"column":4},"end":{"line":39,"column":5}},"loc":{"start":{"line":39,"column":24},"end":{"line":43,"column":5}},"line":39},"16":{"name":"(anonymous_16)","decl":{"start":{"line":40,"column":47},"end":{"line":40,"column":48}},"loc":{"start":{"line":40,"column":60},"end":{"line":42,"column":9}},"line":40},"17":{"name":"(anonymous_17)","decl":{"start":{"line":44,"column":4},"end":{"line":44,"column":5}},"loc":{"start":{"line":44,"column":19},"end":{"line":48,"column":5}},"line":44},"18":{"name":"(anonymous_18)","decl":{"start":{"line":45,"column":47},"end":{"line":45,"column":48}},"loc":{"start":{"line":45,"column":60},"end":{"line":47,"column":9}},"line":45}},"branchMap":{"0":{"loc":{"start":{"line":1,"column":17},"end":{"line":6,"column":1}},"type":"binary-expr","locations":[{"start":{"line":1,"column":18},"end":{"line":1,"column":22}},{"start":{"line":1,"column":26},"end":{"line":1,"column":41}},{"start":{"line":1,"column":46},"end":{"line":6,"column":1}}],"line":1},"1":{"loc":{"start":{"line":2,"column":34},"end":{"line":2,"column":125}},"type":"cond-expr","locations":[{"start":{"line":2,"column":42},"end":{"line":2,"column":48}},{"start":{"line":2,"column":51},"end":{"line":2,"column":125}}],"line":2},"2":{"loc":{"start":{"line":2,"column":51},"end":{"line":2,"column":125}},"type":"cond-expr","locations":[{"start":{"line":2,"column":67},"end":{"line":2,"column":118}},{"start":{"line":2,"column":121},"end":{"line":2,"column":125}}],"line":2},"3":{"loc":{"start":{"line":3,"column":4},"end":{"line":4,"column":150}},"type":"if","locations":[{"start":{"line":3,"column":4},"end":{"line":4,"column":150}},{"start":{"line":3,"column":4},"end":{"line":4,"column":150}}],"line":3},"4":{"loc":{"start":{"line":3,"column":8},"end":{"line":3,"column":77}},"type":"binary-expr","locations":[{"start":{"line":3,"column":8},"end":{"line":3,"column":35}},{"start":{"line":3,"column":39},"end":{"line":3,"column":77}}],"line":3},"5":{"loc":{"start":{"line":4,"column":58},"end":{"line":4,"column":150}},"type":"if","locations":[{"start":{"line":4,"column":58},"end":{"line":4,"column":150}},{"start":{"line":4,"column":58},"end":{"line":4,"column":150}}],"line":4},"6":{"loc":{"start":{"line":4,"column":85},"end":{"line":4,"column":149}},"type":"binary-expr","locations":[{"start":{"line":4,"column":86},"end":{"line":4,"column":143}},{"start":{"line":4,"column":148},"end":{"line":4,"column":149}}],"line":4},"7":{"loc":{"start":{"line":4,"column":86},"end":{"line":4,"column":143}},"type":"cond-expr","locations":[{"start":{"line":4,"column":94},"end":{"line":4,"column":98}},{"start":{"line":4,"column":101},"end":{"line":4,"column":143}}],"line":4},"8":{"loc":{"start":{"line":4,"column":101},"end":{"line":4,"column":143}},"type":"cond-expr","locations":[{"start":{"line":4,"column":109},"end":{"line":4,"column":126}},{"start":{"line":4,"column":129},"end":{"line":4,"column":143}}],"line":4},"9":{"loc":{"start":{"line":5,"column":11},"end":{"line":5,"column":62}},"type":"binary-expr","locations":[{"start":{"line":5,"column":11},"end":{"line":5,"column":16}},{"start":{"line":5,"column":20},"end":{"line":5,"column":21}},{"start":{"line":5,"column":25},"end":{"line":5,"column":62}}],"line":5},"10":{"loc":{"start":{"line":7,"column":16},"end":{"line":14,"column":1}},"type":"binary-expr","locations":[{"start":{"line":7,"column":17},"end":{"line":7,"column":21}},{"start":{"line":7,"column":25},"end":{"line":7,"column":39}},{"start":{"line":7,"column":44},"end":{"line":14,"column":1}}],"line":7},"11":{"loc":{"start":{"line":8,"column":16},"end":{"line":8,"column":34}},"type":"binary-expr","locations":[{"start":{"line":8,"column":16},"end":{"line":8,"column":17}},{"start":{"line":8,"column":22},"end":{"line":8,"column":33}}],"line":8},"12":{"loc":{"start":{"line":11,"column":32},"end":{"line":11,"column":148}},"type":"cond-expr","locations":[{"start":{"line":11,"column":46},"end":{"line":11,"column":67}},{"start":{"line":11,"column":70},"end":{"line":11,"column":148}}],"line":11},"13":{"loc":{"start":{"line":12,"column":51},"end":{"line":12,"column":67}},"type":"binary-expr","locations":[{"start":{"line":12,"column":51},"end":{"line":12,"column":61}},{"start":{"line":12,"column":65},"end":{"line":12,"column":67}}],"line":12}},"s":{"0":2,"1":2,"2":2,"3":2,"4":2,"5":0,"6":0,"7":0,"8":2,"9":2,"10":11,"11":5,"12":5,"13":0,"14":0,"15":0,"16":0,"17":16,"18":5,"19":11,"20":2,"21":3,"22":3,"23":2,"24":2,"25":1,"26":1,"27":3,"28":3,"29":3,"30":1,"31":1,"32":1,"33":1,"34":2},"f":{"0":2,"1":11,"2":11,"3":5,"4":0,"5":16,"6":5,"7":3,"8":3,"9":2,"10":2,"11":1,"12":1,"13":3,"14":3,"15":1,"16":1,"17":1,"18":1},"b":{"0":[2,0,2],"1":[2,0],"2":[0,0],"3":[2,0],"4":[2,2],"5":[0,0],"6":[0,0],"7":[0,0],"8":[0,0],"9":[2,0,0],"10":[2,0,2],"11":[11,11],"12":[11,5],"13":[11,11]},"inputSourceMap":{"version":3,"file":"users.repository.js","sourceRoot":"","sources":["users.repository.ts"],"names":[],"mappings":";;;;;;;;;;;;;;AAAA,OAAO,EAAC,gBAAgB,EAAE,UAAU,EAAC,MAAM,SAAS,CAAC;AACrD,OAAO,EAAC,IAAI,EAAC,MAAM,eAAe,CAAC;AAGnC,IAAa,eAAe,GAA5B,qBAA6B,SAAQ,UAAgB;IAE3C,QAAQ,CAAC,EAAU;;YACrB,OAAO,IAAI,CAAC,OAAO,CAAC,EAAE,EAAE,EAAE,CAAC,CAAC;QAChC,CAAC;KAAA;IAEK,cAAc,CAAC,KAAa;;YAC9B,OAAO,IAAI,CAAC,OAAO,CAAC,EAAE,KAAK,EAAE,CAAC,CAAC;QACnC,CAAC;KAAA;IAEK,iBAAiB,CAAC,QAAgB;;YACpC,OAAO,IAAI,CAAC,OAAO,CAAC,EAAE,QAAQ,EAAE,CAAC,CAAC;QACtC,CAAC;KAAA;IAEK,gBAAgB,CAAC,EAAU,EAAE,IAAmB;;YAClD,MAAM,IAAI,CAAC,MAAM,CAAC,EAAE,EAAE,EAAE,EAAE,IAAI,CAAC,CAAC;YAChC,OAAO,IAAI,CAAC,QAAQ,CAAC,EAAE,CAAC,CAAC;QAC7B,CAAC;KAAA;IAEK,SAAS,CAAC,EAAU,EAAE,IAAmB;;YAC3C,MAAM,IAAI,CAAC,MAAM,CAAC,EAAE,EAAE,EAAE,EAAE,IAAI,CAAC,CAAC;QACpC,CAAC;KAAA;IAEK,UAAU,CAAC,EAAU;;YACvB,MAAM,IAAI,CAAC,MAAM,CAAC,EAAE,EAAE,EAAE,CAAC,CAAC;QAC9B,CAAC;KAAA;CACJ,CAAA;AA1BY,eAAe;IAD3B,gBAAgB,CAAC,IAAI,CAAC;GACV,eAAe,CA0B3B;SA1BY,eAAe","sourcesContent":["import {EntityRepository, Repository} from 'typeorm';\nimport {User} from './user.entity';\n\n@EntityRepository(User)\nexport class UsersRepository extends Repository<User> {\n\n    async findById(id: number): Promise<User | undefined> {\n        return this.findOne({ id });\n    }\n\n    async findOneByEmail(email: string): Promise<User | undefined> {\n        return this.findOne({ email });\n    }\n\n    async findOneByGoogleId(googleId: string): Promise<User | undefined> {\n        return this.findOne({ googleId });\n    }\n\n    async updateOneAndFind(id: number, data: Partial<User>): Promise<User | undefined> {\n        await this.update({ id }, data);\n        return this.findById(id);\n    }\n\n    async updateOne(id: number, data: Partial<User>): Promise<void> {\n        await this.update({ id }, data);\n    }\n\n    async removeById(id: number): Promise<void> {\n        await this.delete({ id });\n    }\n}"]},"_coverageSchema":"332fd63041d2c1bcb487cc26dd0d5f7d97098a6c","hash":"e476956ce5023245a6a659e1da4bff9264485de2"}
,"/home/alex/PhpstormProjects/astra-storage/UsersService/src/components/users/users.service.ts": {"path":"/home/alex/PhpstormProjects/astra-storage/UsersService/src/components/users/users.service.ts","statementMap":{"0":{"start":{"line":1,"column":17},"end":{"line":6,"column":1}},"1":{"start":{"line":2,"column":12},"end":{"line":2,"column":28}},"2":{"start":{"line":2,"column":34},"end":{"line":2,"column":125}},"3":{"start":{"line":3,"column":4},"end":{"line":4,"column":150}},"4":{"start":{"line":3,"column":79},"end":{"line":3,"column":131}},"5":{"start":{"line":4,"column":9},"end":{"line":4,"column":150}},"6":{"start":{"line":4,"column":58},"end":{"line":4,"column":150}},"7":{"start":{"line":4,"column":81},"end":{"line":4,"column":150}},"8":{"start":{"line":5,"column":4},"end":{"line":5,"column":66}},"9":{"start":{"line":7,"column":17},"end":{"line":9,"column":1}},"10":{"start":{"line":8,"column":4},"end":{"line":8,"column":109}},"11":{"start":{"line":8,"column":79},"end":{"line":8,"column":109}},"12":{"start":{"line":10,"column":14},"end":{"line":12,"column":1}},"13":{"start":{"line":11,"column":4},"end":{"line":11,"column":73}},"14":{"start":{"line":11,"column":36},"end":{"line":11,"column":71}},"15":{"start":{"line":13,"column":16},"end":{"line":20,"column":1}},"16":{"start":{"line":14,"column":4},"end":{"line":19,"column":7}},"17":{"start":{"line":15,"column":36},"end":{"line":15,"column":97}},"18":{"start":{"line":15,"column":42},"end":{"line":15,"column":70}},"19":{"start":{"line":15,"column":85},"end":{"line":15,"column":95}},"20":{"start":{"line":16,"column":35},"end":{"line":16,"column":100}},"21":{"start":{"line":16,"column":41},"end":{"line":16,"column":73}},"22":{"start":{"line":16,"column":88},"end":{"line":16,"column":98}},"23":{"start":{"line":17,"column":32},"end":{"line":17,"column":149}},"24":{"start":{"line":17,"column":97},"end":{"line":17,"column":119}},"25":{"start":{"line":18,"column":8},"end":{"line":18,"column":78}},"26":{"start":{"line":31,"column":19},"end":{"line":133,"column":1}},"27":{"start":{"line":33,"column":8},"end":{"line":33,"column":47}},"28":{"start":{"line":34,"column":8},"end":{"line":34,"column":39}},"29":{"start":{"line":35,"column":8},"end":{"line":35,"column":51}},"30":{"start":{"line":38,"column":8},"end":{"line":40,"column":11}},"31":{"start":{"line":39,"column":12},"end":{"line":39,"column":49}},"32":{"start":{"line":43,"column":8},"end":{"line":45,"column":11}},"33":{"start":{"line":44,"column":12},"end":{"line":44,"column":53}},"34":{"start":{"line":48,"column":8},"end":{"line":50,"column":11}},"35":{"start":{"line":49,"column":12},"end":{"line":49,"column":62}},"36":{"start":{"line":53,"column":8},"end":{"line":55,"column":11}},"37":{"start":{"line":54,"column":12},"end":{"line":54,"column":68}},"38":{"start":{"line":58,"column":8},"end":{"line":60,"column":11}},"39":{"start":{"line":59,"column":12},"end":{"line":59,"column":67}},"40":{"start":{"line":63,"column":8},"end":{"line":70,"column":11}},"41":{"start":{"line":64,"column":12},"end":{"line":66,"column":13}},"42":{"start":{"line":65,"column":16},"end":{"line":65,"column":69}},"43":{"start":{"line":67,"column":28},"end":{"line":67,"column":41}},"44":{"start":{"line":68,"column":12},"end":{"line":68,"column":81}},"45":{"start":{"line":69,"column":12},"end":{"line":69,"column":54}},"46":{"start":{"line":73,"column":8},"end":{"line":79,"column":11}},"47":{"start":{"line":74,"column":12},"end":{"line":76,"column":13}},"48":{"start":{"line":75,"column":16},"end":{"line":75,"column":69}},"49":{"start":{"line":77,"column":28},"end":{"line":77,"column":41}},"50":{"start":{"line":78,"column":12},"end":{"line":78,"column":54}},"51":{"start":{"line":82,"column":8},"end":{"line":84,"column":11}},"52":{"start":{"line":83,"column":12},"end":{"line":83,"column":54}},"53":{"start":{"line":87,"column":8},"end":{"line":101,"column":11}},"54":{"start":{"line":88,"column":25},"end":{"line":88,"column":73}},"55":{"start":{"line":89,"column":12},"end":{"line":91,"column":13}},"56":{"start":{"line":90,"column":16},"end":{"line":90,"column":64}},"57":{"start":{"line":92,"column":29},"end":{"line":92,"column":102}},"58":{"start":{"line":93,"column":12},"end":{"line":100,"column":29}},"59":{"start":{"line":104,"column":8},"end":{"line":114,"column":11}},"60":{"start":{"line":105,"column":29},"end":{"line":105,"column":77}},"61":{"start":{"line":106,"column":12},"end":{"line":108,"column":13}},"62":{"start":{"line":107,"column":16},"end":{"line":107,"column":71}},"63":{"start":{"line":109,"column":33},"end":{"line":109,"column":78}},"64":{"start":{"line":110,"column":12},"end":{"line":113,"column":15}},"65":{"start":{"line":117,"column":8},"end":{"line":131,"column":11}},"66":{"start":{"line":118,"column":25},"end":{"line":118,"column":64}},"67":{"start":{"line":119,"column":12},"end":{"line":121,"column":13}},"68":{"start":{"line":120,"column":16},"end":{"line":120,"column":64}},"69":{"start":{"line":122,"column":12},"end":{"line":124,"column":13}},"70":{"start":{"line":123,"column":16},"end":{"line":123,"column":75}},"71":{"start":{"line":125,"column":28},"end":{"line":125,"column":90}},"72":{"start":{"line":126,"column":12},"end":{"line":128,"column":13}},"73":{"start":{"line":127,"column":16},"end":{"line":127,"column":64}},"74":{"start":{"line":129,"column":36},"end":{"line":129,"column":84}},"75":{"start":{"line":130,"column":12},"end":{"line":130,"column":84}},"76":{"start":{"line":134,"column":0},"end":{"line":137,"column":51}},"77":{"start":{"line":138,"column":0},"end":{"line":142,"column":17}}},"fnMap":{"0":{"name":"(anonymous_0)","decl":{"start":{"line":1,"column":46},"end":{"line":1,"column":47}},"loc":{"start":{"line":1,"column":87},"end":{"line":6,"column":1}},"line":1},"1":{"name":"(anonymous_1)","decl":{"start":{"line":7,"column":46},"end":{"line":7,"column":47}},"loc":{"start":{"line":7,"column":62},"end":{"line":9,"column":1}},"line":7},"2":{"name":"(anonymous_2)","decl":{"start":{"line":10,"column":40},"end":{"line":10,"column":41}},"loc":{"start":{"line":10,"column":73},"end":{"line":12,"column":1}},"line":10},"3":{"name":"(anonymous_3)","decl":{"start":{"line":11,"column":11},"end":{"line":11,"column":12}},"loc":{"start":{"line":11,"column":34},"end":{"line":11,"column":73}},"line":11},"4":{"name":"(anonymous_4)","decl":{"start":{"line":13,"column":44},"end":{"line":13,"column":45}},"loc":{"start":{"line":13,"column":89},"end":{"line":20,"column":1}},"line":13},"5":{"name":"(anonymous_5)","decl":{"start":{"line":14,"column":36},"end":{"line":14,"column":37}},"loc":{"start":{"line":14,"column":63},"end":{"line":19,"column":5}},"line":14},"6":{"name":"fulfilled","decl":{"start":{"line":15,"column":17},"end":{"line":15,"column":26}},"loc":{"start":{"line":15,"column":34},"end":{"line":15,"column":99}},"line":15},"7":{"name":"rejected","decl":{"start":{"line":16,"column":17},"end":{"line":16,"column":25}},"loc":{"start":{"line":16,"column":33},"end":{"line":16,"column":102}},"line":16},"8":{"name":"step","decl":{"start":{"line":17,"column":17},"end":{"line":17,"column":21}},"loc":{"start":{"line":17,"column":30},"end":{"line":17,"column":151}},"line":17},"9":{"name":"(anonymous_9)","decl":{"start":{"line":17,"column":76},"end":{"line":17,"column":77}},"loc":{"start":{"line":17,"column":95},"end":{"line":17,"column":121}},"line":17},"10":{"name":"(anonymous_10)","decl":{"start":{"line":32,"column":4},"end":{"line":32,"column":5}},"loc":{"start":{"line":32,"column":65},"end":{"line":36,"column":5}},"line":32},"11":{"name":"(anonymous_11)","decl":{"start":{"line":37,"column":4},"end":{"line":37,"column":5}},"loc":{"start":{"line":37,"column":15},"end":{"line":41,"column":5}},"line":37},"12":{"name":"(anonymous_12)","decl":{"start":{"line":38,"column":47},"end":{"line":38,"column":48}},"loc":{"start":{"line":38,"column":60},"end":{"line":40,"column":9}},"line":38},"13":{"name":"(anonymous_13)","decl":{"start":{"line":42,"column":4},"end":{"line":42,"column":5}},"loc":{"start":{"line":42,"column":17},"end":{"line":46,"column":5}},"line":42},"14":{"name":"(anonymous_14)","decl":{"start":{"line":43,"column":47},"end":{"line":43,"column":48}},"loc":{"start":{"line":43,"column":60},"end":{"line":45,"column":9}},"line":43},"15":{"name":"(anonymous_15)","decl":{"start":{"line":47,"column":4},"end":{"line":47,"column":5}},"loc":{"start":{"line":47,"column":26},"end":{"line":51,"column":5}},"line":47},"16":{"name":"(anonymous_16)","decl":{"start":{"line":48,"column":47},"end":{"line":48,"column":48}},"loc":{"start":{"line":48,"column":60},"end":{"line":50,"column":9}},"line":48},"17":{"name":"(anonymous_17)","decl":{"start":{"line":52,"column":4},"end":{"line":52,"column":5}},"loc":{"start":{"line":52,"column":32},"end":{"line":56,"column":5}},"line":52},"18":{"name":"(anonymous_18)","decl":{"start":{"line":53,"column":47},"end":{"line":53,"column":48}},"loc":{"start":{"line":53,"column":60},"end":{"line":55,"column":9}},"line":53},"19":{"name":"(anonymous_19)","decl":{"start":{"line":57,"column":4},"end":{"line":57,"column":5}},"loc":{"start":{"line":57,"column":24},"end":{"line":61,"column":5}},"line":57},"20":{"name":"(anonymous_20)","decl":{"start":{"line":58,"column":47},"end":{"line":58,"column":48}},"loc":{"start":{"line":58,"column":60},"end":{"line":60,"column":9}},"line":58},"21":{"name":"(anonymous_21)","decl":{"start":{"line":62,"column":4},"end":{"line":62,"column":5}},"loc":{"start":{"line":62,"column":19},"end":{"line":71,"column":5}},"line":62},"22":{"name":"(anonymous_22)","decl":{"start":{"line":63,"column":47},"end":{"line":63,"column":48}},"loc":{"start":{"line":63,"column":60},"end":{"line":70,"column":9}},"line":63},"23":{"name":"(anonymous_23)","decl":{"start":{"line":72,"column":4},"end":{"line":72,"column":5}},"loc":{"start":{"line":72,"column":27},"end":{"line":80,"column":5}},"line":72},"24":{"name":"(anonymous_24)","decl":{"start":{"line":73,"column":47},"end":{"line":73,"column":48}},"loc":{"start":{"line":73,"column":60},"end":{"line":79,"column":9}},"line":73},"25":{"name":"(anonymous_25)","decl":{"start":{"line":81,"column":4},"end":{"line":81,"column":5}},"loc":{"start":{"line":81,"column":19},"end":{"line":85,"column":5}},"line":81},"26":{"name":"(anonymous_26)","decl":{"start":{"line":82,"column":47},"end":{"line":82,"column":48}},"loc":{"start":{"line":82,"column":60},"end":{"line":84,"column":9}},"line":82},"27":{"name":"(anonymous_27)","decl":{"start":{"line":86,"column":4},"end":{"line":86,"column":5}},"loc":{"start":{"line":86,"column":25},"end":{"line":102,"column":5}},"line":86},"28":{"name":"(anonymous_28)","decl":{"start":{"line":87,"column":47},"end":{"line":87,"column":48}},"loc":{"start":{"line":87,"column":60},"end":{"line":101,"column":9}},"line":87},"29":{"name":"(anonymous_29)","decl":{"start":{"line":103,"column":4},"end":{"line":103,"column":5}},"loc":{"start":{"line":103,"column":39},"end":{"line":115,"column":5}},"line":103},"30":{"name":"(anonymous_30)","decl":{"start":{"line":104,"column":47},"end":{"line":104,"column":48}},"loc":{"start":{"line":104,"column":60},"end":{"line":114,"column":9}},"line":104},"31":{"name":"(anonymous_31)","decl":{"start":{"line":116,"column":4},"end":{"line":116,"column":5}},"loc":{"start":{"line":116,"column":53},"end":{"line":132,"column":5}},"line":116},"32":{"name":"(anonymous_32)","decl":{"start":{"line":117,"column":47},"end":{"line":117,"column":48}},"loc":{"start":{"line":117,"column":60},"end":{"line":131,"column":9}},"line":117}},"branchMap":{"0":{"loc":{"start":{"line":1,"column":17},"end":{"line":6,"column":1}},"type":"binary-expr","locations":[{"start":{"line":1,"column":18},"end":{"line":1,"column":22}},{"start":{"line":1,"column":26},"end":{"line":1,"column":41}},{"start":{"line":1,"column":46},"end":{"line":6,"column":1}}],"line":1},"1":{"loc":{"start":{"line":2,"column":34},"end":{"line":2,"column":125}},"type":"cond-expr","locations":[{"start":{"line":2,"column":42},"end":{"line":2,"column":48}},{"start":{"line":2,"column":51},"end":{"line":2,"column":125}}],"line":2},"2":{"loc":{"start":{"line":2,"column":51},"end":{"line":2,"column":125}},"type":"cond-expr","locations":[{"start":{"line":2,"column":67},"end":{"line":2,"column":118}},{"start":{"line":2,"column":121},"end":{"line":2,"column":125}}],"line":2},"3":{"loc":{"start":{"line":3,"column":4},"end":{"line":4,"column":150}},"type":"if","locations":[{"start":{"line":3,"column":4},"end":{"line":4,"column":150}},{"start":{"line":3,"column":4},"end":{"line":4,"column":150}}],"line":3},"4":{"loc":{"start":{"line":3,"column":8},"end":{"line":3,"column":77}},"type":"binary-expr","locations":[{"start":{"line":3,"column":8},"end":{"line":3,"column":35}},{"start":{"line":3,"column":39},"end":{"line":3,"column":77}}],"line":3},"5":{"loc":{"start":{"line":4,"column":58},"end":{"line":4,"column":150}},"type":"if","locations":[{"start":{"line":4,"column":58},"end":{"line":4,"column":150}},{"start":{"line":4,"column":58},"end":{"line":4,"column":150}}],"line":4},"6":{"loc":{"start":{"line":4,"column":85},"end":{"line":4,"column":149}},"type":"binary-expr","locations":[{"start":{"line":4,"column":86},"end":{"line":4,"column":143}},{"start":{"line":4,"column":148},"end":{"line":4,"column":149}}],"line":4},"7":{"loc":{"start":{"line":4,"column":86},"end":{"line":4,"column":143}},"type":"cond-expr","locations":[{"start":{"line":4,"column":94},"end":{"line":4,"column":98}},{"start":{"line":4,"column":101},"end":{"line":4,"column":143}}],"line":4},"8":{"loc":{"start":{"line":4,"column":101},"end":{"line":4,"column":143}},"type":"cond-expr","locations":[{"start":{"line":4,"column":109},"end":{"line":4,"column":126}},{"start":{"line":4,"column":129},"end":{"line":4,"column":143}}],"line":4},"9":{"loc":{"start":{"line":5,"column":11},"end":{"line":5,"column":62}},"type":"binary-expr","locations":[{"start":{"line":5,"column":11},"end":{"line":5,"column":16}},{"start":{"line":5,"column":20},"end":{"line":5,"column":21}},{"start":{"line":5,"column":25},"end":{"line":5,"column":62}}],"line":5},"10":{"loc":{"start":{"line":7,"column":17},"end":{"line":9,"column":1}},"type":"binary-expr","locations":[{"start":{"line":7,"column":18},"end":{"line":7,"column":22}},{"start":{"line":7,"column":26},"end":{"line":7,"column":41}},{"start":{"line":7,"column":46},"end":{"line":9,"column":1}}],"line":7},"11":{"loc":{"start":{"line":8,"column":4},"end":{"line":8,"column":109}},"type":"if","locations":[{"start":{"line":8,"column":4},"end":{"line":8,"column":109}},{"start":{"line":8,"column":4},"end":{"line":8,"column":109}}],"line":8},"12":{"loc":{"start":{"line":8,"column":8},"end":{"line":8,"column":77}},"type":"binary-expr","locations":[{"start":{"line":8,"column":8},"end":{"line":8,"column":35}},{"start":{"line":8,"column":39},"end":{"line":8,"column":77}}],"line":8},"13":{"loc":{"start":{"line":10,"column":14},"end":{"line":12,"column":1}},"type":"binary-expr","locations":[{"start":{"line":10,"column":15},"end":{"line":10,"column":19}},{"start":{"line":10,"column":23},"end":{"line":10,"column":35}},{"start":{"line":10,"column":40},"end":{"line":12,"column":1}}],"line":10},"14":{"loc":{"start":{"line":13,"column":16},"end":{"line":20,"column":1}},"type":"binary-expr","locations":[{"start":{"line":13,"column":17},"end":{"line":13,"column":21}},{"start":{"line":13,"column":25},"end":{"line":13,"column":39}},{"start":{"line":13,"column":44},"end":{"line":20,"column":1}}],"line":13},"15":{"loc":{"start":{"line":14,"column":16},"end":{"line":14,"column":34}},"type":"binary-expr","locations":[{"start":{"line":14,"column":16},"end":{"line":14,"column":17}},{"start":{"line":14,"column":22},"end":{"line":14,"column":33}}],"line":14},"16":{"loc":{"start":{"line":17,"column":32},"end":{"line":17,"column":148}},"type":"cond-expr","locations":[{"start":{"line":17,"column":46},"end":{"line":17,"column":67}},{"start":{"line":17,"column":70},"end":{"line":17,"column":148}}],"line":17},"17":{"loc":{"start":{"line":18,"column":51},"end":{"line":18,"column":67}},"type":"binary-expr","locations":[{"start":{"line":18,"column":51},"end":{"line":18,"column":61}},{"start":{"line":18,"column":65},"end":{"line":18,"column":67}}],"line":18},"18":{"loc":{"start":{"line":64,"column":12},"end":{"line":66,"column":13}},"type":"if","locations":[{"start":{"line":64,"column":12},"end":{"line":66,"column":13}},{"start":{"line":64,"column":12},"end":{"line":66,"column":13}}],"line":64},"19":{"loc":{"start":{"line":74,"column":12},"end":{"line":76,"column":13}},"type":"if","locations":[{"start":{"line":74,"column":12},"end":{"line":76,"column":13}},{"start":{"line":74,"column":12},"end":{"line":76,"column":13}}],"line":74},"20":{"loc":{"start":{"line":89,"column":12},"end":{"line":91,"column":13}},"type":"if","locations":[{"start":{"line":89,"column":12},"end":{"line":91,"column":13}},{"start":{"line":89,"column":12},"end":{"line":91,"column":13}}],"line":89},"21":{"loc":{"start":{"line":106,"column":12},"end":{"line":108,"column":13}},"type":"if","locations":[{"start":{"line":106,"column":12},"end":{"line":108,"column":13}},{"start":{"line":106,"column":12},"end":{"line":108,"column":13}}],"line":106},"22":{"loc":{"start":{"line":119,"column":12},"end":{"line":121,"column":13}},"type":"if","locations":[{"start":{"line":119,"column":12},"end":{"line":121,"column":13}},{"start":{"line":119,"column":12},"end":{"line":121,"column":13}}],"line":119},"23":{"loc":{"start":{"line":122,"column":12},"end":{"line":124,"column":13}},"type":"if","locations":[{"start":{"line":122,"column":12},"end":{"line":124,"column":13}},{"start":{"line":122,"column":12},"end":{"line":124,"column":13}}],"line":122},"24":{"loc":{"start":{"line":126,"column":12},"end":{"line":128,"column":13}},"type":"if","locations":[{"start":{"line":126,"column":12},"end":{"line":128,"column":13}},{"start":{"line":126,"column":12},"end":{"line":128,"column":13}}],"line":126},"25":{"loc":{"start":{"line":136,"column":30},"end":{"line":136,"column":124}},"type":"binary-expr","locations":[{"start":{"line":136,"column":30},"end":{"line":136,"column":108}},{"start":{"line":136,"column":112},"end":{"line":136,"column":114}},{"start":{"line":136,"column":118},"end":{"line":136,"column":124}}],"line":136},"26":{"loc":{"start":{"line":136,"column":43},"end":{"line":136,"column":92}},"type":"binary-expr","locations":[{"start":{"line":136,"column":43},"end":{"line":136,"column":77}},{"start":{"line":136,"column":81},"end":{"line":136,"column":92}}],"line":136},"27":{"loc":{"start":{"line":141,"column":37},"end":{"line":141,"column":139}},"type":"binary-expr","locations":[{"start":{"line":141,"column":37},"end":{"line":141,"column":123}},{"start":{"line":141,"column":127},"end":{"line":141,"column":129}},{"start":{"line":141,"column":133},"end":{"line":141,"column":139}}],"line":141},"28":{"loc":{"start":{"line":141,"column":50},"end":{"line":141,"column":107}},"type":"binary-expr","locations":[{"start":{"line":141,"column":50},"end":{"line":141,"column":88}},{"start":{"line":141,"column":92},"end":{"line":141,"column":107}}],"line":141},"29":{"loc":{"start":{"line":141,"column":141},"end":{"line":141,"column":235}},"type":"binary-expr","locations":[{"start":{"line":141,"column":141},"end":{"line":141,"column":219}},{"start":{"line":141,"column":223},"end":{"line":141,"column":225}},{"start":{"line":141,"column":229},"end":{"line":141,"column":235}}],"line":141},"30":{"loc":{"start":{"line":141,"column":154},"end":{"line":141,"column":203}},"type":"binary-expr","locations":[{"start":{"line":141,"column":154},"end":{"line":141,"column":188}},{"start":{"line":141,"column":192},"end":{"line":141,"column":203}}],"line":141},"31":{"loc":{"start":{"line":141,"column":237},"end":{"line":141,"column":343}},"type":"binary-expr","locations":[{"start":{"line":141,"column":237},"end":{"line":141,"column":327}},{"start":{"line":141,"column":331},"end":{"line":141,"column":333}},{"start":{"line":141,"column":337},"end":{"line":141,"column":343}}],"line":141},"32":{"loc":{"start":{"line":141,"column":250},"end":{"line":141,"column":311}},"type":"binary-expr","locations":[{"start":{"line":141,"column":250},"end":{"line":141,"column":290}},{"start":{"line":141,"column":294},"end":{"line":141,"column":311}}],"line":141}},"s":{"0":1,"1":2,"2":2,"3":2,"4":2,"5":0,"6":0,"7":0,"8":2,"9":1,"10":2,"11":2,"12":1,"13":1,"14":1,"15":1,"16":29,"17":34,"18":34,"19":8,"20":0,"21":0,"22":0,"23":55,"24":34,"25":29,"26":1,"27":26,"28":26,"29":26,"30":2,"31":2,"32":2,"33":2,"34":2,"35":2,"36":2,"37":2,"38":5,"39":5,"40":2,"41":2,"42":0,"43":2,"44":2,"45":2,"46":0,"47":0,"48":0,"49":0,"50":0,"51":1,"52":1,"53":4,"54":4,"55":4,"56":1,"57":3,"58":3,"59":4,"60":4,"61":4,"62":1,"63":3,"64":3,"65":5,"66":5,"67":5,"68":1,"69":4,"70":1,"71":3,"72":3,"73":1,"74":2,"75":2,"76":1,"77":1},"f":{"0":2,"1":2,"2":1,"3":1,"4":29,"5":29,"6":34,"7":0,"8":55,"9":34,"10":26,"11":2,"12":2,"13":2,"14":2,"15":2,"16":2,"17":2,"18":2,"19":5,"20":5,"21":2,"22":2,"23":0,"24":0,"25":1,"26":1,"27":4,"28":4,"29":4,"30":4,"31":5,"32":5},"b":{"0":[1,0,1],"1":[1,1],"2":[0,1],"3":[2,0],"4":[2,2],"5":[0,0],"6":[0,0],"7":[0,0],"8":[0,0],"9":[2,1,0],"10":[1,0,1],"11":[2,0],"12":[2,2],"13":[1,0,1],"14":[1,0,1],"15":[29,29],"16":[21,34],"17":[29,29],"18":[0,2],"19":[0,0],"20":[1,3],"21":[1,3],"22":[1,4],"23":[1,3],"24":[1,2],"25":[1,1,0],"26":[1,1],"27":[1,1,0],"28":[1,1],"29":[1,1,0],"30":[1,1],"31":[1,1,0],"32":[1,1]},"inputSourceMap":{"version":3,"file":"users.service.js","sourceRoot":"","sources":["users.service.ts"],"names":[],"mappings":";;;;;;;;;;;;;;;;;;;;;AAAA,OAAO,EAAC,UAAU,EAAC,MAAM,gBAAgB,CAAC;AAC1C,OAAO,EAAC,kBAAkB,EAAE,SAAS,EAAE,QAAQ,EAAE,MAAM,EAAC,MAAM,eAAe,CAAC;AAC9E,OAAO,EAAC,IAAI,EAAC,MAAM,eAAe,CAAC;AACnC,OAAO,EAAC,eAAe,EAAC,MAAM,oBAAoB,CAAC;AACnD,OAAO,EAAC,WAAW,EAAC,MAAM,wBAAwB,CAAC;AACnD,OAAO,EAAC,gBAAgB,EAAC,MAAM,iBAAiB,CAAC;AAEjD,OAAO,EAAC,WAAW,EAAE,YAAY,EAAE,MAAM,EAAC,MAAM,uBAAuB,CAAC;AACxE,OAAO,EAAC,iBAAiB,EAAC,MAAM,oCAAoC,CAAC;AACrE,OAAO,EAAC,mBAAmB,EAAC,MAAM,uBAAuB,CAAC;AAG1D,IAAa,YAAY,GAAzB;IAKI,YAEoB,eAAgC,EAChC,WAAwB,EACxB,iBAAoC;QAFpC,oBAAe,GAAf,eAAe,CAAiB;QAChC,gBAAW,GAAX,WAAW,CAAa;QACxB,sBAAiB,GAAjB,iBAAiB,CAAmB;IACrD,CAAC;IAEE,QAAQ;;YACV,OAAO,IAAI,CAAC,eAAe,CAAC,IAAI,CAAC,EAAE,CAAC,CAAC;QACzC,CAAC;KAAA;IAEK,QAAQ,CAAC,EAAU;;YACrB,OAAO,IAAI,CAAC,eAAe,CAAC,QAAQ,CAAC,EAAE,CAAC,CAAC;QAC7C,CAAC;KAAA;IAEK,cAAc,CAAC,KAAa;;YAC9B,OAAO,IAAI,CAAC,eAAe,CAAC,cAAc,CAAC,KAAK,CAAC,CAAC;QACtD,CAAC;KAAA;IAEK,iBAAiB,CAAC,QAAgB;;YACpC,OAAO,IAAI,CAAC,eAAe,CAAC,iBAAiB,CAAC,QAAQ,CAAC,CAAC;QAC5D,CAAC;KAAA;IAEK,SAAS,CAAC,EAAU,EAAE,IAAmB;;YAC3C,OAAO,IAAI,CAAC,eAAe,CAAC,gBAAgB,CAAC,EAAE,EAAE,IAAI,CAAC,CAAC;QAC3D,CAAC;KAAA;IAEK,SAAS,CAAC,GAAkB;;YAC9B,IAAI,MAAM,IAAI,CAAC,eAAe,CAAC,cAAc,CAAC,GAAG,CAAC,KAAK,CAAC,EAAE;gBACtD,MAAM,IAAI,YAAY,CAAC,QAAQ,CAAC,mBAAmB,CAAC,CAAC;aACxD;YAED,MAAM,OAAO,GAAG,IAAI,IAAI,CAAC,GAAG,CAAC,CAAC;YAC9B,OAAO,CAAC,QAAQ,GAAG,MAAM,IAAI,CAAC,WAAW,CAAC,YAAY,CAAC,GAAG,CAAC,QAAQ,CAAC,CAAC;YACrE,OAAO,IAAI,CAAC,eAAe,CAAC,IAAI,CAAC,OAAO,CAAC,CAAC;QAC9C,CAAC;KAAA;IAEK,iBAAiB,CAAC,GAA0B;;YAC9C,IAAI,MAAM,IAAI,CAAC,eAAe,CAAC,cAAc,CAAC,GAAG,CAAC,KAAK,CAAC,EAAE;gBACtD,MAAM,IAAI,YAAY,CAAC,QAAQ,CAAC,mBAAmB,CAAC,CAAC;aACxD;YAED,MAAM,OAAO,GAAG,IAAI,IAAI,CAAC,GAAG,CAAC,CAAC;YAC9B,OAAO,IAAI,CAAC,eAAe,CAAC,IAAI,CAAC,OAAO,CAAC,CAAC;QAC9C,CAAC;KAAA;IAEK,UAAU,CAAC,EAAU;;YACvB,MAAM,IAAI,CAAC,eAAe,CAAC,UAAU,CAAC,EAAE,CAAC,CAAC;QAC9C,CAAC;KAAA;IAEK,aAAa,CAAC,KAAa;;YAC7B,MAAM,IAAI,GAAG,MAAM,IAAI,CAAC,eAAe,CAAC,cAAc,CAAC,KAAK,CAAC,CAAC;YAE9D,IAAI,CAAC,IAAI,EAAE;gBACP,MAAM,IAAI,YAAY,CAAC,QAAQ,CAAC,cAAc,CAAC,CAAC;aACnD;YAED,MAAM,QAAQ,GAAG,MAAM,IAAI,CAAC,iBAAiB,CAAC,SAAS,CAAC,IAAI,CAAC,EAAE,EAAE,SAAS,CAAC,cAAc,CAAC,CAAC;YAE3F,MAAM,IAAI,CAAC,YAAY;iBAClB,IAAI,CAAC,EAAE,GAAG,EAAE,kBAAkB,CAAC,yBAAyB,EAAE,EAAG;gBAC3D,SAAS,EAAE,IAAI,CAAC,SAAS;gBACzB,QAAQ,EAAE,IAAI,CAAC,QAAQ;gBACvB,KAAK,EAAE,IAAI,CAAC,KAAK;gBACjB,IAAI,EAAE,QAAQ,CAAC,IAAI;aACrB,CAAC;iBACD,SAAS,EAAE,CAAC;QACrB,CAAC;KAAA;IAEK,cAAc,CAAC,EAAE,IAAI,EAAE,QAAQ,EAAqB;;YACtD,MAAM,QAAQ,GAAG,MAAM,IAAI,CAAC,iBAAiB,CAAC,aAAa,CAAC,IAAI,CAAC,CAAC;YAClE,IAAI,CAAC,QAAQ,EAAE;gBACZ,MAAM,IAAI,YAAY,CAAC,QAAQ,CAAC,qBAAqB,CAAC,CAAC;aACzD;YACD,MAAM,YAAY,GAAG,MAAM,IAAI,CAAC,WAAW,CAAC,YAAY,CAAC,QAAQ,CAAC,CAAC;YACnE,MAAM,OAAO,CAAC,GAAG,CAAC;gBACd,IAAI,CAAC,SAAS,CAAC,QAAQ,CAAC,MAAM,EAAE,EAAE,QAAQ,EAAE,YAAY,EAAE,CAAC;gBAC3D,IAAI,CAAC,iBAAiB,CAAC,UAAU,CAAC,QAAQ,CAAC,EAAE,CAAC;aACjD,CAAC,CAAC;QACP,CAAC;KAAA;IAEK,cAAc,CAAC,EAAE,EAAE,EAAE,WAAW,EAAE,WAAW,EAAqB;;YACpE,MAAM,IAAI,GAAG,MAAM,IAAI,CAAC,eAAe,CAAC,QAAQ,CAAC,EAAE,CAAC,CAAC;YAErD,IAAI,CAAC,IAAI,EAAE;gBACP,MAAM,IAAI,YAAY,CAAC,QAAQ,CAAC,cAAc,CAAC,CAAC;aACnD;YAED,IAAI,CAAC,IAAI,CAAC,QAAQ,EAAE;gBAChB,MAAM,IAAI,YAAY,CAAC,QAAQ,CAAC,yBAAyB,CAAC,CAAC;aAC9D;YAED,MAAM,OAAO,GAAG,MAAM,IAAI,CAAC,WAAW,CAAC,WAAW,CAAC,WAAW,EAAE,IAAI,CAAC,QAAQ,CAAC,CAAC;YAE/E,IAAI,CAAC,OAAO,EAAE;gBACV,MAAM,IAAI,YAAY,CAAC,QAAQ,CAAC,cAAc,CAAC,CAAC;aACnD;YAED,MAAM,eAAe,GAAG,MAAM,IAAI,CAAC,WAAW,CAAC,YAAY,CAAC,WAAW,CAAC,CAAC;YACzE,MAAM,IAAI,CAAC,eAAe,CAAC,SAAS,CAAC,EAAE,EAAC,EAAE,QAAQ,EAAE,eAAe,EAAE,CAAC,CAAC;QAC3E,CAAC;KAAA;CAEJ,CAAA;AAxGG;IADC,MAAM,CAAC,mBAAmB,CAAC,MAAM,CAAC,cAAc,CAAC,CAAC;kDACpB,WAAW,oBAAX,WAAW;kDAAC;AAHlC,YAAY;IADxB,UAAU,EAAE;IAOL,WAAA,gBAAgB,CAAC,eAAe,CAAC,CAAA;yDACA,eAAe,oBAAf,eAAe,sDACnB,WAAW,oBAAX,WAAW,sDACL,iBAAiB,oBAAjB,iBAAiB;GAT/C,YAAY,CA2GxB;SA3GY,YAAY","sourcesContent":["import {Injectable} from '@nestjs/common';\nimport {CommunicationCodes, HashTypes, Messages, Queues} from '@bit/alan18081.astra-storage.common.dist';\nimport {User} from './user.entity';\nimport {UsersRepository} from './users.repository';\nimport {HashService} from '@bit/alan18081.astra-storage.common.dist/services';\nimport {InjectRepository} from '@nestjs/typeorm';\nimport { ChangePasswordDto, CreateUserByGoogleDto, CreateUserDto, SetNewPasswordDto } from '@bit/alan18081.astra-storage.common.dist/dto';\nimport {ClientProxy, RpcException, Client} from '@nestjs/microservices';\nimport {UserHashesService} from '../user-hashes/user-hashes.service';\nimport {createClientOptions} from '@bit/alan18081.astra-storage.common.dist/helpers';\n\n@Injectable()\nexport class UsersService {\n\n    @Client(createClientOptions(Queues.EMAILS_SERVICE))\n    private readonly emailsClient: ClientProxy;\n\n    constructor(\n       @InjectRepository(UsersRepository)\n       private readonly usersRepository: UsersRepository,\n       private readonly hashService: HashService,\n       private readonly userHashesService: UserHashesService,\n    ) {}\n\n    async findMany(): Promise<User[]> {\n        return this.usersRepository.find({});\n    }\n\n    async findById(id: number): Promise<User | undefined> {\n        return this.usersRepository.findById(id);\n    }\n\n    async findOneByEmail(email: string): Promise<User | undefined> {\n        return this.usersRepository.findOneByEmail(email);\n    }\n\n    async findOneByGoogleId(googleId: string): Promise<User | undefined> {\n        return this.usersRepository.findOneByGoogleId(googleId);\n    }\n\n    async updateOne(id: number, data: Partial<User>): Promise<User | undefined> {\n        return this.usersRepository.updateOneAndFind(id, data);\n    }\n\n    async createOne(dto: CreateUserDto): Promise<User> {\n        if (await this.usersRepository.findOneByEmail(dto.email)) {\n            throw new RpcException(Messages.USER_ALREADY_EXISTS);\n        }\n\n        const newUser = new User(dto);\n        newUser.password = await this.hashService.generateHash(dto.password);\n        return this.usersRepository.save(newUser);\n    }\n\n    async createOneByGoogle(dto: CreateUserByGoogleDto): Promise<User> {\n        if (await this.usersRepository.findOneByEmail(dto.email)) {\n            throw new RpcException(Messages.USER_ALREADY_EXISTS);\n        }\n\n        const newUser = new User(dto);\n        return this.usersRepository.save(newUser);\n    }\n\n    async removeById(id: number): Promise<void> {\n        await this.usersRepository.removeById(id);\n    }\n\n    async resetPassword(email: string): Promise<void> {\n        const user = await this.usersRepository.findOneByEmail(email);\n\n        if (!user) {\n            throw new RpcException(Messages.USER_NOT_FOUND);\n        }\n\n        const userHash = await this.userHashesService.createOne(user.id, HashTypes.RESET_PASSWORD);\n\n        await this.emailsClient\n            .send({ cmd: CommunicationCodes.SEND_RESET_PASSWORD_EMAIL },  {\n               firstName: user.firstName,\n               lastName: user.lastName,\n               email: user.email,\n               hash: userHash.hash,\n            })\n            .toPromise();\n    }\n\n    async setNewPassword({ hash, password }: SetNewPasswordDto): Promise<void> {\n        const userHash = await this.userHashesService.findOneByHash(hash);\n        if (!userHash) {\n           throw new RpcException(Messages.INVALID_PASSWORD_HASH);\n        }\n        const passwordHash = await this.hashService.generateHash(password);\n        await Promise.all([\n            this.updateOne(userHash.userId, { password: passwordHash }),\n            this.userHashesService.removeById(userHash.id),\n        ]);\n    }\n\n    async changePassword({ id, oldPassword, newPassword }: ChangePasswordDto): Promise<void> {\n        const user = await this.usersRepository.findById(id);\n\n        if (!user) {\n            throw new RpcException(Messages.USER_NOT_FOUND);\n        }\n\n        if (!user.password) {\n            throw new RpcException(Messages.USER_DOESNT_HAVE_PASSWORD);\n        }\n\n        const isValid = await this.hashService.compareHash(oldPassword, user.password);\n\n        if (!isValid) {\n            throw new RpcException(Messages.WRONG_PASSWORD);\n        }\n\n        const newPasswordHash = await this.hashService.generateHash(newPassword);\n        await this.usersRepository.updateOne(id,{ password: newPasswordHash });\n    }\n\n}"]},"_coverageSchema":"332fd63041d2c1bcb487cc26dd0d5f7d97098a6c","hash":"e5b0f478eff48c2c8f7337c2bf202452c9cebe62"}
,"/home/alex/PhpstormProjects/astra-storage/UsersService/src/components/users/tests/mocks.ts": {"path":"/home/alex/PhpstormProjects/astra-storage/UsersService/src/components/users/tests/mocks.ts","statementMap":{"0":{"start":{"line":1,"column":24},"end":{"line":7,"column":1}},"1":{"start":{"line":8,"column":39},"end":{"line":13,"column":1}},"2":{"start":{"line":14,"column":28},"end":{"line":18,"column":1}},"3":{"start":{"line":19,"column":37},"end":{"line":23,"column":1}},"4":{"start":{"line":24,"column":35},"end":{"line":33,"column":1}},"5":{"start":{"line":34,"column":31},"end":{"line":37,"column":1}},"6":{"start":{"line":38,"column":32},"end":{"line":42,"column":1}},"7":{"start":{"line":40,"column":8},"end":{"line":40,"column":35}}},"fnMap":{},"branchMap":{},"s":{"0":3,"1":3,"2":3,"3":3,"4":3,"5":3,"6":3,"7":0},"f":{},"b":{},"inputSourceMap":{"version":3,"file":"mocks.js","sourceRoot":"","sources":["mocks.ts"],"names":[],"mappings":"AAAA,MAAM,CAAC,MAAM,QAAQ,GAAG;IACpB,EAAE,EAAE,EAAE;IACN,SAAS,EAAE,MAAM;IACjB,QAAQ,EAAE,QAAQ;IAClB,KAAK,EAAE,qBAAqB;IAC5B,QAAQ,EAAE,OAAO;CACpB,CAAC;AAEF,MAAM,CAAC,MAAM,uBAAuB,GAAG;IACnC,EAAE,EAAE,EAAE;IACN,SAAS,EAAE,MAAM;IACjB,QAAQ,EAAE,QAAQ;IAClB,KAAK,EAAE,qBAAqB;CAC/B,CAAC;AAEF,MAAM,CAAC,MAAM,YAAY,GAAG;IACxB,EAAE,EAAE,EAAE;IACN,IAAI,EAAE,WAAW;IACjB,MAAM,EAAE,CAAC;CACZ,CAAA;AAED,MAAM,CAAC,MAAM,qBAAqB,GAAG;IACjC,SAAS,KAAI,CAAC;IACd,aAAa,KAAI,CAAC;IAClB,UAAU,KAAI,CAAC;CAClB,CAAC;AAEF,MAAM,CAAC,MAAM,mBAAmB,GAAG;IAC/B,IAAI,KAAI,CAAC;IACT,QAAQ,KAAI,CAAC;IACb,cAAc,KAAI,CAAC;IACnB,IAAI,KAAI,CAAC;IACT,gBAAgB,KAAI,CAAC;IACrB,SAAS,KAAI,CAAC;IACd,iBAAiB,KAAI,CAAC;IACtB,UAAU,KAAI,CAAC;CAClB,CAAC;AAEF,MAAM,CAAC,MAAM,eAAe,GAAG;IAC7B,YAAY,KAAI,CAAC;IACjB,WAAW,KAAI,CAAC;CACjB,CAAC;AAEF,MAAM,CAAC,MAAM,gBAAgB,GAAG;IAC9B,IAAI;QACA,OAAO,EAAE,SAAS,KAAI,CAAC,EAAE,CAAA;IAC7B,CAAC;CACF,CAAC","sourcesContent":["export const mockUser = {\n    id: 20,\n    firstName: 'Alan',\n    lastName: 'Morgan',\n    email: 'gogunov00@gmail.com',\n    password: 'hello',\n};\n\nexport const mockUserWithoutPassword = {\n    id: 20,\n    firstName: 'Alan',\n    lastName: 'Morgan',\n    email: 'gogunov00@gmail.com',\n};\n\nexport const mockUserHash = {\n    id: 11,\n    hash: 'fgdgfghgn',\n    userId: 5\n}\n\nexport const mockUserHashesService = {\n    createOne() {},\n    findOneByHash() {},\n    removeById() {},\n};\n\nexport const mockUsersRepository = {\n    find() {},\n    findById() {},\n    findOneByEmail() {},\n    save() {},\n    updateOneAndFind() {},\n    updateOne() {},\n    findOneByGoogleId() {},\n    removeById() {},\n};\n\nexport const mockHashService = {\n  generateHash() {},\n  compareHash() {},\n};\n\nexport const mockEmailsClient = {\n  send() {\n      return { toPromise() {} }\n  }\n};\n"]},"_coverageSchema":"332fd63041d2c1bcb487cc26dd0d5f7d97098a6c","hash":"b093264a59e74084d4e3cf18a613d65df972ff47"}
}
