TN:
SF:/home/alex/PhpstormProjects/astra-storage/UsersServiceOld/src/components/core/core.module.ts
FN:1,(anonymous_0)
FNF:1
FNH:1
FNDA:1,(anonymous_0)
DA:1,1
DA:2,1
DA:3,1
DA:4,0
DA:5,1
DA:9,1
DA:11,1
LF:7
LH:6
BRDA:1,0,0,1
BRDA:1,0,1,0
BRDA:1,0,2,1
BRDA:2,1,0,1
BRDA:2,1,1,0
BRDA:2,2,0,0
BRDA:2,2,1,0
BRDA:3,3,0,1
BRDA:3,3,1,0
BRDA:3,4,0,1
BRDA:3,4,1,1
BRDA:4,5,0,0
BRDA:4,5,1,0
BRDA:4,6,0,0
BRDA:4,6,1,0
BRDA:4,7,0,0
BRDA:4,7,1,0
BRDA:4,8,0,0
BRDA:4,8,1,0
BRDA:5,9,0,1
BRDA:5,9,1,0
BRDA:5,9,2,0
BRF:22
BRH:7
end_of_record
TN:
SF:/home/alex/PhpstormProjects/astra-storage/UsersServiceOld/src/components/user-hashes/user-hash.entity.ts
FN:1,(anonymous_0)
FN:7,(anonymous_1)
FN:14,(anonymous_2)
FNF:3
FNH:3
FNDA:12,(anonymous_0)
FNDA:12,(anonymous_1)
FNDA:3,(anonymous_2)
DA:1,3
DA:2,12
DA:3,12
DA:4,0
DA:5,12
DA:7,3
DA:8,12
DA:13,3
DA:15,3
DA:18,3
DA:22,3
DA:26,3
DA:30,3
LF:13
LH:12
BRDA:1,0,0,3
BRDA:1,0,1,0
BRDA:1,0,2,3
BRDA:2,1,0,3
BRDA:2,1,1,9
BRDA:2,2,0,0
BRDA:2,2,1,9
BRDA:3,3,0,12
BRDA:3,3,1,0
BRDA:3,4,0,12
BRDA:3,4,1,12
BRDA:4,5,0,0
BRDA:4,5,1,0
BRDA:4,6,0,0
BRDA:4,6,1,0
BRDA:4,7,0,0
BRDA:4,7,1,0
BRDA:4,8,0,0
BRDA:4,8,1,0
BRDA:5,9,0,12
BRDA:5,9,1,9
BRDA:5,9,2,0
BRDA:7,10,0,3
BRDA:7,10,1,0
BRDA:7,10,2,3
BRDA:8,11,0,12
BRDA:8,11,1,0
BRDA:8,12,0,12
BRDA:8,12,1,12
BRDA:32,13,0,3
BRDA:32,13,1,0
BRDA:32,13,2,3
BRDA:32,14,0,3
BRDA:32,14,1,0
BRF:34
BRH:18
end_of_record
TN:
SF:/home/alex/PhpstormProjects/astra-storage/UsersServiceOld/src/components/user-hashes/user-hashes.repository.ts
FN:1,(anonymous_0)
FN:7,(anonymous_1)
FN:8,(anonymous_2)
FN:9,fulfilled
FN:10,rejected
FN:11,step
FN:11,(anonymous_6)
FN:18,(anonymous_7)
FN:19,(anonymous_8)
FN:23,(anonymous_9)
FN:24,(anonymous_10)
FNF:11
FNH:10
FNDA:3,(anonymous_0)
FNDA:3,(anonymous_1)
FNDA:3,(anonymous_2)
FNDA:1,fulfilled
FNDA:0,rejected
FNDA:4,step
FNDA:1,(anonymous_6)
FNDA:2,(anonymous_7)
FNDA:2,(anonymous_8)
FNDA:1,(anonymous_9)
FNDA:1,(anonymous_10)
DA:1,3
DA:2,3
DA:3,3
DA:4,0
DA:5,3
DA:7,3
DA:8,3
DA:9,1
DA:10,0
DA:11,4
DA:12,3
DA:17,3
DA:19,2
DA:20,2
DA:24,1
DA:25,1
DA:29,3
LF:17
LH:15
BRDA:1,0,0,3
BRDA:1,0,1,0
BRDA:1,0,2,3
BRDA:2,1,0,3
BRDA:2,1,1,0
BRDA:2,2,0,0
BRDA:2,2,1,0
BRDA:3,3,0,3
BRDA:3,3,1,0
BRDA:3,4,0,3
BRDA:3,4,1,3
BRDA:4,5,0,0
BRDA:4,5,1,0
BRDA:4,6,0,0
BRDA:4,6,1,0
BRDA:4,7,0,0
BRDA:4,7,1,0
BRDA:4,8,0,0
BRDA:4,8,1,0
BRDA:5,9,0,3
BRDA:5,9,1,0
BRDA:5,9,2,0
BRDA:7,10,0,3
BRDA:7,10,1,0
BRDA:7,10,2,3
BRDA:8,11,0,3
BRDA:8,11,1,3
BRDA:11,12,0,3
BRDA:11,12,1,1
BRDA:12,13,0,3
BRDA:12,13,1,3
BRF:31
BRH:15
end_of_record
TN:
SF:/home/alex/PhpstormProjects/astra-storage/UsersServiceOld/src/components/user-hashes/user-hashes.service.ts
FN:1,(anonymous_0)
FN:7,(anonymous_1)
FN:10,(anonymous_2)
FN:11,(anonymous_3)
FN:13,(anonymous_4)
FN:14,(anonymous_5)
FN:15,fulfilled
FN:16,rejected
FN:17,step
FN:17,(anonymous_9)
FN:28,(anonymous_10)
FN:32,(anonymous_11)
FN:33,(anonymous_12)
FN:37,(anonymous_13)
FN:38,(anonymous_14)
FN:46,(anonymous_15)
FN:47,(anonymous_16)
FN:51,(anonymous_17)
FN:52,(anonymous_18)
FNF:19
FNH:18
FNDA:2,(anonymous_0)
FNDA:2,(anonymous_1)
FNDA:2,(anonymous_2)
FNDA:2,(anonymous_3)
FNDA:7,(anonymous_4)
FNDA:7,(anonymous_5)
FNDA:5,fulfilled
FNDA:0,rejected
FNDA:12,step
FNDA:5,(anonymous_9)
FNDA:7,(anonymous_10)
FNDA:2,(anonymous_11)
FNDA:2,(anonymous_12)
FNDA:2,(anonymous_13)
FNDA:2,(anonymous_14)
FNDA:2,(anonymous_15)
FNDA:2,(anonymous_16)
FNDA:1,(anonymous_17)
FNDA:1,(anonymous_18)
DA:1,2
DA:2,2
DA:3,2
DA:4,0
DA:5,2
DA:7,2
DA:8,2
DA:10,2
DA:11,2
DA:13,2
DA:14,7
DA:15,5
DA:16,0
DA:17,12
DA:18,7
DA:27,2
DA:29,7
DA:30,7
DA:33,2
DA:34,2
DA:38,2
DA:39,2
DA:42,2
DA:43,2
DA:47,2
DA:48,2
DA:52,1
DA:53,1
DA:57,2
LF:29
LH:27
BRDA:1,0,0,2
BRDA:1,0,1,0
BRDA:1,0,2,2
BRDA:2,1,0,2
BRDA:2,1,1,0
BRDA:2,2,0,0
BRDA:2,2,1,0
BRDA:3,3,0,2
BRDA:3,3,1,0
BRDA:3,4,0,2
BRDA:3,4,1,2
BRDA:4,5,0,0
BRDA:4,5,1,0
BRDA:4,6,0,0
BRDA:4,6,1,0
BRDA:4,7,0,0
BRDA:4,7,1,0
BRDA:4,8,0,0
BRDA:4,8,1,0
BRDA:5,9,0,2
BRDA:5,9,1,0
BRDA:5,9,2,0
BRDA:7,10,0,2
BRDA:7,10,1,0
BRDA:7,10,2,2
BRDA:8,11,0,2
BRDA:8,11,1,0
BRDA:8,12,0,2
BRDA:8,12,1,2
BRDA:10,13,0,2
BRDA:10,13,1,0
BRDA:10,13,2,2
BRDA:13,14,0,2
BRDA:13,14,1,0
BRDA:13,14,2,2
BRDA:14,15,0,7
BRDA:14,15,1,7
BRDA:17,16,0,7
BRDA:17,16,1,5
BRDA:18,17,0,7
BRDA:18,17,1,7
BRDA:60,18,0,2
BRDA:60,18,1,2
BRDA:60,18,2,0
BRDA:60,19,0,2
BRDA:60,19,1,2
BRDA:60,20,0,2
BRDA:60,20,1,2
BRDA:60,20,2,0
BRDA:60,21,0,2
BRDA:60,21,1,2
BRF:51
BRH:30
end_of_record
TN:
SF:/home/alex/PhpstormProjects/astra-storage/UsersServiceOld/src/components/user-hashes/tests/mocks.ts
FNF:0
FNH:0
DA:1,2
DA:7,2
LF:2
LH:2
BRF:0
BRH:0
end_of_record
TN:
SF:/home/alex/PhpstormProjects/astra-storage/UsersServiceOld/src/components/users/user.entity.ts
FN:1,(anonymous_0)
FN:7,(anonymous_1)
FN:15,(anonymous_2)
FNF:3
FNH:3
FNDA:16,(anonymous_0)
FNDA:16,(anonymous_1)
FNDA:8,(anonymous_2)
DA:1,2
DA:2,16
DA:3,16
DA:4,0
DA:5,16
DA:7,2
DA:8,16
DA:14,2
DA:16,8
DA:19,2
DA:23,2
DA:27,2
DA:31,2
DA:35,2
DA:40,2
DA:44,2
DA:49,2
LF:17
LH:16
BRDA:1,0,0,2
BRDA:1,0,1,0
BRDA:1,0,2,2
BRDA:2,1,0,2
BRDA:2,1,1,14
BRDA:2,2,0,0
BRDA:2,2,1,14
BRDA:3,3,0,16
BRDA:3,3,1,0
BRDA:3,4,0,16
BRDA:3,4,1,16
BRDA:4,5,0,0
BRDA:4,5,1,0
BRDA:4,6,0,0
BRDA:4,6,1,0
BRDA:4,7,0,0
BRDA:4,7,1,0
BRDA:4,8,0,0
BRDA:4,8,1,0
BRDA:5,9,0,16
BRDA:5,9,1,14
BRDA:5,9,2,0
BRDA:7,10,0,2
BRDA:7,10,1,0
BRDA:7,10,2,2
BRDA:8,11,0,16
BRDA:8,11,1,0
BRDA:8,12,0,16
BRDA:8,12,1,16
BRDA:33,13,0,2
BRDA:33,13,1,0
BRDA:33,13,2,2
BRDA:33,14,0,2
BRDA:33,14,1,2
BRDA:51,15,0,2
BRDA:51,15,1,0
BRDA:51,15,2,2
BRDA:51,16,0,2
BRDA:51,16,1,0
BRF:39
BRH:22
end_of_record
TN:
SF:/home/alex/PhpstormProjects/astra-storage/UsersServiceOld/src/components/users/users.repository.ts
FN:1,(anonymous_0)
FN:7,(anonymous_1)
FN:8,(anonymous_2)
FN:9,fulfilled
FN:10,rejected
FN:11,step
FN:11,(anonymous_6)
FN:18,(anonymous_7)
FN:19,(anonymous_8)
FN:23,(anonymous_9)
FN:24,(anonymous_10)
FN:28,(anonymous_11)
FN:29,(anonymous_12)
FN:33,(anonymous_13)
FN:34,(anonymous_14)
FN:39,(anonymous_15)
FN:40,(anonymous_16)
FN:44,(anonymous_17)
FN:45,(anonymous_18)
FNF:19
FNH:18
FNDA:2,(anonymous_0)
FNDA:11,(anonymous_1)
FNDA:11,(anonymous_2)
FNDA:5,fulfilled
FNDA:0,rejected
FNDA:16,step
FNDA:5,(anonymous_6)
FNDA:3,(anonymous_7)
FNDA:3,(anonymous_8)
FNDA:2,(anonymous_9)
FNDA:2,(anonymous_10)
FNDA:1,(anonymous_11)
FNDA:1,(anonymous_12)
FNDA:3,(anonymous_13)
FNDA:3,(anonymous_14)
FNDA:1,(anonymous_15)
FNDA:1,(anonymous_16)
FNDA:1,(anonymous_17)
FNDA:1,(anonymous_18)
DA:1,2
DA:2,2
DA:3,2
DA:4,0
DA:5,2
DA:7,2
DA:8,11
DA:9,5
DA:10,0
DA:11,16
DA:12,11
DA:17,2
DA:19,3
DA:20,3
DA:24,2
DA:25,2
DA:29,1
DA:30,1
DA:34,3
DA:35,3
DA:36,3
DA:40,1
DA:41,1
DA:45,1
DA:46,1
DA:50,2
LF:26
LH:24
BRDA:1,0,0,2
BRDA:1,0,1,0
BRDA:1,0,2,2
BRDA:2,1,0,2
BRDA:2,1,1,0
BRDA:2,2,0,0
BRDA:2,2,1,0
BRDA:3,3,0,2
BRDA:3,3,1,0
BRDA:3,4,0,2
BRDA:3,4,1,2
BRDA:4,5,0,0
BRDA:4,5,1,0
BRDA:4,6,0,0
BRDA:4,6,1,0
BRDA:4,7,0,0
BRDA:4,7,1,0
BRDA:4,8,0,0
BRDA:4,8,1,0
BRDA:5,9,0,2
BRDA:5,9,1,0
BRDA:5,9,2,0
BRDA:7,10,0,2
BRDA:7,10,1,0
BRDA:7,10,2,2
BRDA:8,11,0,11
BRDA:8,11,1,11
BRDA:11,12,0,11
BRDA:11,12,1,5
BRDA:12,13,0,11
BRDA:12,13,1,11
BRF:31
BRH:15
end_of_record
TN:
SF:/home/alex/PhpstormProjects/astra-storage/UsersServiceOld/src/components/users/users.service.old.ts
FN:1,(anonymous_0)
FN:7,(anonymous_1)
FN:10,(anonymous_2)
FN:11,(anonymous_3)
FN:13,(anonymous_4)
FN:14,(anonymous_5)
FN:15,fulfilled
FN:16,rejected
FN:17,step
FN:17,(anonymous_9)
FN:32,(anonymous_10)
FN:37,(anonymous_11)
FN:38,(anonymous_12)
FN:42,(anonymous_13)
FN:43,(anonymous_14)
FN:47,(anonymous_15)
FN:48,(anonymous_16)
FN:52,(anonymous_17)
FN:53,(anonymous_18)
FN:57,(anonymous_19)
FN:58,(anonymous_20)
FN:62,(anonymous_21)
FN:63,(anonymous_22)
FN:72,(anonymous_23)
FN:73,(anonymous_24)
FN:81,(anonymous_25)
FN:82,(anonymous_26)
FN:86,(anonymous_27)
FN:87,(anonymous_28)
FN:103,(anonymous_29)
FN:104,(anonymous_30)
FN:116,(anonymous_31)
FN:117,(anonymous_32)
FNF:33
FNH:30
FNDA:2,(anonymous_0)
FNDA:2,(anonymous_1)
FNDA:1,(anonymous_2)
FNDA:1,(anonymous_3)
FNDA:29,(anonymous_4)
FNDA:29,(anonymous_5)
FNDA:34,fulfilled
FNDA:0,rejected
FNDA:55,step
FNDA:34,(anonymous_9)
FNDA:26,(anonymous_10)
FNDA:2,(anonymous_11)
FNDA:2,(anonymous_12)
FNDA:2,(anonymous_13)
FNDA:2,(anonymous_14)
FNDA:2,(anonymous_15)
FNDA:2,(anonymous_16)
FNDA:2,(anonymous_17)
FNDA:2,(anonymous_18)
FNDA:5,(anonymous_19)
FNDA:5,(anonymous_20)
FNDA:2,(anonymous_21)
FNDA:2,(anonymous_22)
FNDA:0,(anonymous_23)
FNDA:0,(anonymous_24)
FNDA:1,(anonymous_25)
FNDA:1,(anonymous_26)
FNDA:4,(anonymous_27)
FNDA:4,(anonymous_28)
FNDA:4,(anonymous_29)
FNDA:4,(anonymous_30)
FNDA:5,(anonymous_31)
FNDA:5,(anonymous_32)
DA:1,1
DA:2,2
DA:3,2
DA:4,0
DA:5,2
DA:7,1
DA:8,2
DA:10,1
DA:11,1
DA:13,1
DA:14,29
DA:15,34
DA:16,0
DA:17,55
DA:18,29
DA:31,1
DA:33,26
DA:34,26
DA:35,26
DA:38,2
DA:39,2
DA:43,2
DA:44,2
DA:48,2
DA:49,2
DA:53,2
DA:54,2
DA:58,5
DA:59,5
DA:63,2
DA:64,2
DA:65,0
DA:67,2
DA:68,2
DA:69,2
DA:73,0
DA:74,0
DA:75,0
DA:77,0
DA:78,0
DA:82,1
DA:83,1
DA:87,4
DA:88,4
DA:89,4
DA:90,1
DA:92,3
DA:93,3
DA:104,4
DA:105,4
DA:106,4
DA:107,1
DA:109,3
DA:110,3
DA:117,5
DA:118,5
DA:119,5
DA:120,1
DA:122,4
DA:123,1
DA:125,3
DA:126,3
DA:127,1
DA:129,2
DA:130,2
DA:134,1
DA:138,1
LF:67
LH:59
BRDA:1,0,0,1
BRDA:1,0,1,0
BRDA:1,0,2,1
BRDA:2,1,0,1
BRDA:2,1,1,1
BRDA:2,2,0,0
BRDA:2,2,1,1
BRDA:3,3,0,2
BRDA:3,3,1,0
BRDA:3,4,0,2
BRDA:3,4,1,2
BRDA:4,5,0,0
BRDA:4,5,1,0
BRDA:4,6,0,0
BRDA:4,6,1,0
BRDA:4,7,0,0
BRDA:4,7,1,0
BRDA:4,8,0,0
BRDA:4,8,1,0
BRDA:5,9,0,2
BRDA:5,9,1,1
BRDA:5,9,2,0
BRDA:7,10,0,1
BRDA:7,10,1,0
BRDA:7,10,2,1
BRDA:8,11,0,2
BRDA:8,11,1,0
BRDA:8,12,0,2
BRDA:8,12,1,2
BRDA:10,13,0,1
BRDA:10,13,1,0
BRDA:10,13,2,1
BRDA:13,14,0,1
BRDA:13,14,1,0
BRDA:13,14,2,1
BRDA:14,15,0,29
BRDA:14,15,1,29
BRDA:17,16,0,21
BRDA:17,16,1,34
BRDA:18,17,0,29
BRDA:18,17,1,29
BRDA:64,18,0,0
BRDA:64,18,1,2
BRDA:74,19,0,0
BRDA:74,19,1,0
BRDA:89,20,0,1
BRDA:89,20,1,3
BRDA:106,21,0,1
BRDA:106,21,1,3
BRDA:119,22,0,1
BRDA:119,22,1,4
BRDA:122,23,0,1
BRDA:122,23,1,3
BRDA:126,24,0,1
BRDA:126,24,1,2
BRDA:136,25,0,1
BRDA:136,25,1,1
BRDA:136,25,2,0
BRDA:136,26,0,1
BRDA:136,26,1,1
BRDA:141,27,0,1
BRDA:141,27,1,1
BRDA:141,27,2,0
BRDA:141,28,0,1
BRDA:141,28,1,1
BRDA:141,29,0,1
BRDA:141,29,1,1
BRDA:141,29,2,0
BRDA:141,30,0,1
BRDA:141,30,1,1
BRDA:141,31,0,1
BRDA:141,31,1,1
BRDA:141,31,2,0
BRDA:141,32,0,1
BRDA:141,32,1,1
BRF:75
BRH:52
end_of_record
TN:
SF:/home/alex/PhpstormProjects/astra-storage/UsersServiceOld/src/components/users/tests/mocks.ts
FNF:0
FNH:0
DA:1,3
DA:8,3
DA:14,3
DA:19,3
DA:24,3
DA:34,3
DA:38,3
DA:40,0
LF:8
LH:7
BRF:0
BRH:0
end_of_record
