{"/home/alex/PhpstormProjects/astra-storage/AuthService/src/components/core/core.module.ts": {"path":"/home/alex/PhpstormProjects/astra-storage/AuthService/src/components/core/core.module.ts","statementMap":{"0":{"start":{"line":1,"column":0},"end":{"line":1,"column":37}},"1":{"start":{"line":2,"column":0},"end":{"line":2,"column":50}},"2":{"start":{"line":8,"column":0},"end":{"line":8,"column":26}},"3":{"start":{"line":8,"column":13},"end":{"line":8,"column":26}},"4":{"start":{"line":8,"column":13},"end":{"line":8,"column":23}}},"fnMap":{},"branchMap":{},"s":{"0":2,"1":2,"2":2,"3":2,"4":2},"f":{},"b":{}}
,"/home/alex/PhpstormProjects/astra-storage/AuthService/src/components/project-account-auth/project-account-auth.service.ts": {"path":"/home/alex/PhpstormProjects/astra-storage/AuthService/src/components/project-account-auth/project-account-auth.service.ts","statementMap":{"0":{"start":{"line":1,"column":0},"end":{"line":1,"column":43}},"1":{"start":{"line":2,"column":0},"end":{"line":8,"column":22}},"2":{"start":{"line":9,"column":0},"end":{"line":9,"column":40}},"3":{"start":{"line":11,"column":0},"end":{"line":11,"column":59}},"4":{"start":{"line":12,"column":0},"end":{"line":12,"column":73}},"5":{"start":{"line":13,"column":0},"end":{"line":13,"column":52}},"6":{"start":{"line":16,"column":0},"end":{"line":50,"column":1}},"7":{"start":{"line":22,"column":21},"end":{"line":22,"column":43}},"8":{"start":{"line":23,"column":21},"end":{"line":23,"column":45}},"9":{"start":{"line":27,"column":44},"end":{"line":29,"column":18}},"10":{"start":{"line":31,"column":4},"end":{"line":33,"column":5}},"11":{"start":{"line":32,"column":6},"end":{"line":32,"column":54}},"12":{"start":{"line":35,"column":4},"end":{"line":37,"column":5}},"13":{"start":{"line":36,"column":6},"end":{"line":36,"column":54}},"14":{"start":{"line":39,"column":24},"end":{"line":44,"column":6}},"15":{"start":{"line":45,"column":4},"end":{"line":47,"column":6}},"16":{"start":{"line":19,"column":2},"end":{"line":19,"column":47}},"17":{"start":{"line":16,"column":13},"end":{"line":50,"column":1}},"18":{"start":{"line":16,"column":13},"end":{"line":16,"column":38}}},"fnMap":{"0":{"name":"(anonymous_8)","decl":{"start":{"line":21,"column":2},"end":{"line":22,"column":20}},"loc":{"start":{"line":23,"column":45},"end":{"line":24,"column":6}}},"1":{"name":"(anonymous_9)","decl":{"start":{"line":26,"column":8},"end":{"line":26,"column":12}},"loc":{"start":{"line":26,"column":76},"end":{"line":48,"column":3}}}},"branchMap":{"0":{"loc":{"start":{"line":31,"column":4},"end":{"line":33,"column":5}},"type":"if","locations":[{"start":{"line":31,"column":4},"end":{"line":33,"column":5}},{"start":{"line":31,"column":4},"end":{"line":33,"column":5}}]},"1":{"loc":{"start":{"line":35,"column":4},"end":{"line":37,"column":5}},"type":"if","locations":[{"start":{"line":35,"column":4},"end":{"line":37,"column":5}},{"start":{"line":35,"column":4},"end":{"line":37,"column":5}}]}},"s":{"0":1,"1":1,"2":1,"3":1,"4":1,"5":1,"6":1,"7":6,"8":6,"9":6,"10":6,"11":1,"12":5,"13":1,"14":4,"15":4,"16":1,"17":1,"18":1},"f":{"0":6,"1":6},"b":{"0":[1,5],"1":[1,4]}}
,"/home/alex/PhpstormProjects/astra-storage/AuthService/src/components/project-account-auth/tests/mocks.ts": {"path":"/home/alex/PhpstormProjects/astra-storage/AuthService/src/components/project-account-auth/tests/mocks.ts","statementMap":{"0":{"start":{"line":1,"column":13},"end":{"line":7,"column":2}},"1":{"start":{"line":3,"column":8},"end":{"line":5,"column":10}},"2":{"start":{"line":9,"column":13},"end":{"line":11,"column":2}},"3":{"start":{"line":13,"column":13},"end":{"line":15,"column":2}},"4":{"start":{"line":17,"column":13},"end":{"line":24,"column":2}}},"fnMap":{},"branchMap":{},"s":{"0":1,"1":0,"2":1,"3":1,"4":1},"f":{},"b":{}}
,"/home/alex/PhpstormProjects/astra-storage/AuthService/src/components/project-auth/project-auth.service.ts": {"path":"/home/alex/PhpstormProjects/astra-storage/AuthService/src/components/project-auth/project-auth.service.ts","statementMap":{"0":{"start":{"line":1,"column":0},"end":{"line":1,"column":43}},"1":{"start":{"line":2,"column":0},"end":{"line":2,"column":98}},"2":{"start":{"line":3,"column":0},"end":{"line":3,"column":40}},"3":{"start":{"line":5,"column":0},"end":{"line":5,"column":59}},"4":{"start":{"line":6,"column":0},"end":{"line":6,"column":73}},"5":{"start":{"line":9,"column":0},"end":{"line":33,"column":1}},"6":{"start":{"line":15,"column":21},"end":{"line":15,"column":43}},"7":{"start":{"line":19,"column":30},"end":{"line":21,"column":18}},"8":{"start":{"line":23,"column":4},"end":{"line":25,"column":5}},"9":{"start":{"line":24,"column":6},"end":{"line":24,"column":57}},"10":{"start":{"line":27,"column":18},"end":{"line":27,"column":66}},"11":{"start":{"line":28,"column":4},"end":{"line":30,"column":6}},"12":{"start":{"line":12,"column":2},"end":{"line":12,"column":47}},"13":{"start":{"line":9,"column":13},"end":{"line":33,"column":1}},"14":{"start":{"line":9,"column":13},"end":{"line":9,"column":31}}},"fnMap":{"0":{"name":"(anonymous_8)","decl":{"start":{"line":14,"column":2},"end":{"line":15,"column":20}},"loc":{"start":{"line":15,"column":43},"end":{"line":16,"column":6}}},"1":{"name":"(anonymous_9)","decl":{"start":{"line":18,"column":8},"end":{"line":18,"column":12}},"loc":{"start":{"line":18,"column":57},"end":{"line":31,"column":3}}}},"branchMap":{"0":{"loc":{"start":{"line":23,"column":4},"end":{"line":25,"column":5}},"type":"if","locations":[{"start":{"line":23,"column":4},"end":{"line":25,"column":5}},{"start":{"line":23,"column":4},"end":{"line":25,"column":5}}]}},"s":{"0":1,"1":1,"2":1,"3":1,"4":1,"5":1,"6":4,"7":4,"8":4,"9":1,"10":3,"11":3,"12":1,"13":1,"14":1},"f":{"0":4,"1":4},"b":{"0":[1,3]}}
,"/home/alex/PhpstormProjects/astra-storage/AuthService/src/components/project-auth/tests/mocks.ts": {"path":"/home/alex/PhpstormProjects/astra-storage/AuthService/src/components/project-auth/tests/mocks.ts","statementMap":{"0":{"start":{"line":1,"column":13},"end":{"line":7,"column":2}},"1":{"start":{"line":3,"column":8},"end":{"line":5,"column":10}},"2":{"start":{"line":9,"column":13},"end":{"line":11,"column":2}},"3":{"start":{"line":13,"column":13},"end":{"line":15,"column":2}},"4":{"start":{"line":17,"column":13},"end":{"line":26,"column":2}}},"fnMap":{},"branchMap":{},"s":{"0":1,"1":0,"2":1,"3":1,"4":1},"f":{},"b":{}}
,"/home/alex/PhpstormProjects/astra-storage/AuthService/src/components/refresh-tokens/refresh-token.entity.ts": {"path":"/home/alex/PhpstormProjects/astra-storage/AuthService/src/components/refresh-tokens/refresh-token.entity.ts","statementMap":{"0":{"start":{"line":1,"column":0},"end":{"line":1,"column":69}},"1":{"start":{"line":4,"column":0},"end":{"line":16,"column":1}},"2":{"start":{"line":7,"column":2},"end":{"line":7,"column":13}},"3":{"start":{"line":11,"column":2},"end":{"line":11,"column":16}},"4":{"start":{"line":14,"column":2},"end":{"line":14,"column":17}},"5":{"start":{"line":4,"column":13},"end":{"line":16,"column":1}},"6":{"start":{"line":4,"column":13},"end":{"line":4,"column":25}}},"fnMap":{},"branchMap":{},"s":{"0":3,"1":3,"2":3,"3":3,"4":3,"5":3,"6":3},"f":{},"b":{}}
,"/home/alex/PhpstormProjects/astra-storage/AuthService/src/components/refresh-tokens/refresh-tokens.repository.ts": {"path":"/home/alex/PhpstormProjects/astra-storage/AuthService/src/components/refresh-tokens/refresh-tokens.repository.ts","statementMap":{"0":{"start":{"line":1,"column":0},"end":{"line":1,"column":52}},"1":{"start":{"line":2,"column":0},"end":{"line":2,"column":51}},"2":{"start":{"line":5,"column":0},"end":{"line":19,"column":1}},"3":{"start":{"line":8,"column":8},"end":{"line":8,"column":40}},"4":{"start":{"line":12,"column":8},"end":{"line":12,"column":39}},"5":{"start":{"line":16,"column":8},"end":{"line":16,"column":34}},"6":{"start":{"line":5,"column":13},"end":{"line":19,"column":1}},"7":{"start":{"line":5,"column":13},"end":{"line":5,"column":36}}},"fnMap":{"0":{"name":"(anonymous_7)","decl":{"start":{"line":7,"column":10},"end":{"line":7,"column":24}},"loc":{"start":{"line":7,"column":40},"end":{"line":9,"column":5}}},"1":{"name":"(anonymous_9)","decl":{"start":{"line":11,"column":10},"end":{"line":11,"column":23}},"loc":{"start":{"line":11,"column":38},"end":{"line":13,"column":5}}},"2":{"name":"(anonymous_11)","decl":{"start":{"line":15,"column":10},"end":{"line":15,"column":19}},"loc":{"start":{"line":15,"column":31},"end":{"line":17,"column":5}}}},"branchMap":{},"s":{"0":3,"1":3,"2":3,"3":2,"4":2,"5":1,"6":3,"7":3},"f":{"0":2,"1":2,"2":1},"b":{}}
,"/home/alex/PhpstormProjects/astra-storage/AuthService/src/components/refresh-tokens/refresh-tokens.service.ts": {"path":"/home/alex/PhpstormProjects/astra-storage/AuthService/src/components/refresh-tokens/refresh-tokens.service.ts","statementMap":{"0":{"start":{"line":1,"column":0},"end":{"line":1,"column":43}},"1":{"start":{"line":2,"column":0},"end":{"line":2,"column":50}},"2":{"start":{"line":3,"column":0},"end":{"line":3,"column":40}},"3":{"start":{"line":4,"column":0},"end":{"line":4,"column":53}},"4":{"start":{"line":5,"column":0},"end":{"line":5,"column":67}},"5":{"start":{"line":9,"column":0},"end":{"line":41,"column":1}},"6":{"start":{"line":13,"column":21},"end":{"line":13,"column":69}},"7":{"start":{"line":14,"column":21},"end":{"line":14,"column":43}},"8":{"start":{"line":19,"column":32},"end":{"line":19,"column":90}},"9":{"start":{"line":20,"column":6},"end":{"line":22,"column":7}},"10":{"start":{"line":21,"column":9},"end":{"line":21,"column":34}},"11":{"start":{"line":24,"column":20},"end":{"line":24,"column":65}},"12":{"start":{"line":26,"column":27},"end":{"line":26,"column":45}},"13":{"start":{"line":27,"column":6},"end":{"line":27,"column":33}},"14":{"start":{"line":28,"column":6},"end":{"line":28,"column":35}},"15":{"start":{"line":30,"column":6},"end":{"line":30,"column":61}},"16":{"start":{"line":34,"column":6},"end":{"line":34,"column":64}},"17":{"start":{"line":38,"column":6},"end":{"line":38,"column":56}},"18":{"start":{"line":9,"column":13},"end":{"line":41,"column":1}},"19":{"start":{"line":9,"column":13},"end":{"line":9,"column":33}}},"fnMap":{"0":{"name":"(anonymous_10)","decl":{"start":{"line":11,"column":2},"end":{"line":13,"column":20}},"loc":{"start":{"line":14,"column":43},"end":{"line":15,"column":6}}},"1":{"name":"(anonymous_11)","decl":{"start":{"line":17,"column":8},"end":{"line":17,"column":16}},"loc":{"start":{"line":17,"column":64},"end":{"line":31,"column":3}}},"2":{"name":"(anonymous_13)","decl":{"start":{"line":33,"column":8},"end":{"line":33,"column":21}},"loc":{"start":{"line":33,"column":36},"end":{"line":35,"column":3}}},"3":{"name":"(anonymous_15)","decl":{"start":{"line":37,"column":8},"end":{"line":37,"column":17}},"loc":{"start":{"line":37,"column":29},"end":{"line":39,"column":3}}}},"branchMap":{"0":{"loc":{"start":{"line":20,"column":6},"end":{"line":22,"column":7}},"type":"if","locations":[{"start":{"line":20,"column":6},"end":{"line":22,"column":7}},{"start":{"line":20,"column":6},"end":{"line":22,"column":7}}]}},"s":{"0":2,"1":2,"2":2,"3":2,"4":2,"5":2,"6":7,"7":7,"8":4,"9":4,"10":2,"11":2,"12":2,"13":2,"14":2,"15":2,"16":2,"17":1,"18":2,"19":2},"f":{"0":7,"1":4,"2":2,"3":1},"b":{"0":[2,2]}}
,"/home/alex/PhpstormProjects/astra-storage/AuthService/src/components/refresh-tokens/tests/mocks.ts": {"path":"/home/alex/PhpstormProjects/astra-storage/AuthService/src/components/refresh-tokens/tests/mocks.ts","statementMap":{"0":{"start":{"line":1,"column":13},"end":{"line":5,"column":2}},"1":{"start":{"line":7,"column":13},"end":{"line":10,"column":2}},"2":{"start":{"line":12,"column":13},"end":{"line":17,"column":2}}},"fnMap":{},"branchMap":{},"s":{"0":3,"1":3,"2":3},"f":{},"b":{}}
,"/home/alex/PhpstormProjects/astra-storage/AuthService/src/components/user-auth/user-auth.service.ts": {"path":"/home/alex/PhpstormProjects/astra-storage/AuthService/src/components/user-auth/user-auth.service.ts","statementMap":{"0":{"start":{"line":1,"column":0},"end":{"line":1,"column":41}},"1":{"start":{"line":2,"column":0},"end":{"line":2,"column":71}},"2":{"start":{"line":3,"column":0},"end":{"line":3,"column":103}},"3":{"start":{"line":4,"column":0},"end":{"line":4,"column":50}},"4":{"start":{"line":5,"column":0},"end":{"line":5,"column":38}},"5":{"start":{"line":7,"column":0},"end":{"line":7,"column":57}},"6":{"start":{"line":8,"column":0},"end":{"line":8,"column":77}},"7":{"start":{"line":11,"column":0},"end":{"line":68,"column":1}},"8":{"start":{"line":17,"column":24},"end":{"line":17,"column":48}},"9":{"start":{"line":18,"column":24},"end":{"line":18,"column":46}},"10":{"start":{"line":19,"column":24},"end":{"line":19,"column":66}},"11":{"start":{"line":23,"column":28},"end":{"line":24,"column":24}},"12":{"start":{"line":26,"column":8},"end":{"line":28,"column":9}},"13":{"start":{"line":27,"column":12},"end":{"line":27,"column":60}},"14":{"start":{"line":30,"column":8},"end":{"line":32,"column":9}},"15":{"start":{"line":31,"column":12},"end":{"line":31,"column":60}},"16":{"start":{"line":34,"column":28},"end":{"line":34,"column":84}},"17":{"start":{"line":35,"column":29},"end":{"line":35,"column":104}},"18":{"start":{"line":37,"column":8},"end":{"line":41,"column":10}},"19":{"start":{"line":46,"column":35},"end":{"line":46,"column":95}},"20":{"start":{"line":48,"column":8},"end":{"line":50,"column":9}},"21":{"start":{"line":49,"column":12},"end":{"line":49,"column":67}},"22":{"start":{"line":52,"column":21},"end":{"line":54,"column":24}},"23":{"start":{"line":56,"column":8},"end":{"line":58,"column":9}},"24":{"start":{"line":57,"column":12},"end":{"line":57,"column":60}},"25":{"start":{"line":60,"column":28},"end":{"line":60,"column":84}},"26":{"start":{"line":62,"column":8},"end":{"line":66,"column":10}},"27":{"start":{"line":14,"column":4},"end":{"line":14,"column":46}},"28":{"start":{"line":11,"column":13},"end":{"line":68,"column":1}},"29":{"start":{"line":11,"column":13},"end":{"line":11,"column":28}}},"fnMap":{"0":{"name":"(anonymous_8)","decl":{"start":{"line":16,"column":4},"end":{"line":17,"column":23}},"loc":{"start":{"line":19,"column":66},"end":{"line":20,"column":8}}},"1":{"name":"(anonymous_9)","decl":{"start":{"line":22,"column":10},"end":{"line":22,"column":14}},"loc":{"start":{"line":22,"column":29},"end":{"line":42,"column":5}}},"2":{"name":"(anonymous_11)","decl":{"start":{"line":44,"column":10},"end":{"line":44,"column":22}},"loc":{"start":{"line":44,"column":44},"end":{"line":67,"column":5}}}},"branchMap":{"0":{"loc":{"start":{"line":26,"column":8},"end":{"line":28,"column":9}},"type":"if","locations":[{"start":{"line":26,"column":8},"end":{"line":28,"column":9}},{"start":{"line":26,"column":8},"end":{"line":28,"column":9}}]},"1":{"loc":{"start":{"line":30,"column":8},"end":{"line":32,"column":9}},"type":"if","locations":[{"start":{"line":30,"column":8},"end":{"line":32,"column":9}},{"start":{"line":30,"column":8},"end":{"line":32,"column":9}}]},"2":{"loc":{"start":{"line":48,"column":8},"end":{"line":50,"column":9}},"type":"if","locations":[{"start":{"line":48,"column":8},"end":{"line":50,"column":9}},{"start":{"line":48,"column":8},"end":{"line":50,"column":9}}]},"3":{"loc":{"start":{"line":56,"column":8},"end":{"line":58,"column":9}},"type":"if","locations":[{"start":{"line":56,"column":8},"end":{"line":58,"column":9}},{"start":{"line":56,"column":8},"end":{"line":58,"column":9}}]}},"s":{"0":1,"1":1,"2":1,"3":1,"4":1,"5":1,"6":1,"7":1,"8":13,"9":13,"10":13,"11":7,"12":7,"13":1,"14":6,"15":1,"16":5,"17":5,"18":5,"19":6,"20":6,"21":1,"22":5,"23":5,"24":1,"25":4,"26":4,"27":1,"28":1,"29":1},"f":{"0":13,"1":7,"2":6},"b":{"0":[1,6],"1":[1,5],"2":[1,5],"3":[1,4]}}
,"/home/alex/PhpstormProjects/astra-storage/AuthService/src/components/user-auth/tests/mocks.ts": {"path":"/home/alex/PhpstormProjects/astra-storage/AuthService/src/components/user-auth/tests/mocks.ts","statementMap":{"0":{"start":{"line":1,"column":13},"end":{"line":7,"column":2}},"1":{"start":{"line":3,"column":8},"end":{"line":5,"column":10}},"2":{"start":{"line":9,"column":13},"end":{"line":11,"column":2}},"3":{"start":{"line":13,"column":13},"end":{"line":15,"column":2}},"4":{"start":{"line":17,"column":13},"end":{"line":20,"column":2}},"5":{"start":{"line":22,"column":13},"end":{"line":28,"column":2}}},"fnMap":{},"branchMap":{},"s":{"0":3,"1":0,"2":3,"3":3,"4":3,"5":3},"f":{},"b":{}}
}
