TN:
SF:/home/alex/PhpstormProjects/astra-storage/AuthService/src/components/core/core.module.ts
FNF:0
FNH:0
DA:1,2
DA:2,2
DA:8,2
LF:3
LH:3
BRF:0
BRH:0
end_of_record
TN:
SF:/home/alex/PhpstormProjects/astra-storage/AuthService/src/components/project-account-auth/project-account-auth.service.ts
FN:21,(anonymous_8)
FN:26,(anonymous_9)
FNF:2
FNH:2
FNDA:6,(anonymous_8)
FNDA:6,(anonymous_9)
DA:1,1
DA:2,1
DA:9,1
DA:11,1
DA:12,1
DA:13,1
DA:16,1
DA:19,1
DA:22,6
DA:23,6
DA:27,6
DA:31,6
DA:32,1
DA:35,5
DA:36,1
DA:39,4
DA:45,4
LF:17
LH:17
BRDA:31,0,0,1
BRDA:31,0,1,5
BRDA:35,1,0,1
BRDA:35,1,1,4
BRF:4
BRH:4
end_of_record
TN:
SF:/home/alex/PhpstormProjects/astra-storage/AuthService/src/components/project-account-auth/tests/mocks.ts
FNF:0
FNH:0
DA:1,1
DA:3,0
DA:9,1
DA:13,1
DA:17,1
LF:5
LH:4
BRF:0
BRH:0
end_of_record
TN:
SF:/home/alex/PhpstormProjects/astra-storage/AuthService/src/components/project-auth/project-auth.service.ts
FN:14,(anonymous_8)
FN:18,(anonymous_9)
FNF:2
FNH:2
FNDA:4,(anonymous_8)
FNDA:4,(anonymous_9)
DA:1,1
DA:2,1
DA:3,1
DA:5,1
DA:6,1
DA:9,1
DA:12,1
DA:15,4
DA:19,4
DA:23,4
DA:24,1
DA:27,3
DA:28,3
LF:13
LH:13
BRDA:23,0,0,1
BRDA:23,0,1,3
BRF:2
BRH:2
end_of_record
TN:
SF:/home/alex/PhpstormProjects/astra-storage/AuthService/src/components/project-auth/tests/mocks.ts
FNF:0
FNH:0
DA:1,1
DA:3,0
DA:9,1
DA:13,1
DA:17,1
LF:5
LH:4
BRF:0
BRH:0
end_of_record
TN:
SF:/home/alex/PhpstormProjects/astra-storage/AuthService/src/components/refresh-tokens/refresh-token.entity.ts
FNF:0
FNH:0
DA:1,3
DA:4,3
DA:7,3
DA:11,3
DA:14,3
LF:5
LH:5
BRF:0
BRH:0
end_of_record
TN:
SF:/home/alex/PhpstormProjects/astra-storage/AuthService/src/components/refresh-tokens/refresh-tokens.repository.ts
FN:7,(anonymous_7)
FN:11,(anonymous_9)
FN:15,(anonymous_11)
FNF:3
FNH:3
FNDA:2,(anonymous_7)
FNDA:2,(anonymous_9)
FNDA:1,(anonymous_11)
DA:1,3
DA:2,3
DA:5,3
DA:8,2
DA:12,2
DA:16,1
LF:6
LH:6
BRF:0
BRH:0
end_of_record
TN:
SF:/home/alex/PhpstormProjects/astra-storage/AuthService/src/components/refresh-tokens/refresh-tokens.service.ts
FN:11,(anonymous_10)
FN:17,(anonymous_11)
FN:33,(anonymous_13)
FN:37,(anonymous_15)
FNF:4
FNH:4
FNDA:7,(anonymous_10)
FNDA:4,(anonymous_11)
FNDA:2,(anonymous_13)
FNDA:1,(anonymous_15)
DA:1,2
DA:2,2
DA:3,2
DA:4,2
DA:5,2
DA:9,2
DA:13,7
DA:14,7
DA:19,4
DA:20,4
DA:21,2
DA:24,2
DA:26,2
DA:27,2
DA:28,2
DA:30,2
DA:34,2
DA:38,1
LF:18
LH:18
BRDA:20,0,0,2
BRDA:20,0,1,2
BRF:2
BRH:2
end_of_record
TN:
SF:/home/alex/PhpstormProjects/astra-storage/AuthService/src/components/refresh-tokens/tests/mocks.ts
FNF:0
FNH:0
DA:1,3
DA:7,3
DA:12,3
LF:3
LH:3
BRF:0
BRH:0
end_of_record
TN:
SF:/home/alex/PhpstormProjects/astra-storage/AuthService/src/components/user-auth/user-auth.service.ts
FN:16,(anonymous_8)
FN:22,(anonymous_9)
FN:44,(anonymous_11)
FNF:3
FNH:3
FNDA:13,(anonymous_8)
FNDA:7,(anonymous_9)
FNDA:6,(anonymous_11)
DA:1,1
DA:2,1
DA:3,1
DA:4,1
DA:5,1
DA:7,1
DA:8,1
DA:11,1
DA:14,1
DA:17,13
DA:18,13
DA:19,13
DA:23,7
DA:26,7
DA:27,1
DA:30,6
DA:31,1
DA:34,5
DA:35,5
DA:37,5
DA:46,6
DA:48,6
DA:49,1
DA:52,5
DA:56,5
DA:57,1
DA:60,4
DA:62,4
LF:28
LH:28
BRDA:26,0,0,1
BRDA:26,0,1,6
BRDA:30,1,0,1
BRDA:30,1,1,5
BRDA:48,2,0,1
BRDA:48,2,1,5
BRDA:56,3,0,1
BRDA:56,3,1,4
BRF:8
BRH:8
end_of_record
TN:
SF:/home/alex/PhpstormProjects/astra-storage/AuthService/src/components/user-auth/tests/mocks.ts
FNF:0
FNH:0
DA:1,3
DA:3,0
DA:9,3
DA:13,3
DA:17,3
DA:22,3
LF:6
LH:5
BRF:0
BRH:0
end_of_record
